Log file open, 06/16/19 14:35:07
LogWindows: Failed to load 'aqProf.dll' (GetLastError=126)
LogWindows: File 'aqProf.dll' does not exist
LogWindows: Failed to load 'VtuneApi.dll' (GetLastError=126)
LogWindows: File 'VtuneApi.dll' does not exist
LogWindows: Failed to load 'VtuneApi32e.dll' (GetLastError=126)
LogWindows: File 'VtuneApi32e.dll' does not exist
LogConsoleResponse: Display: Failed to find resolution value strings in scalability ini. Falling back to default.
LogInit: Display: Running engine for game: BaseCityBlock
LogPakFile: Registered encryption key '00000000000000000000000000000000': 0 pak files mounted, 0 remain pending
LogPlatformFile: Not using cached read wrapper
LogTaskGraph: Started task graph with 5 named threads and 23 total threads with 3 sets of task threads.
LogStats: Stats thread started at 0.292500
LogD3D11RHI: Loaded GFSDK_Aftermath_Lib.x64.dll
LogICUInternationalization: ICU TimeZone Detection - Raw Offset: -7:00, Platform Override: ''
LogPluginManager: Mounting plugin Paper2D
LogPluginManager: Mounting plugin AISupport
LogPluginManager: Mounting plugin LightPropagationVolume
LogPluginManager: Mounting plugin ActorLayerUtilities
LogPluginManager: Mounting plugin AnimationSharing
LogPluginManager: Mounting plugin CLionSourceCodeAccess
LogPluginManager: Mounting plugin CodeLiteSourceCodeAccess
LogPluginManager: Mounting plugin GitSourceControl
LogPluginManager: Mounting plugin KDevelopSourceCodeAccess
LogPluginManager: Mounting plugin NullSourceCodeAccess
LogPluginManager: Mounting plugin PerforceSourceControl
LogPluginManager: Mounting plugin SubversionSourceControl
LogPluginManager: Mounting plugin UObjectPlugin
LogPluginManager: Mounting plugin VisualStudioCodeSourceCodeAccess
LogPluginManager: Mounting plugin VisualStudioSourceCodeAccess
LogPluginManager: Mounting plugin XCodeSourceCodeAccess
LogPluginManager: Mounting plugin AssetManagerEditor
LogPluginManager: Mounting plugin CryptoKeys
LogPluginManager: Mounting plugin DataValidation
LogPluginManager: Mounting plugin FacialAnimation
LogPluginManager: Mounting plugin GameplayTagsEditor
LogPluginManager: Mounting plugin MacGraphicsSwitching
LogPluginManager: Mounting plugin MaterialAnalyzer
LogPluginManager: Mounting plugin MobileLauncherProfileWizard
LogPluginManager: Mounting plugin PluginBrowser
LogPluginManager: Mounting plugin SpeedTreeImporter
LogPluginManager: Mounting plugin DatasmithContent
LogPluginManager: Mounting plugin VariantManagerContent
LogPluginManager: Mounting plugin AlembicImporter
LogPluginManager: Mounting plugin AppleImageUtils
LogPluginManager: Mounting plugin AppleVision
LogPluginManager: Mounting plugin BackChannel
LogPluginManager: Mounting plugin CharacterAI
LogPluginManager: Mounting plugin GeometryCache
LogPluginManager: Mounting plugin HTML5Networking
LogPluginManager: Mounting plugin ProxyLODPlugin
LogPluginManager: Mounting plugin SkeletalReduction
LogPluginManager: Mounting plugin MagicLeap
LogPluginManager: Mounting plugin MagicLeapMedia
LogPluginManager: Mounting plugin AndroidMedia
LogPluginManager: Mounting plugin AvfMedia
LogPluginManager: Mounting plugin ImgMedia
LogPluginManager: Mounting plugin LinearTimecode
LogPluginManager: Mounting plugin MediaCompositing
LogPluginManager: Mounting plugin MediaPlayerEditor
LogPluginManager: Mounting plugin WebMMedia
LogPluginManager: Mounting plugin WmfMedia
LogPluginManager: Mounting plugin TcpMessaging
LogPluginManager: Mounting plugin UdpMessaging
LogPluginManager: Mounting plugin ActorSequence
LogPluginManager: Mounting plugin LevelSequenceEditor
LogPluginManager: Mounting plugin MatineeToLevelSequence
LogPluginManager: Mounting plugin NetcodeUnitTest
LogPluginManager: Mounting plugin NUTUnrealEngine4
LogPluginManager: Mounting plugin OnlineSubsystemGooglePlay
LogPluginManager: Mounting plugin OnlineSubsystemIOS
LogPluginManager: Mounting plugin OnlineSubsystem
LogPluginManager: Mounting plugin OnlineSubsystemNull
LogPluginManager: Mounting plugin OnlineSubsystemUtils
LogPluginManager: Mounting plugin LauncherChunkInstaller
LogPluginManager: Mounting plugin AndroidDeviceProfileSelector
LogPluginManager: Mounting plugin AndroidMoviePlayer
LogPluginManager: Mounting plugin AndroidPermission
LogPluginManager: Mounting plugin AppleMoviePlayer
LogPluginManager: Mounting plugin ArchVisCharacter
LogPluginManager: Mounting plugin AudioCapture
LogPluginManager: Mounting plugin CableComponent
LogPluginManager: Mounting plugin CustomMeshComponent
LogPluginManager: Mounting plugin EditableMesh
LogPluginManager: Mounting plugin ExampleDeviceProfileSelector
LogPluginManager: Mounting plugin Firebase
LogPluginManager: Mounting plugin GoogleCloudMessaging
LogPluginManager: Mounting plugin IOSDeviceProfileSelector
LogPluginManager: Mounting plugin LinuxDeviceProfileSelector
LogPluginManager: Mounting plugin LocationServicesBPLibrary
LogPluginManager: Mounting plugin MobilePatchingUtils
LogPluginManager: Mounting plugin OculusVR
LogPluginManager: Mounting plugin PhysXVehicles
LogPluginManager: Mounting plugin ProceduralMeshComponent
LogPluginManager: Mounting plugin RuntimePhysXCooking
LogPluginManager: Mounting plugin SignificanceManager
LogPluginManager: Mounting plugin SteamVR
LogPluginManager: Mounting plugin WebMMoviePlayer
LogPluginManager: Mounting plugin WindowsMoviePlayer
LogInit: Using libcurl 7.55.1-DEV
LogInit:  - built for x86_64-pc-win32
LogInit:  - supports SSL with OpenSSL/1.1.1
LogInit:  - supports HTTP deflate (compression) using libz 1.2.8
LogInit:  - other features:
LogInit:      CURL_VERSION_SSL
LogInit:      CURL_VERSION_LIBZ
LogInit:      CURL_VERSION_IPV6
LogInit:      CURL_VERSION_ASYNCHDNS
LogInit:      CURL_VERSION_LARGEFILE
LogInit:      CURL_VERSION_IDN
LogInit:  CurlRequestOptions (configurable via config and command line):
LogInit:  - bVerifyPeer = true  - Libcurl will verify peer certificate
LogInit:  - bUseHttpProxy = false  - Libcurl will NOT use HTTP proxy
LogInit:  - bDontReuseConnections = false  - Libcurl will reuse connections
LogInit:  - MaxHostConnections = 16  - Libcurl will limit the number of connections to a host
LogInit:  - LocalHostAddr = Default
LogInit:  - BufferSize = 65536
LogInit: WinSock: version 1.1 (2.2), MaxSocks=32767, MaxUdp=65467
LogInit: Build: ++UE4+Release-4.22-CL-6574378
LogInit: Engine Version: 4.22.2-6574378+++UE4+Release-4.22
LogInit: Compatible Engine Version: 4.22.0-5660361+++UE4+Release-4.22
LogInit: Net CL: 5660361
LogInit: OS: Windows 10 (Release 1809) (), CPU: Intel(R) Core(TM) i7-4790K CPU @ 4.00GHz, GPU: NVIDIA GeForce GTX 1070
LogInit: Compiled (64-bit): May 20 2019 09:54:56
LogInit: Compiled with Visual C++: 19.16.27025.01
LogInit: Build Configuration: Development
LogInit: Branch Name: ++UE4+Release-4.22
LogInit: Command Line:  -EpicPortal -epicusername=Ikariouss -epicuserid=a3cfd7fdd0724795a0624a34ba144df0 -epiclocale=en-US
LogInit: Base Directory: C:/Program Files/Epic Games/UE_4.22/Engine/Binaries/Win64/
LogInit: Installed Engine Build: 1
LogDevObjectVersion: Number of dev versions registered: 23
LogDevObjectVersion:   Dev-Blueprints (B0D832E4-1F89-4F0D-ACCF-7EB736FD4AA2): 10
LogDevObjectVersion:   Dev-Build (E1C64328-A22C-4D53-A36C-8E866417BD8C): 0
LogDevObjectVersion:   Dev-Core (375EC13C-06E4-48FB-B500-84F0262A717E): 3
LogDevObjectVersion:   Dev-Editor (E4B068ED-F494-42E9-A231-DA0B2E46BB41): 30
LogDevObjectVersion:   Dev-Framework (CFFC743F-43B0-4480-9391-14DF171D2073): 35
LogDevObjectVersion:   Dev-Mobile (B02B49B5-BB20-44E9-A304-32B752E40360): 2
LogDevObjectVersion:   Dev-Networking (A4E4105C-59A1-49B5-A7C5-40C4547EDFEE): 0
LogDevObjectVersion:   Dev-Online (39C831C9-5AE6-47DC-9A44-9C173E1C8E7C): 0
LogDevObjectVersion:   Dev-Physics (78F01B33-EBEA-4F98-B9B4-84EACCB95AA2): 0
LogDevObjectVersion:   Dev-Platform (6631380F-2D4D-43E0-8009-CF276956A95A): 0
LogDevObjectVersion:   Dev-Rendering (12F88B9F-8875-4AFC-A67C-D90C383ABD29): 28
LogDevObjectVersion:   Dev-Sequencer (7B5AE74C-D270-4C10-A958-57980B212A5A): 11
LogDevObjectVersion:   Dev-VR (D7296918-1DD6-4BDD-9DE2-64A83CC13884): 2
LogDevObjectVersion:   Dev-LoadTimes (C2A15278-BFE7-4AFE-6C17-90FF531DF755): 1
LogDevObjectVersion:   Private-Geometry (6EACA3D4-40EC-4CC1-B786-8BED09428FC5): 3
LogDevObjectVersion:   Dev-AnimPhys (29E575DD-E0A3-4627-9D10-D276232CDCEA): 17
LogDevObjectVersion:   Dev-Anim (AF43A65D-7FD3-4947-9873-3E8ED9C1BB05): 2
LogDevObjectVersion:   Dev-ReflectionCapture (6B266CEC-1EC7-4B8F-A30B-E4D90942FC07): 1
LogDevObjectVersion:   Dev-Automation (0DF73D61-A23F-47EA-B727-89E90C41499A): 1
LogDevObjectVersion:   FortniteMain (601D1886-AC64-4F84-AA16-D3DE0DEAC7D6): 25
LogDevObjectVersion:   Dev-Enterprise (9DFFBCD6-494F-0158-E221-12823C92A888): 6
LogDevObjectVersion:   Dev-Niagara (F2AED0AC-9AFE-416F-8664-AA7FFA26D6FC): 1
LogDevObjectVersion:   Dev-Destruction (174F1F0B-B4C6-45A5-B13F-2EE8D0FB917D): 2
LogInit: Presizing for max 16777216 objects, including 0 objects not considered by GC, pre-allocating 0 bytes for permanent pool.
LogInit: Object subsystem initialized
LogConfig: Setting CVar [[con.DebugEarlyDefault:1]]
LogConfig: Setting CVar [[r.setres:1280x720]]
[2019.06.16-20.35.08:488][  0]LogConfig: Setting CVar [[r.VSync:0]]
[2019.06.16-20.35.08:488][  0]LogConfig: Setting CVar [[r.RHICmdBypass:0]]
[2019.06.16-20.35.08:488][  0]LogConfig: Applying CVar settings from Section [/Script/Engine.RendererSettings] File [F:/Users/Jacob/School/EAE_3010 Asset Pipelines/Unreal_Projects/City_Block/BaseBlock/BaseCityBlock/Saved/Config/Windows/Engine.ini]
[2019.06.16-20.35.08:488][  0]LogConfig: Setting CVar [[r.GPUCrashDebugging:0]]
[2019.06.16-20.35.08:488][  0]LogConfig: Applying CVar settings from Section [/Script/Engine.RendererOverrideSettings] File [F:/Users/Jacob/School/EAE_3010 Asset Pipelines/Unreal_Projects/City_Block/BaseBlock/BaseCityBlock/Saved/Config/Windows/Engine.ini]
[2019.06.16-20.35.08:488][  0]LogConfig: Applying CVar settings from Section [/Script/Engine.StreamingSettings] File [F:/Users/Jacob/School/EAE_3010 Asset Pipelines/Unreal_Projects/City_Block/BaseBlock/BaseCityBlock/Saved/Config/Windows/Engine.ini]
[2019.06.16-20.35.08:488][  0]LogConfig: Setting CVar [[s.MinBulkDataSizeForAsyncLoading:131072]]
[2019.06.16-20.35.08:488][  0]LogConfig: Setting CVar [[s.AsyncLoadingThreadEnabled:0]]
[2019.06.16-20.35.08:488][  0]LogConfig: Setting CVar [[s.EventDrivenLoaderEnabled:1]]
[2019.06.16-20.35.08:488][  0]LogConfig: Setting CVar [[s.WarnIfTimeLimitExceeded:0]]
[2019.06.16-20.35.08:488][  0]LogConfig: Setting CVar [[s.TimeLimitExceededMultiplier:1.5]]
[2019.06.16-20.35.08:488][  0]LogConfig: Setting CVar [[s.TimeLimitExceededMinTime:0.005]]
[2019.06.16-20.35.08:488][  0]LogConfig: Setting CVar [[s.UseBackgroundLevelStreaming:1]]
[2019.06.16-20.35.08:488][  0]LogConfig: Setting CVar [[s.PriorityAsyncLoadingExtraTime:15.0]]
[2019.06.16-20.35.08:488][  0]LogConfig: Setting CVar [[s.LevelStreamingActorsUpdateTimeLimit:5.0]]
[2019.06.16-20.35.08:488][  0]LogConfig: Setting CVar [[s.PriorityLevelStreamingActorsUpdateExtraTime:5.0]]
[2019.06.16-20.35.08:488][  0]LogConfig: Setting CVar [[s.LevelStreamingComponentsRegistrationGranularity:10]]
[2019.06.16-20.35.08:488][  0]LogConfig: Setting CVar [[s.UnregisterComponentsTimeLimit:1.0]]
[2019.06.16-20.35.08:488][  0]LogConfig: Setting CVar [[s.LevelStreamingComponentsUnregistrationGranularity:5]]
[2019.06.16-20.35.08:488][  0]LogConfig: Applying CVar settings from Section [/Script/Engine.GarbageCollectionSettings] File [F:/Users/Jacob/School/EAE_3010 Asset Pipelines/Unreal_Projects/City_Block/BaseBlock/BaseCityBlock/Saved/Config/Windows/Engine.ini]
[2019.06.16-20.35.08:488][  0]LogConfig: Setting CVar [[gc.MaxObjectsNotConsideredByGC:1]]
[2019.06.16-20.35.08:488][  0]LogConfig: Setting CVar [[gc.SizeOfPermanentObjectPool:0]]
[2019.06.16-20.35.08:488][  0]LogConfig: Setting CVar [[gc.FlushStreamingOnGC:0]]
[2019.06.16-20.35.08:488][  0]LogConfig: Setting CVar [[gc.NumRetriesBeforeForcingGC:10]]
[2019.06.16-20.35.08:488][  0]LogConfig: Setting CVar [[gc.AllowParallelGC:1]]
[2019.06.16-20.35.08:488][  0]LogConfig: Setting CVar [[gc.TimeBetweenPurgingPendingKillObjects:61.1]]
[2019.06.16-20.35.08:488][  0]LogConfig: Setting CVar [[gc.MaxObjectsInEditor:16777216]]
[2019.06.16-20.35.08:488][  0]LogConfig: Setting CVar [[gc.IncrementalBeginDestroyEnabled:1]]
[2019.06.16-20.35.08:488][  0]LogConfig: Setting CVar [[gc.CreateGCClusters:1]]
[2019.06.16-20.35.08:488][  0]LogConfig: Setting CVar [[gc.MinGCClusterSize:5]]
[2019.06.16-20.35.08:488][  0]LogConfig: Setting CVar [[gc.ActorClusteringEnabled:0]]
[2019.06.16-20.35.08:488][  0]LogConfig: Setting CVar [[gc.BlueprintClusteringEnabled:0]]
[2019.06.16-20.35.08:488][  0]LogConfig: Setting CVar [[gc.UseDisregardForGCOnDedicatedServers:0]]
[2019.06.16-20.35.08:488][  0]LogConfig: Applying CVar settings from Section [/Script/Engine.NetworkSettings] File [F:/Users/Jacob/School/EAE_3010 Asset Pipelines/Unreal_Projects/City_Block/BaseBlock/BaseCityBlock/Saved/Config/Windows/Engine.ini]
[2019.06.16-20.35.08:488][  0]LogConfig: Applying CVar settings from Section [/Script/UnrealEd.CookerSettings] File [F:/Users/Jacob/School/EAE_3010 Asset Pipelines/Unreal_Projects/City_Block/BaseBlock/BaseCityBlock/Saved/Config/Windows/Engine.ini]
[2019.06.16-20.35.08:495][  0]LogConfig: Applying CVar settings from Section [ViewDistanceQuality@3] File [F:/Users/Jacob/School/EAE_3010 Asset Pipelines/Unreal_Projects/City_Block/BaseBlock/BaseCityBlock/Saved/Config/Windows/Scalability.ini]
[2019.06.16-20.35.08:495][  0]LogConfig: Setting CVar [[r.SkeletalMeshLODBias:0]]
[2019.06.16-20.35.08:495][  0]LogConfig: Setting CVar [[r.ViewDistanceScale:1.0]]
[2019.06.16-20.35.08:495][  0]LogConfig: Applying CVar settings from Section [AntiAliasingQuality@3] File [F:/Users/Jacob/School/EAE_3010 Asset Pipelines/Unreal_Projects/City_Block/BaseBlock/BaseCityBlock/Saved/Config/Windows/Scalability.ini]
[2019.06.16-20.35.08:495][  0]LogConfig: Setting CVar [[r.PostProcessAAQuality:4]]
[2019.06.16-20.35.08:495][  0]LogConfig: Applying CVar settings from Section [ShadowQuality@3] File [F:/Users/Jacob/School/EAE_3010 Asset Pipelines/Unreal_Projects/City_Block/BaseBlock/BaseCityBlock/Saved/Config/Windows/Scalability.ini]
[2019.06.16-20.35.08:495][  0]LogConfig: Setting CVar [[r.LightFunctionQuality:1]]
[2019.06.16-20.35.08:495][  0]LogConfig: Setting CVar [[r.ShadowQuality:5]]
[2019.06.16-20.35.08:495][  0]LogConfig: Setting CVar [[r.Shadow.CSM.MaxCascades:10]]
[2019.06.16-20.35.08:495][  0]LogConfig: Setting CVar [[r.Shadow.MaxResolution:2048]]
[2019.06.16-20.35.08:495][  0]LogConfig: Setting CVar [[r.Shadow.MaxCSMResolution:2048]]
[2019.06.16-20.35.08:495][  0]LogConfig: Setting CVar [[r.Shadow.RadiusThreshold:0.01]]
[2019.06.16-20.35.08:496][  0]LogConfig: Setting CVar [[r.Shadow.DistanceScale:1.0]]
[2019.06.16-20.35.08:496][  0]LogConfig: Setting CVar [[r.Shadow.CSM.TransitionScale:1.0]]
[2019.06.16-20.35.08:496][  0]LogConfig: Setting CVar [[r.Shadow.PreShadowResolutionFactor:1.0]]
[2019.06.16-20.35.08:496][  0]LogConfig: Setting CVar [[r.DistanceFieldShadowing:1]]
[2019.06.16-20.35.08:496][  0]LogConfig: Setting CVar [[r.DistanceFieldAO:1]]
[2019.06.16-20.35.08:496][  0]LogConfig: Setting CVar [[r.AOQuality:2]]
[2019.06.16-20.35.08:496][  0]LogConfig: Setting CVar [[r.VolumetricFog:1]]
[2019.06.16-20.35.08:496][  0]LogConfig: Setting CVar [[r.VolumetricFog.GridPixelSize:8]]
[2019.06.16-20.35.08:496][  0]LogConfig: Setting CVar [[r.VolumetricFog.GridSizeZ:128]]
[2019.06.16-20.35.08:496][  0]LogConfig: Setting CVar [[r.VolumetricFog.HistoryMissSupersampleCount:4]]
[2019.06.16-20.35.08:496][  0]LogConfig: Setting CVar [[r.LightMaxDrawDistanceScale:1]]
[2019.06.16-20.35.08:496][  0]LogConfig: Setting CVar [[r.CapsuleShadows:1]]
[2019.06.16-20.35.08:496][  0]LogConfig: Applying CVar settings from Section [PostProcessQuality@3] File [F:/Users/Jacob/School/EAE_3010 Asset Pipelines/Unreal_Projects/City_Block/BaseBlock/BaseCityBlock/Saved/Config/Windows/Scalability.ini]
[2019.06.16-20.35.08:496][  0]LogConfig: Setting CVar [[r.MotionBlurQuality:4]]
[2019.06.16-20.35.08:496][  0]LogConfig: Setting CVar [[r.AmbientOcclusionMipLevelFactor:0.4]]
[2019.06.16-20.35.08:496][  0]LogConfig: Setting CVar [[r.AmbientOcclusionMaxQuality:100]]
[2019.06.16-20.35.08:496][  0]LogConfig: Setting CVar [[r.AmbientOcclusionLevels:-1]]
[2019.06.16-20.35.08:496][  0]LogConfig: Setting CVar [[r.AmbientOcclusionRadiusScale:1.0]]
[2019.06.16-20.35.08:496][  0]LogConfig: Setting CVar [[r.DepthOfFieldQuality:2]]
[2019.06.16-20.35.08:496][  0]LogConfig: Setting CVar [[r.RenderTargetPoolMin:400]]
[2019.06.16-20.35.08:496][  0]LogConfig: Setting CVar [[r.LensFlareQuality:2]]
[2019.06.16-20.35.08:496][  0]LogConfig: Setting CVar [[r.SceneColorFringeQuality:1]]
[2019.06.16-20.35.08:496][  0]LogConfig: Setting CVar [[r.EyeAdaptationQuality:2]]
[2019.06.16-20.35.08:496][  0]LogConfig: Setting CVar [[r.BloomQuality:5]]
[2019.06.16-20.35.08:496][  0]LogConfig: Setting CVar [[r.FastBlurThreshold:100]]
[2019.06.16-20.35.08:496][  0]LogConfig: Setting CVar [[r.Upscale.Quality:3]]
[2019.06.16-20.35.08:496][  0]LogConfig: Setting CVar [[r.Tonemapper.GrainQuantization:1]]
[2019.06.16-20.35.08:496][  0]LogConfig: Setting CVar [[r.LightShaftQuality:1]]
[2019.06.16-20.35.08:496][  0]LogConfig: Setting CVar [[r.Filter.SizeScale:1]]
[2019.06.16-20.35.08:496][  0]LogConfig: Setting CVar [[r.Tonemapper.Quality:5]]
[2019.06.16-20.35.08:496][  0]LogConfig: Setting CVar [[r.DOF.Gather.AccumulatorQuality:1        ; higher gathering accumulator quality]]
[2019.06.16-20.35.08:496][  0]LogConfig: Setting CVar [[r.DOF.Gather.PostfilterMethod:1          ; Median3x3 postfilering method]]
[2019.06.16-20.35.08:496][  0]LogConfig: Setting CVar [[r.DOF.Gather.EnableBokehSettings:0       ; no bokeh simulation when gathering]]
[2019.06.16-20.35.08:496][  0]LogConfig: Setting CVar [[r.DOF.Gather.RingCount:4                 ; medium number of samples when gathering]]
[2019.06.16-20.35.08:496][  0]LogConfig: Setting CVar [[r.DOF.Scatter.ForegroundCompositing:1    ; additive foreground scattering]]
[2019.06.16-20.35.08:496][  0]LogConfig: Setting CVar [[r.DOF.Scatter.BackgroundCompositing:2    ; additive background scattering]]
[2019.06.16-20.35.08:496][  0]LogConfig: Setting CVar [[r.DOF.Scatter.EnableBokehSettings:1      ; bokeh simulation when scattering]]
[2019.06.16-20.35.08:496][  0]LogConfig: Setting CVar [[r.DOF.Scatter.MaxSpriteRatio:0.1         ; only a maximum of 10% of scattered bokeh]]
[2019.06.16-20.35.08:496][  0]LogConfig: Setting CVar [[r.DOF.Recombine.Quality:1                ; cheap slight out of focus]]
[2019.06.16-20.35.08:496][  0]LogConfig: Setting CVar [[r.DOF.Recombine.EnableBokehSettings:0    ; no bokeh simulation on slight out of focus]]
[2019.06.16-20.35.08:496][  0]LogConfig: Setting CVar [[r.DOF.TemporalAAQuality:1                ; more stable temporal accumulation]]
[2019.06.16-20.35.08:496][  0]LogConfig: Setting CVar [[r.DOF.Kernel.MaxForegroundRadius:0.025]]
[2019.06.16-20.35.08:496][  0]LogConfig: Setting CVar [[r.DOF.Kernel.MaxBackgroundRadius:0.025]]
[2019.06.16-20.35.08:496][  0]LogConfig: Applying CVar settings from Section [TextureQuality@3] File [F:/Users/Jacob/School/EAE_3010 Asset Pipelines/Unreal_Projects/City_Block/BaseBlock/BaseCityBlock/Saved/Config/Windows/Scalability.ini]
[2019.06.16-20.35.08:496][  0]LogConfig: Setting CVar [[r.Streaming.MipBias:0]]
[2019.06.16-20.35.08:496][  0]LogConfig: Setting CVar [[r.Streaming.AmortizeCPUToGPUCopy:0]]
[2019.06.16-20.35.08:496][  0]LogConfig: Setting CVar [[r.Streaming.MaxNumTexturesToStreamPerFrame:0]]
[2019.06.16-20.35.08:496][  0]LogConfig: Setting CVar [[r.Streaming.Boost:1]]
[2019.06.16-20.35.08:496][  0]LogConfig: Setting CVar [[r.MaxAnisotropy:8]]
[2019.06.16-20.35.08:496][  0]LogConfig: Setting CVar [[r.Streaming.LimitPoolSizeToVRAM:0]]
[2019.06.16-20.35.08:496][  0]LogConfig: Setting CVar [[r.Streaming.PoolSize:1000]]
[2019.06.16-20.35.08:496][  0]LogConfig: Setting CVar [[r.Streaming.MaxEffectiveScreenSize:0]]
[2019.06.16-20.35.08:496][  0]LogConfig: Applying CVar settings from Section [EffectsQuality@3] File [F:/Users/Jacob/School/EAE_3010 Asset Pipelines/Unreal_Projects/City_Block/BaseBlock/BaseCityBlock/Saved/Config/Windows/Scalability.ini]
[2019.06.16-20.35.08:496][  0]LogConfig: Setting CVar [[r.TranslucencyLightingVolumeDim:64]]
[2019.06.16-20.35.08:496][  0]LogConfig: Setting CVar [[r.RefractionQuality:2]]
[2019.06.16-20.35.08:496][  0]LogConfig: Setting CVar [[r.SSR.Quality:3]]
[2019.06.16-20.35.08:496][  0]LogConfig: Setting CVar [[r.SceneColorFormat:4]]
[2019.06.16-20.35.08:496][  0]LogConfig: Setting CVar [[r.DetailMode:2]]
[2019.06.16-20.35.08:496][  0]LogConfig: Setting CVar [[r.TranslucencyVolumeBlur:1]]
[2019.06.16-20.35.08:496][  0]LogConfig: Setting CVar [[r.MaterialQualityLevel:1 ; High quality]]
[2019.06.16-20.35.08:496][  0]LogConfig: Setting CVar [[r.SSS.Scale:1]]
[2019.06.16-20.35.08:496][  0]LogConfig: Setting CVar [[r.SSS.SampleSet:2]]
[2019.06.16-20.35.08:496][  0]LogConfig: Setting CVar [[r.SSS.Quality:1]]
[2019.06.16-20.35.08:496][  0]LogConfig: Setting CVar [[r.SSS.HalfRes:1]]
[2019.06.16-20.35.08:496][  0]LogConfig: Setting CVar [[r.EmitterSpawnRateScale:1.0]]
[2019.06.16-20.35.08:496][  0]LogConfig: Setting CVar [[r.ParticleLightQuality:2]]
[2019.06.16-20.35.08:496][  0]LogConfig: Applying CVar settings from Section [FoliageQuality@3] File [F:/Users/Jacob/School/EAE_3010 Asset Pipelines/Unreal_Projects/City_Block/BaseBlock/BaseCityBlock/Saved/Config/Windows/Scalability.ini]
[2019.06.16-20.35.08:496][  0]LogConfig: Setting CVar [[foliage.DensityScale:1.0]]
[2019.06.16-20.35.08:496][  0]LogConfig: Setting CVar [[grass.DensityScale:1.0]]
[2019.06.16-20.35.08:496][  0]LogInit: Selected Device Profile: [Windows]
[2019.06.16-20.35.08:496][  0]LogInit: Applying CVar settings loaded from the selected device profile: [Windows]
[2019.06.16-20.35.08:572][  0]LogHAL: Display: Platform has ~ 32 GB [34284154880 / 34359738368 / 32], which maps to Largest [LargestMinGB=32, LargerMinGB=12, DefaultMinGB=8, SmallerMinGB=6, SmallestMinGB=0)
[2019.06.16-20.35.08:572][  0]LogConfig: Setting CVar [[r.Vulkan.UseRealUBs:0		; Required until we fix HLR fall-out]]
[2019.06.16-20.35.08:572][  0]LogInit: Going up to parent DeviceProfile []
[2019.06.16-20.35.08:572][  0]LogConfig: Applying CVar settings from Section [ViewDistanceQuality@3] File [F:/Users/Jacob/School/EAE_3010 Asset Pipelines/Unreal_Projects/City_Block/BaseBlock/BaseCityBlock/Saved/Config/Windows/Scalability.ini]
[2019.06.16-20.35.08:572][  0]LogConfig: Setting CVar [[r.SkeletalMeshLODBias:0]]
[2019.06.16-20.35.08:572][  0]LogConfig: Setting CVar [[r.ViewDistanceScale:1.0]]
[2019.06.16-20.35.08:572][  0]LogConfig: Applying CVar settings from Section [AntiAliasingQuality@3] File [F:/Users/Jacob/School/EAE_3010 Asset Pipelines/Unreal_Projects/City_Block/BaseBlock/BaseCityBlock/Saved/Config/Windows/Scalability.ini]
[2019.06.16-20.35.08:572][  0]LogConfig: Setting CVar [[r.PostProcessAAQuality:4]]
[2019.06.16-20.35.08:572][  0]LogConfig: Applying CVar settings from Section [ShadowQuality@3] File [F:/Users/Jacob/School/EAE_3010 Asset Pipelines/Unreal_Projects/City_Block/BaseBlock/BaseCityBlock/Saved/Config/Windows/Scalability.ini]
[2019.06.16-20.35.08:572][  0]LogConfig: Setting CVar [[r.LightFunctionQuality:1]]
[2019.06.16-20.35.08:572][  0]LogConfig: Setting CVar [[r.ShadowQuality:5]]
[2019.06.16-20.35.08:572][  0]LogConfig: Setting CVar [[r.Shadow.CSM.MaxCascades:10]]
[2019.06.16-20.35.08:572][  0]LogConfig: Setting CVar [[r.Shadow.MaxResolution:2048]]
[2019.06.16-20.35.08:572][  0]LogConfig: Setting CVar [[r.Shadow.MaxCSMResolution:2048]]
[2019.06.16-20.35.08:572][  0]LogConfig: Setting CVar [[r.Shadow.RadiusThreshold:0.01]]
[2019.06.16-20.35.08:572][  0]LogConfig: Setting CVar [[r.Shadow.DistanceScale:1.0]]
[2019.06.16-20.35.08:572][  0]LogConfig: Setting CVar [[r.Shadow.CSM.TransitionScale:1.0]]
[2019.06.16-20.35.08:572][  0]LogConfig: Setting CVar [[r.Shadow.PreShadowResolutionFactor:1.0]]
[2019.06.16-20.35.08:572][  0]LogConfig: Setting CVar [[r.DistanceFieldShadowing:1]]
[2019.06.16-20.35.08:572][  0]LogConfig: Setting CVar [[r.DistanceFieldAO:1]]
[2019.06.16-20.35.08:572][  0]LogConfig: Setting CVar [[r.AOQuality:2]]
[2019.06.16-20.35.08:572][  0]LogConfig: Setting CVar [[r.VolumetricFog:1]]
[2019.06.16-20.35.08:572][  0]LogConfig: Setting CVar [[r.VolumetricFog.GridPixelSize:8]]
[2019.06.16-20.35.08:572][  0]LogConfig: Setting CVar [[r.VolumetricFog.GridSizeZ:128]]
[2019.06.16-20.35.08:572][  0]LogConfig: Setting CVar [[r.VolumetricFog.HistoryMissSupersampleCount:4]]
[2019.06.16-20.35.08:572][  0]LogConfig: Setting CVar [[r.LightMaxDrawDistanceScale:1]]
[2019.06.16-20.35.08:572][  0]LogConfig: Setting CVar [[r.CapsuleShadows:1]]
[2019.06.16-20.35.08:573][  0]LogConfig: Applying CVar settings from Section [PostProcessQuality@3] File [F:/Users/Jacob/School/EAE_3010 Asset Pipelines/Unreal_Projects/City_Block/BaseBlock/BaseCityBlock/Saved/Config/Windows/Scalability.ini]
[2019.06.16-20.35.08:573][  0]LogConfig: Setting CVar [[r.MotionBlurQuality:4]]
[2019.06.16-20.35.08:573][  0]LogConfig: Setting CVar [[r.AmbientOcclusionMipLevelFactor:0.4]]
[2019.06.16-20.35.08:573][  0]LogConfig: Setting CVar [[r.AmbientOcclusionMaxQuality:100]]
[2019.06.16-20.35.08:573][  0]LogConfig: Setting CVar [[r.AmbientOcclusionLevels:-1]]
[2019.06.16-20.35.08:573][  0]LogConfig: Setting CVar [[r.AmbientOcclusionRadiusScale:1.0]]
[2019.06.16-20.35.08:573][  0]LogConfig: Setting CVar [[r.DepthOfFieldQuality:2]]
[2019.06.16-20.35.08:573][  0]LogConfig: Setting CVar [[r.RenderTargetPoolMin:400]]
[2019.06.16-20.35.08:573][  0]LogConfig: Setting CVar [[r.LensFlareQuality:2]]
[2019.06.16-20.35.08:573][  0]LogConfig: Setting CVar [[r.SceneColorFringeQuality:1]]
[2019.06.16-20.35.08:573][  0]LogConfig: Setting CVar [[r.EyeAdaptationQuality:2]]
[2019.06.16-20.35.08:573][  0]LogConfig: Setting CVar [[r.BloomQuality:5]]
[2019.06.16-20.35.08:573][  0]LogConfig: Setting CVar [[r.FastBlurThreshold:100]]
[2019.06.16-20.35.08:573][  0]LogConfig: Setting CVar [[r.Upscale.Quality:3]]
[2019.06.16-20.35.08:573][  0]LogConfig: Setting CVar [[r.Tonemapper.GrainQuantization:1]]
[2019.06.16-20.35.08:573][  0]LogConfig: Setting CVar [[r.LightShaftQuality:1]]
[2019.06.16-20.35.08:573][  0]LogConfig: Setting CVar [[r.Filter.SizeScale:1]]
[2019.06.16-20.35.08:573][  0]LogConfig: Setting CVar [[r.Tonemapper.Quality:5]]
[2019.06.16-20.35.08:573][  0]LogConfig: Setting CVar [[r.DOF.Gather.AccumulatorQuality:1        ; higher gathering accumulator quality]]
[2019.06.16-20.35.08:573][  0]LogConfig: Setting CVar [[r.DOF.Gather.PostfilterMethod:1          ; Median3x3 postfilering method]]
[2019.06.16-20.35.08:573][  0]LogConfig: Setting CVar [[r.DOF.Gather.EnableBokehSettings:0       ; no bokeh simulation when gathering]]
[2019.06.16-20.35.08:573][  0]LogConfig: Setting CVar [[r.DOF.Gather.RingCount:4                 ; medium number of samples when gathering]]
[2019.06.16-20.35.08:573][  0]LogConfig: Setting CVar [[r.DOF.Scatter.ForegroundCompositing:1    ; additive foreground scattering]]
[2019.06.16-20.35.08:573][  0]LogConfig: Setting CVar [[r.DOF.Scatter.BackgroundCompositing:2    ; additive background scattering]]
[2019.06.16-20.35.08:573][  0]LogConfig: Setting CVar [[r.DOF.Scatter.EnableBokehSettings:1      ; bokeh simulation when scattering]]
[2019.06.16-20.35.08:573][  0]LogConfig: Setting CVar [[r.DOF.Scatter.MaxSpriteRatio:0.1         ; only a maximum of 10% of scattered bokeh]]
[2019.06.16-20.35.08:573][  0]LogConfig: Setting CVar [[r.DOF.Recombine.Quality:1                ; cheap slight out of focus]]
[2019.06.16-20.35.08:573][  0]LogConfig: Setting CVar [[r.DOF.Recombine.EnableBokehSettings:0    ; no bokeh simulation on slight out of focus]]
[2019.06.16-20.35.08:573][  0]LogConfig: Setting CVar [[r.DOF.TemporalAAQuality:1                ; more stable temporal accumulation]]
[2019.06.16-20.35.08:573][  0]LogConfig: Setting CVar [[r.DOF.Kernel.MaxForegroundRadius:0.025]]
[2019.06.16-20.35.08:573][  0]LogConfig: Setting CVar [[r.DOF.Kernel.MaxBackgroundRadius:0.025]]
[2019.06.16-20.35.08:573][  0]LogConfig: Applying CVar settings from Section [TextureQuality@3] File [F:/Users/Jacob/School/EAE_3010 Asset Pipelines/Unreal_Projects/City_Block/BaseBlock/BaseCityBlock/Saved/Config/Windows/Scalability.ini]
[2019.06.16-20.35.08:573][  0]LogConfig: Setting CVar [[r.Streaming.MipBias:0]]
[2019.06.16-20.35.08:573][  0]LogConfig: Setting CVar [[r.Streaming.AmortizeCPUToGPUCopy:0]]
[2019.06.16-20.35.08:573][  0]LogConfig: Setting CVar [[r.Streaming.MaxNumTexturesToStreamPerFrame:0]]
[2019.06.16-20.35.08:573][  0]LogConfig: Setting CVar [[r.Streaming.Boost:1]]
[2019.06.16-20.35.08:573][  0]LogConfig: Setting CVar [[r.MaxAnisotropy:8]]
[2019.06.16-20.35.08:573][  0]LogConfig: Setting CVar [[r.Streaming.LimitPoolSizeToVRAM:0]]
[2019.06.16-20.35.08:573][  0]LogConfig: Setting CVar [[r.Streaming.PoolSize:1000]]
[2019.06.16-20.35.08:573][  0]LogConfig: Setting CVar [[r.Streaming.MaxEffectiveScreenSize:0]]
[2019.06.16-20.35.08:573][  0]LogConfig: Applying CVar settings from Section [EffectsQuality@3] File [F:/Users/Jacob/School/EAE_3010 Asset Pipelines/Unreal_Projects/City_Block/BaseBlock/BaseCityBlock/Saved/Config/Windows/Scalability.ini]
[2019.06.16-20.35.08:573][  0]LogConfig: Setting CVar [[r.TranslucencyLightingVolumeDim:64]]
[2019.06.16-20.35.08:573][  0]LogConfig: Setting CVar [[r.RefractionQuality:2]]
[2019.06.16-20.35.08:573][  0]LogConfig: Setting CVar [[r.SSR.Quality:3]]
[2019.06.16-20.35.08:573][  0]LogConfig: Setting CVar [[r.SceneColorFormat:4]]
[2019.06.16-20.35.08:573][  0]LogConfig: Setting CVar [[r.DetailMode:2]]
[2019.06.16-20.35.08:573][  0]LogConfig: Setting CVar [[r.TranslucencyVolumeBlur:1]]
[2019.06.16-20.35.08:573][  0]LogConfig: Setting CVar [[r.MaterialQualityLevel:1 ; High quality]]
[2019.06.16-20.35.08:573][  0]LogConfig: Setting CVar [[r.SSS.Scale:1]]
[2019.06.16-20.35.08:573][  0]LogConfig: Setting CVar [[r.SSS.SampleSet:2]]
[2019.06.16-20.35.08:573][  0]LogConfig: Setting CVar [[r.SSS.Quality:1]]
[2019.06.16-20.35.08:573][  0]LogConfig: Setting CVar [[r.SSS.HalfRes:1]]
[2019.06.16-20.35.08:573][  0]LogConfig: Setting CVar [[r.EmitterSpawnRateScale:1.0]]
[2019.06.16-20.35.08:573][  0]LogConfig: Setting CVar [[r.ParticleLightQuality:2]]
[2019.06.16-20.35.08:573][  0]LogConfig: Applying CVar settings from Section [FoliageQuality@3] File [F:/Users/Jacob/School/EAE_3010 Asset Pipelines/Unreal_Projects/City_Block/BaseBlock/BaseCityBlock/Saved/Config/Windows/Scalability.ini]
[2019.06.16-20.35.08:573][  0]LogConfig: Setting CVar [[foliage.DensityScale:1.0]]
[2019.06.16-20.35.08:573][  0]LogConfig: Setting CVar [[grass.DensityScale:1.0]]
[2019.06.16-20.35.08:573][  0]LogConfig: Applying CVar settings from Section [Startup] File [../../../Engine/Config/ConsoleVariables.ini]
[2019.06.16-20.35.08:573][  0]LogConfig: Setting CVar [[net.UseAdaptiveNetUpdateFrequency:0]]
[2019.06.16-20.35.08:573][  0]LogConfig: Setting CVar [[p.chaos.AllowCreatePhysxBodies:1]]
[2019.06.16-20.35.08:573][  0]LogConfig: Applying CVar settings from Section [ConsoleVariables] File [F:/Users/Jacob/School/EAE_3010 Asset Pipelines/Unreal_Projects/City_Block/BaseBlock/BaseCityBlock/Saved/Config/Windows/Engine.ini]
[2019.06.16-20.35.08:574][  0]LogInit: Computer: DESKTOP-KBUC8NT
[2019.06.16-20.35.08:574][  0]LogInit: User: jacob
[2019.06.16-20.35.08:574][  0]LogInit: CPU Page size=4096, Cores=4
[2019.06.16-20.35.08:574][  0]LogInit: High frequency timer resolution =10.000000 MHz
[2019.06.16-20.35.08:574][  0]LogMemory: Memory total: Physical=31.9GB (32GB approx)
[2019.06.16-20.35.08:574][  0]LogMemory: Platform Memory Stats for Windows
[2019.06.16-20.35.08:574][  0]LogMemory: Process Physical Memory: 96.60 MB used, 96.61 MB peak
[2019.06.16-20.35.08:574][  0]LogMemory: Process Virtual Memory: 88.90 MB used, 88.90 MB peak
[2019.06.16-20.35.08:574][  0]LogMemory: Physical Memory: 11169.03 MB used,  21526.89 MB free, 32695.92 MB total
[2019.06.16-20.35.08:574][  0]LogMemory: Virtual Memory: 4656.38 MB used,  134213072.00 MB free, 134217728.00 MB total
[2019.06.16-20.35.08:591][  0]LogInit: Using OS detected language (en-US).
[2019.06.16-20.35.08:591][  0]LogInit: Using OS detected locale (en-US).
[2019.06.16-20.35.08:592][  0]LogTextLocalizationManager: No specific localization for 'en-US' exists, so the 'en' localization will be used.
[2019.06.16-20.35.08:833][  0]LogInit: Setting process to per monitor DPI aware
[2019.06.16-20.35.08:920][  0]LogSlate: New Slate User Created.  User Index 0, Is Virtual User: 0
[2019.06.16-20.35.08:920][  0]LogSlate: Slate User Registered.  User Index 0, Is Virtual User: 0
[2019.06.16-20.35.09:113][  0]LogHMD: Failed to initialize OpenVR with code 110
[2019.06.16-20.35.09:113][  0]LogD3D11RHI: D3D11 adapters:
[2019.06.16-20.35.09:173][  0]LogD3D11RHI:    0. 'NVIDIA GeForce GTX 1070' (Feature Level 11_0)
[2019.06.16-20.35.09:173][  0]LogD3D11RHI:       8096/0/16347 MB DedicatedVideo/DedicatedSystem/SharedSystem, Outputs:2, VendorId:0x10de
[2019.06.16-20.35.09:176][  0]LogD3D11RHI:    1. 'Microsoft Basic Render Driver' (Feature Level 11_0)
[2019.06.16-20.35.09:176][  0]LogD3D11RHI:       0/0/16347 MB DedicatedVideo/DedicatedSystem/SharedSystem, Outputs:0, VendorId:0x1414
[2019.06.16-20.35.09:176][  0]LogD3D11RHI: Chosen D3D11 Adapter: 0
[2019.06.16-20.35.09:188][  0]LogD3D11RHI: Creating new Direct3DDevice
[2019.06.16-20.35.09:188][  0]LogD3D11RHI:     GPU DeviceId: 0x1b81 (for the marketing name, search the web for "GPU Device Id")
[2019.06.16-20.35.09:188][  0]LogWindows: EnumDisplayDevices:
[2019.06.16-20.35.09:188][  0]LogWindows:    0. 'NVIDIA GeForce GTX 1070' (P:0 D:1)
[2019.06.16-20.35.09:188][  0]LogWindows:    1. 'NVIDIA GeForce GTX 1070' (P:1 D:1)
[2019.06.16-20.35.09:189][  0]LogWindows:    2. 'NVIDIA GeForce GTX 1070' (P:0 D:0)
[2019.06.16-20.35.09:189][  0]LogWindows:    3. 'NVIDIA GeForce GTX 1070' (P:0 D:0)
[2019.06.16-20.35.09:189][  0]LogWindows: DebugString: FoundDriverCount:4 
[2019.06.16-20.35.09:189][  0]LogD3D11RHI:     Adapter Name: NVIDIA GeForce GTX 1070
[2019.06.16-20.35.09:189][  0]LogD3D11RHI:   Driver Version: 388.13 (internal:23.21.13.8813, unified:388.13)
[2019.06.16-20.35.09:189][  0]LogD3D11RHI:      Driver Date: 10-27-2017
[2019.06.16-20.35.09:189][  0]LogRHI: Texture pool is 5667 MB (70% of 8096 MB)
[2019.06.16-20.35.09:227][  0]LogD3D11RHI: Async texture creation enabled
[2019.06.16-20.35.09:231][  0]LogRendererCore: FGlobalReadBuffer::InitRHI
[2019.06.16-20.35.09:232][  0]LogRendererCore: FGlobalReadBuffer::InitRHI
[2019.06.16-20.35.09:232][  0]LogRendererCore: FGlobalReadBuffer::InitRHI
[2019.06.16-20.35.09:240][  0]LogD3D11RHI: GPU Timing Frequency: 1000.000000 (Debug: 2 1)
[2019.06.16-20.35.09:717][  0]LogTemp: Display: Module 'AllDesktopTargetPlatform' loaded TargetPlatform 'AllDesktop'
[2019.06.16-20.35.09:733][  0]LogTemp: Display: Module 'MacClientTargetPlatform' loaded TargetPlatform 'MacClient'
[2019.06.16-20.35.09:747][  0]LogTemp: Display: Module 'MacNoEditorTargetPlatform' loaded TargetPlatform 'MacNoEditor'
[2019.06.16-20.35.09:767][  0]LogTemp: Display: Module 'MacServerTargetPlatform' loaded TargetPlatform 'MacServer'
[2019.06.16-20.35.09:783][  0]LogTemp: Display: Module 'MacTargetPlatform' loaded TargetPlatform 'Mac'
[2019.06.16-20.35.09:798][  0]LogTemp: Display: Module 'WindowsClientTargetPlatform' loaded TargetPlatform 'WindowsClient'
[2019.06.16-20.35.09:810][  0]LogTemp: Display: Module 'WindowsNoEditorTargetPlatform' loaded TargetPlatform 'WindowsNoEditor'
[2019.06.16-20.35.09:834][  0]LogTemp: Display: Module 'WindowsServerTargetPlatform' loaded TargetPlatform 'WindowsServer'
[2019.06.16-20.35.09:841][  0]LogTemp: Display: Module 'WindowsTargetPlatform' loaded TargetPlatform 'Windows'
[2019.06.16-20.35.09:943][  0]LogTemp: Display: Module 'AndroidTargetPlatform' loaded TargetPlatform 'Android'
[2019.06.16-20.35.09:944][  0]LogTemp: Display: Module 'AndroidTargetPlatform' loaded TargetPlatform 'Android_ASTC'
[2019.06.16-20.35.09:944][  0]LogTemp: Display: Module 'AndroidTargetPlatform' loaded TargetPlatform 'Android_ATC'
[2019.06.16-20.35.09:944][  0]LogTemp: Display: Module 'AndroidTargetPlatform' loaded TargetPlatform 'Android_DXT'
[2019.06.16-20.35.09:944][  0]LogTemp: Display: Module 'AndroidTargetPlatform' loaded TargetPlatform 'Android_ETC1'
[2019.06.16-20.35.09:944][  0]LogTemp: Display: Module 'AndroidTargetPlatform' loaded TargetPlatform 'Android_ETC1a'
[2019.06.16-20.35.09:944][  0]LogTemp: Display: Module 'AndroidTargetPlatform' loaded TargetPlatform 'Android_ETC2'
[2019.06.16-20.35.09:944][  0]LogTemp: Display: Module 'AndroidTargetPlatform' loaded TargetPlatform 'Android_PVRTC'
[2019.06.16-20.35.09:944][  0]LogTemp: Display: Module 'AndroidTargetPlatform' loaded TargetPlatform 'AndroidClient'
[2019.06.16-20.35.09:944][  0]LogTemp: Display: Module 'AndroidTargetPlatform' loaded TargetPlatform 'Android_ASTCClient'
[2019.06.16-20.35.09:944][  0]LogTemp: Display: Module 'AndroidTargetPlatform' loaded TargetPlatform 'Android_ATCClient'
[2019.06.16-20.35.09:944][  0]LogTemp: Display: Module 'AndroidTargetPlatform' loaded TargetPlatform 'Android_DXTClient'
[2019.06.16-20.35.09:944][  0]LogTemp: Display: Module 'AndroidTargetPlatform' loaded TargetPlatform 'Android_ETC1Client'
[2019.06.16-20.35.09:944][  0]LogTemp: Display: Module 'AndroidTargetPlatform' loaded TargetPlatform 'Android_ETC1aClient'
[2019.06.16-20.35.09:944][  0]LogTemp: Display: Module 'AndroidTargetPlatform' loaded TargetPlatform 'Android_ETC2Client'
[2019.06.16-20.35.09:944][  0]LogTemp: Display: Module 'AndroidTargetPlatform' loaded TargetPlatform 'Android_PVRTCClient'
[2019.06.16-20.35.09:944][  0]LogTemp: Display: Module 'AndroidTargetPlatform' loaded TargetPlatform 'Android_Multi'
[2019.06.16-20.35.09:944][  0]LogTemp: Display: Module 'AndroidTargetPlatform' loaded TargetPlatform 'Android_MultiClient'
[2019.06.16-20.35.09:948][  0]LogTemp: Display: Module 'HTML5TargetPlatform' loaded TargetPlatform 'HTML5'
[2019.06.16-20.35.10:003][  0]LogTemp: Display: Module 'IOSTargetPlatform' loaded TargetPlatform 'IOSClient'
[2019.06.16-20.35.10:003][  0]LogTemp: Display: Module 'IOSTargetPlatform' loaded TargetPlatform 'IOS'
[2019.06.16-20.35.10:031][  0]LogTemp: Display: Module 'TVOSTargetPlatform' loaded TargetPlatform 'TVOSClient'
[2019.06.16-20.35.10:031][  0]LogTemp: Display: Module 'TVOSTargetPlatform' loaded TargetPlatform 'TVOS'
[2019.06.16-20.35.10:048][  0]LogTemp: Display: Module 'LinuxClientTargetPlatform' loaded TargetPlatform 'LinuxClient'
[2019.06.16-20.35.10:065][  0]LogTemp: Display: Module 'LinuxNoEditorTargetPlatform' loaded TargetPlatform 'LinuxNoEditor'
[2019.06.16-20.35.10:077][  0]LogTemp: Display: Module 'LinuxServerTargetPlatform' loaded TargetPlatform 'LinuxServer'
[2019.06.16-20.35.10:092][  0]LogTemp: Display: Module 'LinuxTargetPlatform' loaded TargetPlatform 'Linux'
[2019.06.16-20.35.10:150][  0]LogTemp: Display: Module 'LuminTargetPlatform' loaded TargetPlatform 'Lumin'
[2019.06.16-20.35.10:151][  0]LogTemp: Display: Module 'LuminTargetPlatform' loaded TargetPlatform 'LuminClient'
[2019.06.16-20.35.10:151][  0]LogTargetPlatformManager: Display: Building Assets For Windows
[2019.06.16-20.35.10:160][  0]LogAudioDebug: Display: Lib vorbis DLL was dynamically loaded.
[2019.06.16-20.35.10:224][  0]LogShaderCompilers: Guid format shader working directory is -52 characters bigger than the processId version (F:/Users/Jacob/School/EAE_3010 Asset Pipelines/Unreal_Projects/City_Block/BaseBlock/BaseCityBlock/Intermediate/Shaders/WorkingDirectory/17444/).
[2019.06.16-20.35.10:224][  0]LogShaderCompilers: Cleaned the shader compiler working directory 'C:/Users/jacob/AppData/Local/Temp/UnrealShaderWorkingDir/C46E9AAB42F63AA92796609DF1A938DD/'.
[2019.06.16-20.35.10:227][  0]LogXGEController: Cannot use XGE Controller as Incredibuild is not installed on this machine.
[2019.06.16-20.35.10:227][  0]LogShaderCompilers: Cannot use XGE Shader Compiler as Incredibuild is not installed on this machine.
[2019.06.16-20.35.10:227][  0]LogShaderCompilers: Display: Using Local Shader Compiler.
[2019.06.16-20.35.10:878][  0]LogDerivedDataCache: Display: Max Cache Size: 512 MB
[2019.06.16-20.35.10:949][  0]LogDerivedDataCache: Loaded boot cache 0.07s 71MB C:/Users/jacob/AppData/Local/UnrealEngine/4.22/DerivedDataCache/Boot.ddc.
[2019.06.16-20.35.10:949][  0]LogDerivedDataCache: Display: Loaded Boot cache: C:/Users/jacob/AppData/Local/UnrealEngine/4.22/DerivedDataCache/Boot.ddc
[2019.06.16-20.35.10:950][  0]LogDerivedDataCache: FDerivedDataBackendGraph:  Pak pak cache file F:/Users/Jacob/School/EAE_3010 Asset Pipelines/Unreal_Projects/City_Block/BaseBlock/BaseCityBlock/DerivedDataCache/DDC.ddp not found, will not use a pak cache.
[2019.06.16-20.35.10:950][  0]LogDerivedDataCache: Unable to find inner node Pak for hierarchical cache Hierarchy.
[2019.06.16-20.35.10:950][  0]LogDerivedDataCache: FDerivedDataBackendGraph:  CompressedPak pak cache file F:/Users/Jacob/School/EAE_3010 Asset Pipelines/Unreal_Projects/City_Block/BaseBlock/BaseCityBlock/DerivedDataCache/Compressed.ddp not found, will not use a pak cache.
[2019.06.16-20.35.10:950][  0]LogDerivedDataCache: Unable to find inner node CompressedPak for hierarchical cache Hierarchy.
[2019.06.16-20.35.10:967][  0]LogDerivedDataCache: Display: Pak cache opened for reading ../../../Engine/DerivedDataCache/Compressed.ddp.
[2019.06.16-20.35.10:967][  0]LogDerivedDataCache: FDerivedDataBackendGraph:  EnterprisePak pak cache file ../../../Enterprise/DerivedDataCache/Compressed.ddp not found, will not use a pak cache.
[2019.06.16-20.35.10:967][  0]LogDerivedDataCache: Unable to find inner node EnterprisePak for hierarchical cache Hierarchy.
[2019.06.16-20.35.10:979][  0]LogDerivedDataCache: Using Local data cache path C:/Users/jacob/AppData/Local/UnrealEngine/Common/DerivedDataCache: Writable
[2019.06.16-20.35.10:979][  0]LogDerivedDataCache: Shared data cache path not found in *engine.ini, will not use an Shared cache.
[2019.06.16-20.35.10:979][  0]LogDerivedDataCache: Unable to find inner node Shared for hierarchical cache Hierarchy.
[2019.06.16-20.35.11:007][  0]LogMaterial: Verifying Global Shaders for PCD3D_SM5
[2019.06.16-20.35.11:009][  0]LogSlate: Using FreeType 2.6.0
[2019.06.16-20.35.11:010][  0]LogSlate: SlateFontServices - WITH_FREETYPE: 1, WITH_HARFBUZZ: 1
[2019.06.16-20.35.11:100][  0]LogAssetRegistry: FAssetRegistry took 0.0346 seconds to start up
[2019.06.16-20.35.11:662][  0]LogInit: Selected Device Profile: [Windows]
[2019.06.16-20.35.11:846][  0]LogMeshReduction: Using QuadricMeshReduction for automatic static mesh reduction
[2019.06.16-20.35.11:846][  0]LogMeshReduction: Using SimplygonMeshReduction for automatic skeletal mesh reduction
[2019.06.16-20.35.11:846][  0]LogMeshReduction: Using ProxyLODMeshReduction for automatic mesh merging
[2019.06.16-20.35.11:846][  0]LogMeshReduction: No distributed automatic mesh merging module available
[2019.06.16-20.35.11:846][  0]LogMeshMerging: No distributed automatic mesh merging module available
[2019.06.16-20.35.11:858][  0]LogNetVersion: BaseCityBlock 1.0.0, NetCL: 5660361, EngineNetVer: 10, GameNetVer: 0 (Checksum: 2307294784)
[2019.06.16-20.35.13:289][  0]LogPackageLocalizationCache: Processed 10 localized package path(s) for 1 prioritized culture(s) in 0.961709 seconds
[2019.06.16-20.35.13:302][  0]LogUObjectArray: 42205 objects as part of root set at end of initial load.
[2019.06.16-20.35.13:302][  0]LogUObjectAllocator: 7325032 out of 0 bytes used by permanent object pool.
[2019.06.16-20.35.13:302][  0]LogUObjectArray: CloseDisregardForGC: 0/0 objects in disregard for GC pool
[2019.06.16-20.35.14:220][  0]LogTcpMessaging: Initializing TcpMessaging bridge
[2019.06.16-20.35.14:236][  0]LogUdpMessaging: Initializing bridge on interface 0.0.0.0:0 to multicast group 230.0.0.1:6666.
[2019.06.16-20.35.14:366][  0]SourceControl: Source control is disabled
[2019.06.16-20.35.14:366][  0]SourceControl: Source control is disabled
[2019.06.16-20.35.14:368][  0]SourceControl: Source control is disabled
[2019.06.16-20.35.14:370][  0]SourceControl: Source control is disabled
[2019.06.16-20.35.14:378][  0]LogVSAccessor: Display: Unable to create Visual Studio setup instance: 80040154
[2019.06.16-20.35.14:378][  0]LogVSAccessor: Display: Unable to create Visual Studio setup instance: 80040154
[2019.06.16-20.35.14:473][  0]LogAndroidPermission: UAndroidPermissionCallbackProxy::GetInstance
[2019.06.16-20.35.14:557][  0]LogOcInput: OculusInput pre-init called
[2019.06.16-20.35.15:288][  0]LogEngine: Initializing Engine...
[2019.06.16-20.35.15:288][  0]LogHMD: Failed to initialize OpenVR with code 110
[2019.06.16-20.35.15:289][  0]LogStats: UGameplayTagsManager::InitializeManager -  0.000 s
[2019.06.16-20.35.15:550][  0]LogInit: Initializing FReadOnlyCVARCache
[2019.06.16-20.35.15:572][  0]LogAIModule: Creating AISystem for world Untitled
[2019.06.16-20.35.15:590][  0]LogInit: XAudio2 using 'Speakers (USB-BH209A)' : 2 channels at 44.1 kHz using 16 bits per sample (channel mask 0x3)
[2019.06.16-20.35.15:611][  0]LogInit: FAudioDevice initialized.
[2019.06.16-20.35.15:611][  0]LogNetVersion: Set ProjectVersion to 1.0.0.0. Version Checksum will be recalculated on next use.
[2019.06.16-20.35.15:704][  0]LogDerivedDataCache: Saved boot cache 0.09s 71MB C:/Users/jacob/AppData/Local/UnrealEngine/4.22/DerivedDataCache/Boot.ddc.
[2019.06.16-20.35.15:721][  0]LogInit: Texture streaming: Enabled
[2019.06.16-20.35.15:749][  0]LogEngineSessionManager: EngineSessionManager initialized
[2019.06.16-20.35.15:776][  0]LogInit: Transaction tracking system initialized
[2019.06.16-20.35.15:803][  0]BlueprintLog: New page: Editor Load
[2019.06.16-20.35.15:913][  0]LocalizationService: Localization service is disabled
[2019.06.16-20.35.16:086][  0]LogVSAccessor: Display: Unable to create Visual Studio setup instance: 80040154
[2019.06.16-20.35.16:086][  0]LogVSAccessor: Display: Unable to create Visual Studio setup instance: 80040154
[2019.06.16-20.35.16:288][  0]LogFileCache: Scanning file cache for directory 'F:/Users/Jacob/School/EAE_3010 Asset Pipelines/Unreal_Projects/City_Block/BaseBlock/BaseCityBlock/Content/' took 0.01s
[2019.06.16-20.35.16:288][  0]LogCook: Display: Max memory allowance for cook 16384mb min free memory 0mb
[2019.06.16-20.35.16:288][  0]LogCook: Display: Mobile HDR setting 1
[2019.06.16-20.35.16:510][  0]SourceControl: Source control is disabled
[2019.06.16-20.35.16:511][  0]Cmd: MAP LOAD FILE="../../../Engine/Content/Maps/Templates/Template_Default.umap" TEMPLATE=1 SHOWPROGRESS=1 FEATURELEVEL=3
[2019.06.16-20.35.16:511][  0]LightingResults: New page: Lighting Build
[2019.06.16-20.35.16:515][  0]MapCheck: New page: Map Check
[2019.06.16-20.35.16:515][  0]LightingResults: New page: Lighting Build
[2019.06.16-20.35.16:543][  0]LogUObjectHash: Compacting FUObjectHashTables data took   2.99ms
[2019.06.16-20.35.16:654][  0]LogAIModule: Creating AISystem for world Untitled_1
[2019.06.16-20.35.16:658][  0]LogEditorServer: Finished looking for orphan Actors (0.000 secs)
[2019.06.16-20.35.16:685][  0]LogUObjectHash: Compacting FUObjectHashTables data took   2.12ms
[2019.06.16-20.35.16:686][  0]Cmd: MAP CHECKDEP NOCLEARLOG
[2019.06.16-20.35.16:686][  0]MapCheck: Map check complete: 0 Error(s), 0 Warning(s), took 0.181ms to complete.
[2019.06.16-20.35.16:686][  0]LogFileHelpers: Loading map 'Template_Default' took 0.175
[2019.06.16-20.35.16:840][  0]LogSlate: Updating window title bar state: overlay mode, drag disabled, window buttons hidden, title bar hidden
[2019.06.16-20.35.16:850][  0]LogSlate: Updating window title bar state: overlay mode, drag disabled, window buttons hidden, title bar hidden
[2019.06.16-20.35.16:859][  0]LogSlate: Updating window title bar state: overlay mode, drag disabled, window buttons hidden, title bar hidden
[2019.06.16-20.35.16:870][  0]LogSlate: Updating window title bar state: overlay mode, drag disabled, window buttons hidden, title bar hidden
[2019.06.16-20.35.16:882][  0]LogCollectionManager: Loaded 0 collections in 0.002985 seconds
[2019.06.16-20.35.16:899][  0]LogFileCache: Scanning file cache for directory 'F:/Users/Jacob/School/EAE_3010 Asset Pipelines/Unreal_Projects/City_Block/BaseBlock/BaseCityBlock/Saved/Collections/' took 0.01s
[2019.06.16-20.35.16:899][  0]LogFileCache: Scanning file cache for directory 'F:/Users/Jacob/School/EAE_3010 Asset Pipelines/Unreal_Projects/City_Block/BaseBlock/BaseCityBlock/Content/Developers/jacob/Collections/' took 0.00s
[2019.06.16-20.35.16:899][  0]LogFileCache: Scanning file cache for directory 'F:/Users/Jacob/School/EAE_3010 Asset Pipelines/Unreal_Projects/City_Block/BaseBlock/BaseCityBlock/Content/Collections/' took 0.00s
[2019.06.16-20.35.16:899][  0]LogCollectionManager: Rebuilt the GUID cache for 0 collections in 0.000000 seconds
[2019.06.16-20.35.16:911][  0]LogContentBrowser: Native class hierarchy populated in 0.0118 seconds. Added 2732 classes and 659 folders.
[2019.06.16-20.35.16:921][  0]LogContentBrowser: Native class hierarchy updated for 'WidgetCarousel' in 0.0003 seconds. Added 0 classes and 0 folders.
[2019.06.16-20.35.16:922][  0]LogPakFile: Registered encryption key '00000000000000000000000000000000': 0 pak files mounted, 0 remain pending
[2019.06.16-20.35.16:923][  0]LogPakFile: Registered encryption key '00000000000000000000000000000000': 0 pak files mounted, 0 remain pending
[2019.06.16-20.35.16:924][  0]LogPakFile: Registered encryption key '00000000000000000000000000000000': 0 pak files mounted, 0 remain pending
[2019.06.16-20.35.16:924][  0]LogPakFile: Registered encryption key '00000000000000000000000000000000': 0 pak files mounted, 0 remain pending
[2019.06.16-20.35.16:924][  0]LogPakFile: Registered encryption key '00000000000000000000000000000000': 0 pak files mounted, 0 remain pending
[2019.06.16-20.35.16:925][  0]LogPakFile: Registered encryption key '00000000000000000000000000000000': 0 pak files mounted, 0 remain pending
[2019.06.16-20.35.16:925][  0]LogPakFile: Registered encryption key '00000000000000000000000000000000': 0 pak files mounted, 0 remain pending
[2019.06.16-20.35.16:926][  0]LogPakFile: Registered encryption key '00000000000000000000000000000000': 0 pak files mounted, 0 remain pending
[2019.06.16-20.35.16:926][  0]LogPakFile: Registered encryption key '00000000000000000000000000000000': 0 pak files mounted, 0 remain pending
[2019.06.16-20.35.16:927][  0]LogPakFile: Registered encryption key '00000000000000000000000000000000': 0 pak files mounted, 0 remain pending
[2019.06.16-20.35.16:928][  0]LogPakFile: Registered encryption key '00000000000000000000000000000000': 0 pak files mounted, 0 remain pending
[2019.06.16-20.35.16:928][  0]LogPakFile: Registered encryption key '00000000000000000000000000000000': 0 pak files mounted, 0 remain pending
[2019.06.16-20.35.16:928][  0]LogPakFile: Registered encryption key '00000000000000000000000000000000': 0 pak files mounted, 0 remain pending
[2019.06.16-20.35.16:929][  0]LogPakFile: Registered encryption key '00000000000000000000000000000000': 0 pak files mounted, 0 remain pending
[2019.06.16-20.35.16:929][  0]LogPakFile: Registered encryption key '00000000000000000000000000000000': 0 pak files mounted, 0 remain pending
[2019.06.16-20.35.16:930][  0]LogPakFile: Registered encryption key '00000000000000000000000000000000': 0 pak files mounted, 0 remain pending
[2019.06.16-20.35.16:930][  0]LogPakFile: Registered encryption key '00000000000000000000000000000000': 0 pak files mounted, 0 remain pending
[2019.06.16-20.35.16:931][  0]LogPakFile: Registered encryption key '00000000000000000000000000000000': 0 pak files mounted, 0 remain pending
[2019.06.16-20.35.16:931][  0]LogPakFile: Registered encryption key '00000000000000000000000000000000': 0 pak files mounted, 0 remain pending
[2019.06.16-20.35.16:931][  0]LogPakFile: Registered encryption key '00000000000000000000000000000000': 0 pak files mounted, 0 remain pending
[2019.06.16-20.35.16:932][  0]LogPakFile: Registered encryption key '00000000000000000000000000000000': 0 pak files mounted, 0 remain pending
[2019.06.16-20.35.16:933][  0]LogPakFile: Registered encryption key '00000000000000000000000000000000': 0 pak files mounted, 0 remain pending
[2019.06.16-20.35.16:933][  0]LogPakFile: Registered encryption key '00000000000000000000000000000000': 0 pak files mounted, 0 remain pending
[2019.06.16-20.35.16:934][  0]LogPakFile: Registered encryption key '00000000000000000000000000000000': 0 pak files mounted, 0 remain pending
[2019.06.16-20.35.16:934][  0]LogPakFile: Registered encryption key '00000000000000000000000000000000': 0 pak files mounted, 0 remain pending
[2019.06.16-20.35.16:935][  0]LogPakFile: Registered encryption key '00000000000000000000000000000000': 0 pak files mounted, 0 remain pending
[2019.06.16-20.35.16:966][  0]LogContentBrowser: Native class hierarchy updated for 'AddContentDialog' in 0.0004 seconds. Added 0 classes and 0 folders.
[2019.06.16-20.35.16:973][  0]LogContentBrowser: Native class hierarchy updated for 'SceneOutliner' in 0.0005 seconds. Added 1 classes and 2 folders.
[2019.06.16-20.35.16:997][  0]LogSlate: Took 0.000192 seconds to synchronously load lazily loaded font '../../../Engine/Content/Slate/Fonts/Roboto-Regular.ttf' (155K)
[2019.06.16-20.35.16:999][  0]LogSlate: Took 0.000195 seconds to synchronously load lazily loaded font '../../../Engine/Content/Slate/Fonts/Roboto-Bold.ttf' (160K)
[2019.06.16-20.35.17:005][  0]LogSlate: Took 0.000295 seconds to synchronously load lazily loaded font '../../../Engine/Content/Editor/Slate/Fonts/FontAwesome.ttf' (139K)
[2019.06.16-20.35.17:098][  0]LogRenderer: Reallocating scene render targets to support 1340x688 Format 10 NumSamples 1 (Frame:1).
[2019.06.16-20.35.17:216][  0]LogContentBrowser: Native class hierarchy updated for 'HierarchicalLODOutliner' in 0.0003 seconds. Added 0 classes and 0 folders.
[2019.06.16-20.35.17:216][  0]LogLoad: (Engine Initialization) Total time: 11.61 seconds
[2019.06.16-20.35.17:216][  0]LogLoad: (Engine Initialization) Total Blueprint compile time: 0.00 seconds
[2019.06.16-20.35.17:257][  0]LogAssetRegistry: Asset discovery search completed in 6.1794 seconds
[2019.06.16-20.35.17:259][  0]LogCollectionManager: Rebuilt the object cache for 0 collections in 0.000000 seconds (found 0 objects)
[2019.06.16-20.35.17:259][  0]LogCollectionManager: Fixed up redirectors for 0 collections in 0.000048 seconds (updated 0 objects)
[2019.06.16-20.35.17:261][  0]LogContentStreaming: Texture pool size now 1000 MB
[2019.06.16-20.35.17:287][  0]LogSlate: Took 0.000166 seconds to synchronously load lazily loaded font '../../../Engine/Content/Slate/Fonts/Roboto-Light.ttf' (167K)
[2019.06.16-20.35.20:990][382]LogSlate: FSceneViewport::OnFocusLost() reason 0
[2019.06.16-20.35.22:656][563]LogSlate: Took 0.000296 seconds to synchronously load lazily loaded font '../../../Engine/Content/Slate/Fonts/Roboto-Light.ttf' (167K)
[2019.06.16-20.35.22:750][563]LogLinker: Warning: Can't find file '/Game/Objects/initialShadingGroup'
[2019.06.16-20.35.22:750][563]LogLinker: Warning: Can't find file for asset '/Game/Objects/initialShadingGroup' while loading NULL.
[2019.06.16-20.35.22:750][563]LogLinker: Warning: Can't find file '/Game/Objects/lambert5SG'
[2019.06.16-20.35.22:751][563]LogLinker: Warning: Can't find file for asset '/Game/Objects/lambert5SG' while loading NULL.
[2019.06.16-20.35.22:751][563]LogLinker: Warning: Can't find file '/Game/Objects/lambert6SG'
[2019.06.16-20.35.22:751][563]LogLinker: Warning: Can't find file for asset '/Game/Objects/lambert6SG' while loading NULL.
[2019.06.16-20.35.22:751][563]LogLinker: Warning: Can't find file '/Game/Objects/Wood_DarkSG'
[2019.06.16-20.35.22:751][563]LogLinker: Warning: Can't find file for asset '/Game/Objects/Wood_DarkSG' while loading NULL.
[2019.06.16-20.35.22:751][563]LogLinker: Warning: Can't find file '/Game/Objects/initialShadingGroup'
[2019.06.16-20.35.22:751][563]LogLinker: Warning: Can't find file for asset '/Game/Objects/initialShadingGroup' while loading NULL.
[2019.06.16-20.35.22:751][563]LogLinker: Warning: Can't find file '/Game/Objects/lambert5SG'
[2019.06.16-20.35.22:751][563]LogLinker: Warning: Can't find file for asset '/Game/Objects/lambert5SG' while loading NULL.
[2019.06.16-20.35.22:751][563]LogLinker: Warning: Can't find file '/Game/Objects/lambert6SG'
[2019.06.16-20.35.22:752][563]LogLinker: Warning: Can't find file for asset '/Game/Objects/lambert6SG' while loading NULL.
[2019.06.16-20.35.22:752][563]LogLinker: Warning: Can't find file '/Game/Objects/Wood_DarkSG'
[2019.06.16-20.35.22:752][563]LogLinker: Warning: Can't find file for asset '/Game/Objects/Wood_DarkSG' while loading NULL.
[2019.06.16-20.35.22:754][563]LogLinker: Warning: Can't find file '/Game/Objects/initialShadingGroup'
[2019.06.16-20.35.22:754][563]LogLinker: Warning: Can't find file for asset '/Game/Objects/initialShadingGroup' while loading NULL.
[2019.06.16-20.35.22:754][563]LogLinker: Warning: Can't find file '/Game/Objects/lambert2SG'
[2019.06.16-20.35.22:754][563]LogLinker: Warning: Can't find file for asset '/Game/Objects/lambert2SG' while loading NULL.
[2019.06.16-20.35.22:754][563]LogLinker: Warning: Can't find file '/Game/Objects/lambert3SG'
[2019.06.16-20.35.22:754][563]LogLinker: Warning: Can't find file for asset '/Game/Objects/lambert3SG' while loading NULL.
[2019.06.16-20.35.22:754][563]LogLinker: Warning: Can't find file '/Game/Objects/lambert4SG'
[2019.06.16-20.35.22:755][563]LogLinker: Warning: Can't find file for asset '/Game/Objects/lambert4SG' while loading NULL.
[2019.06.16-20.35.22:755][563]LogLinker: Warning: Can't find file '/Game/Objects/lambert5SG'
[2019.06.16-20.35.22:755][563]LogLinker: Warning: Can't find file for asset '/Game/Objects/lambert5SG' while loading NULL.
[2019.06.16-20.35.22:755][563]LogLinker: Warning: Can't find file '/Game/Objects/initialShadingGroup'
[2019.06.16-20.35.22:755][563]LogLinker: Warning: Can't find file for asset '/Game/Objects/initialShadingGroup' while loading NULL.
[2019.06.16-20.35.22:755][563]LogLinker: Warning: Can't find file '/Game/Objects/lambert2SG'
[2019.06.16-20.35.22:755][563]LogLinker: Warning: Can't find file for asset '/Game/Objects/lambert2SG' while loading NULL.
[2019.06.16-20.35.22:755][563]LogLinker: Warning: Can't find file '/Game/Objects/lambert3SG'
[2019.06.16-20.35.22:755][563]LogLinker: Warning: Can't find file for asset '/Game/Objects/lambert3SG' while loading NULL.
[2019.06.16-20.35.22:755][563]LogLinker: Warning: Can't find file '/Game/Objects/lambert4SG'
[2019.06.16-20.35.22:755][563]LogLinker: Warning: Can't find file for asset '/Game/Objects/lambert4SG' while loading NULL.
[2019.06.16-20.35.22:755][563]LogLinker: Warning: Can't find file '/Game/Objects/lambert5SG'
[2019.06.16-20.35.22:755][563]LogLinker: Warning: Can't find file for asset '/Game/Objects/lambert5SG' while loading NULL.
[2019.06.16-20.35.22:757][563]LogLinker: Warning: Can't find file '/Game/Objects/lambert2SG'
[2019.06.16-20.35.22:757][563]LogLinker: Warning: Can't find file for asset '/Game/Objects/lambert2SG' while loading NULL.
[2019.06.16-20.35.22:757][563]LogLinker: Warning: Can't find file '/Game/Objects/lambert2SG'
[2019.06.16-20.35.22:757][563]LogLinker: Warning: Can't find file for asset '/Game/Objects/lambert2SG' while loading NULL.
[2019.06.16-20.35.22:758][563]LogLinker: Warning: Can't find file '/Game/Objects/lambert2SG'
[2019.06.16-20.35.22:758][563]LogLinker: Warning: Can't find file for asset '/Game/Objects/lambert2SG' while loading NULL.
[2019.06.16-20.35.22:758][563]LogLinker: Warning: Can't find file '/Game/Objects/lambert2SG'
[2019.06.16-20.35.22:758][563]LogLinker: Warning: Can't find file for asset '/Game/Objects/lambert2SG' while loading NULL.
[2019.06.16-20.35.22:759][563]LogLinker: Warning: Can't find file '/Game/Objects/lambert2SG'
[2019.06.16-20.35.22:759][563]LogLinker: Warning: Can't find file for asset '/Game/Objects/lambert2SG' while loading NULL.
[2019.06.16-20.35.22:759][563]LogLinker: Warning: Can't find file '/Game/Objects/lambert3SG'
[2019.06.16-20.35.22:760][563]LogLinker: Warning: Can't find file for asset '/Game/Objects/lambert3SG' while loading NULL.
[2019.06.16-20.35.22:760][563]LogLinker: Warning: Can't find file '/Game/Objects/lambert2SG'
[2019.06.16-20.35.22:760][563]LogLinker: Warning: Can't find file for asset '/Game/Objects/lambert2SG' while loading NULL.
[2019.06.16-20.35.22:760][563]LogLinker: Warning: Can't find file '/Game/Objects/lambert3SG'
[2019.06.16-20.35.22:760][563]LogLinker: Warning: Can't find file for asset '/Game/Objects/lambert3SG' while loading NULL.
[2019.06.16-20.35.22:761][563]LogLinker: Warning: Can't find file '/Game/Objects/lambert2SG'
[2019.06.16-20.35.22:761][563]LogLinker: Warning: Can't find file for asset '/Game/Objects/lambert2SG' while loading NULL.
[2019.06.16-20.35.22:761][563]LogLinker: Warning: Can't find file '/Game/Objects/lambert2SG'
[2019.06.16-20.35.22:761][563]LogLinker: Warning: Can't find file for asset '/Game/Objects/lambert2SG' while loading NULL.
[2019.06.16-20.35.22:762][563]LogLinker: Warning: Can't find file '/Game/Objects/lambert2SG'
[2019.06.16-20.35.22:762][563]LogLinker: Warning: Can't find file for asset '/Game/Objects/lambert2SG' while loading NULL.
[2019.06.16-20.35.22:762][563]LogLinker: Warning: Can't find file '/Game/Objects/lambert2SG'
[2019.06.16-20.35.22:762][563]LogLinker: Warning: Can't find file for asset '/Game/Objects/lambert2SG' while loading NULL.
[2019.06.16-20.35.22:763][563]LogLinker: Warning: Can't find file '/Game/Objects/lambert3SG'
[2019.06.16-20.35.22:763][563]LogLinker: Warning: Can't find file for asset '/Game/Objects/lambert3SG' while loading NULL.
[2019.06.16-20.35.22:763][563]LogLinker: Warning: Can't find file '/Game/Objects/lambert4SG'
[2019.06.16-20.35.22:763][563]LogLinker: Warning: Can't find file for asset '/Game/Objects/lambert4SG' while loading NULL.
[2019.06.16-20.35.22:764][563]LogLinker: Warning: Can't find file '/Game/Objects/lambert5SG'
[2019.06.16-20.35.22:764][563]LogLinker: Warning: Can't find file for asset '/Game/Objects/lambert5SG' while loading NULL.
[2019.06.16-20.35.22:764][563]LogLinker: Warning: Can't find file '/Game/Objects/lambert3SG'
[2019.06.16-20.35.22:764][563]LogLinker: Warning: Can't find file for asset '/Game/Objects/lambert3SG' while loading NULL.
[2019.06.16-20.35.22:764][563]LogLinker: Warning: Can't find file '/Game/Objects/lambert4SG'
[2019.06.16-20.35.22:764][563]LogLinker: Warning: Can't find file for asset '/Game/Objects/lambert4SG' while loading NULL.
[2019.06.16-20.35.22:764][563]LogLinker: Warning: Can't find file '/Game/Objects/lambert5SG'
[2019.06.16-20.35.22:764][563]LogLinker: Warning: Can't find file for asset '/Game/Objects/lambert5SG' while loading NULL.
[2019.06.16-20.35.23:091][563]LogLinker: Warning: Can't find file '/Game/Objects/lambert5SG'
[2019.06.16-20.35.23:092][563]LoadErrors: Failed to load /Game/Objects/lambert5SG.lambert5SG Referenced by Wood_Vehicle
[2019.06.16-20.35.23:092][563]LogLinker: Warning: Can't find file for asset '/Game/Objects/lambert5SG' while loading NULL.
[2019.06.16-20.35.23:092][563]LogLinker: Warning: Can't find file '/Game/Objects/lambert4SG'
[2019.06.16-20.35.23:093][563]LoadErrors: Failed to load /Game/Objects/lambert4SG.lambert4SG Referenced by Wood_Vehicle
[2019.06.16-20.35.23:093][563]LogLinker: Warning: Can't find file for asset '/Game/Objects/lambert4SG' while loading NULL.
[2019.06.16-20.35.23:093][563]LogLinker: Warning: Can't find file '/Game/Objects/lambert3SG'
[2019.06.16-20.35.23:093][563]LoadErrors: Failed to load /Game/Objects/lambert3SG.lambert3SG Referenced by Wood_Vehicle
[2019.06.16-20.35.23:093][563]LogLinker: Warning: Can't find file for asset '/Game/Objects/lambert3SG' while loading NULL.
[2019.06.16-20.35.23:094][563]LogLinker: Warning: Can't find file '/Game/Objects/lambert5SG'
[2019.06.16-20.35.23:094][563]LogLinker: Warning: Can't find file for asset '/Game/Objects/lambert5SG' while loading NULL.
[2019.06.16-20.35.23:094][563]LogLinker: Warning: Can't find file '/Game/Objects/lambert4SG'
[2019.06.16-20.35.23:094][563]LogLinker: Warning: Can't find file for asset '/Game/Objects/lambert4SG' while loading NULL.
[2019.06.16-20.35.23:094][563]LogLinker: Warning: Can't find file '/Game/Objects/lambert3SG'
[2019.06.16-20.35.23:095][563]LogLinker: Warning: Can't find file for asset '/Game/Objects/lambert3SG' while loading NULL.
[2019.06.16-20.35.23:096][563]LogLinker: Warning: Can't find file '/Game/Objects/lambert2SG'
[2019.06.16-20.35.23:096][563]LoadErrors: Failed to load /Game/Objects/lambert2SG.lambert2SG Referenced by Wood_Block_4
[2019.06.16-20.35.23:096][563]LogLinker: Warning: Can't find file for asset '/Game/Objects/lambert2SG' while loading NULL.
[2019.06.16-20.35.23:097][563]LogLinker: Warning: Can't find file '/Game/Objects/lambert2SG'
[2019.06.16-20.35.23:097][563]LogLinker: Warning: Can't find file for asset '/Game/Objects/lambert2SG' while loading NULL.
[2019.06.16-20.35.23:097][563]LogLinker: Warning: Can't find file '/Game/Objects/lambert2SG'
[2019.06.16-20.35.23:097][563]LoadErrors: Failed to load /Game/Objects/lambert2SG.lambert2SG Referenced by Wood_Block_3
[2019.06.16-20.35.23:098][563]LogLinker: Warning: Can't find file for asset '/Game/Objects/lambert2SG' while loading NULL.
[2019.06.16-20.35.23:098][563]LogLinker: Warning: Can't find file '/Game/Objects/lambert2SG'
[2019.06.16-20.35.23:098][563]LogLinker: Warning: Can't find file for asset '/Game/Objects/lambert2SG' while loading NULL.
[2019.06.16-20.35.23:099][563]LogLinker: Warning: Can't find file '/Game/Objects/lambert2SG'
[2019.06.16-20.35.23:099][563]LoadErrors: Failed to load /Game/Objects/lambert2SG.lambert2SG Referenced by Wood_Block_2_window
[2019.06.16-20.35.23:099][563]LogLinker: Warning: Can't find file for asset '/Game/Objects/lambert2SG' while loading NULL.
[2019.06.16-20.35.23:099][563]LogLinker: Warning: Can't find file '/Game/Objects/lambert3SG'
[2019.06.16-20.35.23:099][563]LoadErrors: Failed to load /Game/Objects/lambert3SG.lambert3SG Referenced by Wood_Block_2_window
[2019.06.16-20.35.23:099][563]LogLinker: Warning: Can't find file for asset '/Game/Objects/lambert3SG' while loading NULL.
[2019.06.16-20.35.23:099][563]LogLinker: Warning: Can't find file '/Game/Objects/lambert2SG'
[2019.06.16-20.35.23:100][563]LogLinker: Warning: Can't find file for asset '/Game/Objects/lambert2SG' while loading NULL.
[2019.06.16-20.35.23:100][563]LogLinker: Warning: Can't find file '/Game/Objects/lambert3SG'
[2019.06.16-20.35.23:100][563]LogLinker: Warning: Can't find file for asset '/Game/Objects/lambert3SG' while loading NULL.
[2019.06.16-20.35.23:100][563]LogLinker: Warning: Can't find file '/Game/Objects/lambert2SG'
[2019.06.16-20.35.23:101][563]LoadErrors: Failed to load /Game/Objects/lambert2SG.lambert2SG Referenced by Wood_Block_2
[2019.06.16-20.35.23:101][563]LogLinker: Warning: Can't find file for asset '/Game/Objects/lambert2SG' while loading NULL.
[2019.06.16-20.35.23:101][563]LogLinker: Warning: Can't find file '/Game/Objects/lambert2SG'
[2019.06.16-20.35.23:101][563]LogLinker: Warning: Can't find file for asset '/Game/Objects/lambert2SG' while loading NULL.
[2019.06.16-20.35.23:102][563]LogLinker: Warning: Can't find file '/Game/Objects/lambert2SG'
[2019.06.16-20.35.23:102][563]LoadErrors: Failed to load /Game/Objects/lambert2SG.lambert2SG Referenced by Wood_Block
[2019.06.16-20.35.23:102][563]LogLinker: Warning: Can't find file for asset '/Game/Objects/lambert2SG' while loading NULL.
[2019.06.16-20.35.23:102][563]LogLinker: Warning: Can't find file '/Game/Objects/lambert2SG'
[2019.06.16-20.35.23:102][563]LogLinker: Warning: Can't find file for asset '/Game/Objects/lambert2SG' while loading NULL.
[2019.06.16-20.35.23:104][563]LogLinker: Warning: Can't find file '/Game/Objects/lambert2SG'
[2019.06.16-20.35.23:104][563]LoadErrors: Failed to load /Game/Objects/lambert2SG.lambert2SG Referenced by Flagpole_Block
[2019.06.16-20.35.23:104][563]LogLinker: Warning: Can't find file for asset '/Game/Objects/lambert2SG' while loading NULL.
[2019.06.16-20.35.23:104][563]LogLinker: Warning: Can't find file '/Game/Objects/lambert4SG'
[2019.06.16-20.35.23:104][563]LoadErrors: Failed to load /Game/Objects/lambert4SG.lambert4SG Referenced by Flagpole_Block
[2019.06.16-20.35.23:104][563]LogLinker: Warning: Can't find file for asset '/Game/Objects/lambert4SG' while loading NULL.
[2019.06.16-20.35.23:104][563]LogLinker: Warning: Can't find file '/Game/Objects/lambert3SG'
[2019.06.16-20.35.23:104][563]LoadErrors: Failed to load /Game/Objects/lambert3SG.lambert3SG Referenced by Flagpole_Block
[2019.06.16-20.35.23:104][563]LogLinker: Warning: Can't find file for asset '/Game/Objects/lambert3SG' while loading NULL.
[2019.06.16-20.35.23:104][563]LogLinker: Warning: Can't find file '/Game/Objects/lambert5SG'
[2019.06.16-20.35.23:104][563]LoadErrors: Failed to load /Game/Objects/lambert5SG.lambert5SG Referenced by Flagpole_Block
[2019.06.16-20.35.23:105][563]LogLinker: Warning: Can't find file for asset '/Game/Objects/lambert5SG' while loading NULL.
[2019.06.16-20.35.23:105][563]LogLinker: Warning: Can't find file '/Game/Objects/initialShadingGroup'
[2019.06.16-20.35.23:105][563]LoadErrors: Failed to load /Game/Objects/initialShadingGroup.initialShadingGroup Referenced by Flagpole_Block
[2019.06.16-20.35.23:105][563]LogLinker: Warning: Can't find file for asset '/Game/Objects/initialShadingGroup' while loading NULL.
[2019.06.16-20.35.23:105][563]LogLinker: Warning: Can't find file '/Game/Objects/lambert2SG'
[2019.06.16-20.35.23:105][563]LogLinker: Warning: Can't find file for asset '/Game/Objects/lambert2SG' while loading NULL.
[2019.06.16-20.35.23:105][563]LogLinker: Warning: Can't find file '/Game/Objects/lambert4SG'
[2019.06.16-20.35.23:105][563]LogLinker: Warning: Can't find file for asset '/Game/Objects/lambert4SG' while loading NULL.
[2019.06.16-20.35.23:105][563]LogLinker: Warning: Can't find file '/Game/Objects/lambert3SG'
[2019.06.16-20.35.23:105][563]LogLinker: Warning: Can't find file for asset '/Game/Objects/lambert3SG' while loading NULL.
[2019.06.16-20.35.23:106][563]LogLinker: Warning: Can't find file '/Game/Objects/lambert5SG'
[2019.06.16-20.35.23:106][563]LogLinker: Warning: Can't find file for asset '/Game/Objects/lambert5SG' while loading NULL.
[2019.06.16-20.35.23:106][563]LogLinker: Warning: Can't find file '/Game/Objects/initialShadingGroup'
[2019.06.16-20.35.23:106][563]LogLinker: Warning: Can't find file for asset '/Game/Objects/initialShadingGroup' while loading NULL.
[2019.06.16-20.35.23:106][563]LogLinker: Warning: Can't find file '/Game/Objects/lambert5SG'
[2019.06.16-20.35.23:106][563]LoadErrors: Failed to load /Game/Objects/lambert5SG.lambert5SG Referenced by Crane_Raised
[2019.06.16-20.35.23:106][563]LogLinker: Warning: Can't find file for asset '/Game/Objects/lambert5SG' while loading NULL.
[2019.06.16-20.35.23:106][563]LogLinker: Warning: Can't find file '/Game/Objects/initialShadingGroup'
[2019.06.16-20.35.23:106][563]LoadErrors: Failed to load /Game/Objects/initialShadingGroup.initialShadingGroup Referenced by Crane_Raised
[2019.06.16-20.35.23:107][563]LogLinker: Warning: Can't find file for asset '/Game/Objects/initialShadingGroup' while loading NULL.
[2019.06.16-20.35.23:107][563]LogLinker: Warning: Can't find file '/Game/Objects/Wood_DarkSG'
[2019.06.16-20.35.23:107][563]LoadErrors: Failed to load /Game/Objects/Wood_DarkSG.Wood_DarkSG Referenced by Crane_Raised
[2019.06.16-20.35.23:107][563]LogLinker: Warning: Can't find file for asset '/Game/Objects/Wood_DarkSG' while loading NULL.
[2019.06.16-20.35.23:107][563]LogLinker: Warning: Can't find file '/Game/Objects/lambert6SG'
[2019.06.16-20.35.23:107][563]LoadErrors: Failed to load /Game/Objects/lambert6SG.lambert6SG Referenced by Crane_Raised
[2019.06.16-20.35.23:107][563]LogLinker: Warning: Can't find file for asset '/Game/Objects/lambert6SG' while loading NULL.
[2019.06.16-20.35.23:107][563]LogLinker: Warning: Can't find file '/Game/Objects/lambert5SG'
[2019.06.16-20.35.23:107][563]LogLinker: Warning: Can't find file for asset '/Game/Objects/lambert5SG' while loading NULL.
[2019.06.16-20.35.23:108][563]LogLinker: Warning: Can't find file '/Game/Objects/initialShadingGroup'
[2019.06.16-20.35.23:108][563]LogLinker: Warning: Can't find file for asset '/Game/Objects/initialShadingGroup' while loading NULL.
[2019.06.16-20.35.23:108][563]LogLinker: Warning: Can't find file '/Game/Objects/Wood_DarkSG'
[2019.06.16-20.35.23:108][563]LogLinker: Warning: Can't find file for asset '/Game/Objects/Wood_DarkSG' while loading NULL.
[2019.06.16-20.35.23:108][563]LogLinker: Warning: Can't find file '/Game/Objects/lambert6SG'
[2019.06.16-20.35.23:108][563]LogLinker: Warning: Can't find file for asset '/Game/Objects/lambert6SG' while loading NULL.
[2019.06.16-20.35.23:304][563]LogAIModule: Creating AISystem for world City_Block
[2019.06.16-20.35.23:332][563]LogAssetEditorManager: Opening Asset editor for World /Game/City_Block.City_Block
[2019.06.16-20.35.23:364][563]LogUObjectHash: Compacting FUObjectHashTables data took   2.20ms
[2019.06.16-20.35.23:366][563]Cmd: MAP LOAD FILE="F:/Users/Jacob/School/EAE_3010 Asset Pipelines/Unreal_Projects/City_Block/BaseBlock/BaseCityBlock/Content/City_Block.umap" TEMPLATE=0 SHOWPROGRESS=1 FEATURELEVEL=3
[2019.06.16-20.35.23:366][563]LightingResults: New page: Lighting Build
[2019.06.16-20.35.23:367][563]LoadErrors: New page: Loading map: City_Block.umap
[2019.06.16-20.35.23:367][563]MapCheck: New page: Map Check
[2019.06.16-20.35.23:367][563]LightingResults: New page: Lighting Build
[2019.06.16-20.35.23:392][563]LogUObjectHash: Compacting FUObjectHashTables data took   1.97ms
[2019.06.16-20.35.23:410][563]LogEditorServer: Finished looking for orphan Actors (0.000 secs)
[2019.06.16-20.35.23:440][563]LogUObjectHash: Compacting FUObjectHashTables data took   1.94ms
[2019.06.16-20.35.23:529][563]Cmd: MAP CHECKDEP NOCLEARLOG
[2019.06.16-20.35.23:530][563]MapCheck: Map check complete: 0 Error(s), 0 Warning(s), took 0.637ms to complete.
[2019.06.16-20.35.23:530][563]LogFileHelpers: Loading map 'City_Block' took 0.165
[2019.06.16-20.38.54:028][437]LogEditorViewport: Clicking on Actor (LMB): StaticMeshActor (Crane_Raised)
[2019.06.16-20.40.13:927][170]LogSlate: FSceneViewport::OnFocusLost() reason 0
[2019.06.16-20.51.39:525][950]LogEditorViewport: Clicking on Actor (LMB): StaticMeshActor (Wood_Block_2_window3)
[2019.06.16-20.51.47:322][654]LogEditorViewport: Clicking on Actor (LMB): StaticMeshActor (Wood_Block_2_window3)
[2019.06.16-20.51.50:052][898]LogEditorViewport: Clicking on Actor (LMB): StaticMeshActor (GroundBase002)
[2019.06.16-20.51.52:017][ 69]LogEditorViewport: Clicking on Actor (LMB): BP_Sky_Sphere_C (Sky Sphere)
[2019.06.16-20.52.45:128][123]LogSlate: FSceneViewport::OnFocusLost() reason 0
[2019.06.16-20.52.45:294][138]LogUObjectHash: Compacting FUObjectHashTables data took   1.43ms
[2019.06.16-20.52.47:003][138]LogSlate: Window 'Save Content' being destroyed
[2019.06.16-20.52.47:095][138]LogUObjectHash: Compacting FUObjectHashTables data took   1.26ms
[2019.06.16-20.53.37:224][138]LogSavePackage: Moving 'F:/Users/Jacob/School/EAE_3010 Asset Pipelines/Unreal_Projects/City_Block/BaseBlock/BaseCityBlock/Saved/City_Block67C4E0E54612FDB14175318DBFC3D434.tmp' to 'F:/Users/Jacob/School/EAE_3010 Asset Pipelines/Unreal_Projects/City_Block/BaseBlock/BaseCityBlock/Content/City_Block.umap'
[2019.06.16-20.53.37:491][138]LogFileHelpers: Saving map 'City_Block' took 50.456
[2019.06.16-20.54.17:227][132]LogUnrealEdMisc: Warning: Heartbeat event firing too frequently (39.705 sec). This should never happen. Something is wrong with the timer delegate!
