Log file open, 06/18/19 11:57:58
LogWindows: Failed to load 'aqProf.dll' (GetLastError=126)
LogWindows: File 'aqProf.dll' does not exist
LogWindows: Failed to load 'VtuneApi.dll' (GetLastError=126)
LogWindows: File 'VtuneApi.dll' does not exist
LogWindows: Failed to load 'VtuneApi32e.dll' (GetLastError=126)
LogWindows: File 'VtuneApi32e.dll' does not exist
LogConsoleResponse: Display: Failed to find resolution value strings in scalability ini. Falling back to default.
LogInit: Display: Running engine for game: BaseCityBlock
LogPakFile: Registered encryption key '00000000000000000000000000000000': 0 pak files mounted, 0 remain pending
LogPlatformFile: Not using cached read wrapper
LogTaskGraph: Started task graph with 5 named threads and 23 total threads with 3 sets of task threads.
LogStats: Stats thread started at 0.275801
LogD3D11RHI: Loaded GFSDK_Aftermath_Lib.x64.dll
LogICUInternationalization: ICU TimeZone Detection - Raw Offset: -7:00, Platform Override: ''
LogPluginManager: Mounting plugin Paper2D
LogPluginManager: Mounting plugin AISupport
LogPluginManager: Mounting plugin LightPropagationVolume
LogPluginManager: Mounting plugin ActorLayerUtilities
LogPluginManager: Mounting plugin CLionSourceCodeAccess
LogPluginManager: Mounting plugin CodeLiteSourceCodeAccess
LogPluginManager: Mounting plugin GitSourceControl
LogPluginManager: Mounting plugin KDevelopSourceCodeAccess
LogPluginManager: Mounting plugin NullSourceCodeAccess
LogPluginManager: Mounting plugin PerforceSourceControl
LogPluginManager: Mounting plugin SubversionSourceControl
LogPluginManager: Mounting plugin UObjectPlugin
LogPluginManager: Mounting plugin VisualStudioCodeSourceCodeAccess
LogPluginManager: Mounting plugin VisualStudioSourceCodeAccess
LogPluginManager: Mounting plugin XCodeSourceCodeAccess
LogPluginManager: Mounting plugin AssetManagerEditor
LogPluginManager: Mounting plugin CryptoKeys
LogPluginManager: Mounting plugin DataValidation
LogPluginManager: Mounting plugin FacialAnimation
LogPluginManager: Mounting plugin GameplayTagsEditor
LogPluginManager: Mounting plugin MacGraphicsSwitching
LogPluginManager: Mounting plugin MeshEditor
LogPluginManager: Mounting plugin MobileLauncherProfileWizard
LogPluginManager: Mounting plugin PluginBrowser
LogPluginManager: Mounting plugin SpeedTreeImporter
LogPluginManager: Mounting plugin DatasmithContent
LogPluginManager: Mounting plugin VariantManagerContent
LogPluginManager: Mounting plugin AlembicImporter
LogPluginManager: Mounting plugin AppleImageUtils
LogPluginManager: Mounting plugin AppleVision
LogPluginManager: Mounting plugin BackChannel
LogPluginManager: Mounting plugin CharacterAI
LogPluginManager: Mounting plugin GeometryCache
LogPluginManager: Mounting plugin HTML5Networking
LogPluginManager: Mounting plugin ProxyLODPlugin
LogPluginManager: Mounting plugin MagicLeap
LogPluginManager: Mounting plugin MagicLeapMedia
LogPluginManager: Mounting plugin AndroidMedia
LogPluginManager: Mounting plugin AvfMedia
LogPluginManager: Mounting plugin ImgMedia
LogPluginManager: Mounting plugin LinearTimecode
LogPluginManager: Mounting plugin MediaCompositing
LogPluginManager: Mounting plugin MediaPlayerEditor
LogPluginManager: Mounting plugin WebMMedia
LogPluginManager: Mounting plugin WmfMedia
LogPluginManager: Mounting plugin TcpMessaging
LogPluginManager: Mounting plugin UdpMessaging
LogPluginManager: Mounting plugin ActorSequence
LogPluginManager: Mounting plugin LevelSequenceEditor
LogPluginManager: Mounting plugin MatineeToLevelSequence
LogPluginManager: Mounting plugin NetcodeUnitTest
LogPluginManager: Mounting plugin NUTUnrealEngine4
LogPluginManager: Mounting plugin OnlineSubsystemGooglePlay
LogPluginManager: Mounting plugin OnlineSubsystemIOS
LogPluginManager: Mounting plugin OnlineSubsystem
LogPluginManager: Mounting plugin OnlineSubsystemNull
LogPluginManager: Mounting plugin OnlineSubsystemUtils
LogPluginManager: Mounting plugin LauncherChunkInstaller
LogPluginManager: Mounting plugin AndroidDeviceProfileSelector
LogPluginManager: Mounting plugin AndroidMoviePlayer
LogPluginManager: Mounting plugin AndroidPermission
LogPluginManager: Mounting plugin AppleMoviePlayer
LogPluginManager: Mounting plugin ArchVisCharacter
LogPluginManager: Mounting plugin AudioCapture
LogPluginManager: Mounting plugin CableComponent
LogPluginManager: Mounting plugin CustomMeshComponent
LogPluginManager: Mounting plugin EditableMesh
LogPluginManager: Mounting plugin ExampleDeviceProfileSelector
LogPluginManager: Mounting plugin Firebase
LogPluginManager: Mounting plugin GoogleCloudMessaging
LogPluginManager: Mounting plugin IOSDeviceProfileSelector
LogPluginManager: Mounting plugin LinuxDeviceProfileSelector
LogPluginManager: Mounting plugin LocationServicesBPLibrary
LogPluginManager: Mounting plugin MobilePatchingUtils
LogPluginManager: Mounting plugin OculusVR
LogPluginManager: Mounting plugin PhysXVehicles
LogPluginManager: Mounting plugin ProceduralMeshComponent
LogPluginManager: Mounting plugin RuntimePhysXCooking
LogPluginManager: Mounting plugin SteamVR
LogPluginManager: Mounting plugin WebMMoviePlayer
LogPluginManager: Mounting plugin WindowsMoviePlayer
LogStreaming: Display: Took  0.075s to configure plugins.
LogInit: Using libcurl 7.55.1-DEV
LogInit:  - built for x86_64-pc-win32
LogInit:  - supports SSL with OpenSSL/1.0.2h
LogInit:  - supports HTTP deflate (compression) using libz 1.2.8
LogInit:  - other features:
LogInit:      CURL_VERSION_SSL
LogInit:      CURL_VERSION_LIBZ
LogInit:      CURL_VERSION_IPV6
LogInit:      CURL_VERSION_ASYNCHDNS
LogInit:      CURL_VERSION_LARGEFILE
LogInit:      CURL_VERSION_IDN
LogInit:  CurlRequestOptions (configurable via config and command line):
LogInit:  - bVerifyPeer = true  - Libcurl will verify peer certificate
LogInit:  - bUseHttpProxy = false  - Libcurl will NOT use HTTP proxy
LogInit:  - bDontReuseConnections = false  - Libcurl will reuse connections
LogInit:  - MaxHostConnections = 16  - Libcurl will limit the number of connections to a host
LogInit:  - LocalHostAddr = Default
LogInit:  - BufferSize = 65536
LogInit: WinSock: version 1.1 (2.2), MaxSocks=32767, MaxUdp=65467
LogInit: Build: ++UE4+Release-4.21-CL-4753647
LogInit: Engine Version: 4.21.2-4753647+++UE4+Release-4.21
LogInit: Compatible Engine Version: 4.21.0-4541578+++UE4+Release-4.21
LogInit: Net CL: 4541578
LogInit: OS: Windows 10 (), CPU: Intel(R) Core(TM) i7-8809G CPU @ 3.10GHz, GPU: Radeon RX Vega M GH Graphics
LogInit: Compiled (64-bit): Jan 19 2019 02:07:31
LogInit: Compiled with Visual C++: 19.13.26129.00
LogInit: Build Configuration: Development
LogInit: Branch Name: ++UE4+Release-4.21
LogInit: Command Line: 
LogInit: Base Directory: C:/Program Files/Epic Games/UE_4.21/Engine/Binaries/Win64/
LogInit: Installed Engine Build: 1
LogDevObjectVersion: Number of dev versions registered: 22
LogDevObjectVersion:   Dev-Blueprints (B0D832E4-1F89-4F0D-ACCF-7EB736FD4AA2): 10
LogDevObjectVersion:   Dev-Build (E1C64328-A22C-4D53-A36C-8E866417BD8C): 0
LogDevObjectVersion:   Dev-Core (375EC13C-06E4-48FB-B500-84F0262A717E): 2
LogDevObjectVersion:   Dev-Editor (E4B068ED-F494-42E9-A231-DA0B2E46BB41): 26
LogDevObjectVersion:   Dev-Framework (CFFC743F-43B0-4480-9391-14DF171D2073): 34
LogDevObjectVersion:   Dev-Mobile (B02B49B5-BB20-44E9-A304-32B752E40360): 2
LogDevObjectVersion:   Dev-Networking (A4E4105C-59A1-49B5-A7C5-40C4547EDFEE): 0
LogDevObjectVersion:   Dev-Online (39C831C9-5AE6-47DC-9A44-9C173E1C8E7C): 0
LogDevObjectVersion:   Dev-Physics (78F01B33-EBEA-4F98-B9B4-84EACCB95AA2): 0
LogDevObjectVersion:   Dev-Platform (6631380F-2D4D-43E0-8009-CF276956A95A): 0
LogDevObjectVersion:   Dev-Rendering (12F88B9F-8875-4AFC-A67C-D90C383ABD29): 27
LogDevObjectVersion:   Dev-Sequencer (7B5AE74C-D270-4C10-A958-57980B212A5A): 9
LogDevObjectVersion:   Dev-VR (D7296918-1DD6-4BDD-9DE2-64A83CC13884): 2
LogDevObjectVersion:   Dev-LoadTimes (C2A15278-BFE7-4AFE-6C17-90FF531DF755): 1
LogDevObjectVersion:   Private-Geometry (6EACA3D4-40EC-4CC1-B786-8BED09428FC5): 3
LogDevObjectVersion:   Dev-AnimPhys (29E575DD-E0A3-4627-9D10-D276232CDCEA): 17
LogDevObjectVersion:   Dev-Anim (AF43A65D-7FD3-4947-9873-3E8ED9C1BB05): 2
LogDevObjectVersion:   Dev-ReflectionCapture (6B266CEC-1EC7-4B8F-A30B-E4D90942FC07): 1
LogDevObjectVersion:   Dev-Automation (0DF73D61-A23F-47EA-B727-89E90C41499A): 1
LogDevObjectVersion:   FortniteMain (601D1886-AC64-4F84-AA16-D3DE0DEAC7D6): 17
LogDevObjectVersion:   Dev-Enterprise (9DFFBCD6-494F-0158-E221-12823C92A888): 4
LogDevObjectVersion:   Dev-Niagara (F2AED0AC-9AFE-416F-8664-AA7FFA26D6FC): 1
LogStreaming: Display: Took  0.001s to delete old logs.
LogInit: Presizing for max 8388607 objects, including 0 objects not considered by GC, pre-allocating 0 bytes for permanent pool.
LogInit: Object subsystem initialized
LogConfig: Setting CVar [[con.DebugEarlyDefault:1]]
LogConfig: Setting CVar [[r.setres:1280x720]]
[2019.06.18-17.57.58:464][  0]LogConfig: Setting CVar [[r.VSync:0]]
[2019.06.18-17.57.58:464][  0]LogConfig: Setting CVar [[r.RHICmdBypass:0]]
[2019.06.18-17.57.58:464][  0]LogConfig: Applying CVar settings from Section [/Script/Engine.RendererSettings] File [C:/Users/u1114484/Documents/GitHub/EntireClass/SummerAssetPipe/BaseBlock/BaseCityBlock/Saved/Config/Windows/Engine.ini]
[2019.06.18-17.57.58:464][  0]LogConfig: Setting CVar [[r.GPUCrashDebugging:0]]
[2019.06.18-17.57.58:464][  0]LogConfig: Applying CVar settings from Section [/Script/Engine.RendererOverrideSettings] File [C:/Users/u1114484/Documents/GitHub/EntireClass/SummerAssetPipe/BaseBlock/BaseCityBlock/Saved/Config/Windows/Engine.ini]
[2019.06.18-17.57.58:464][  0]LogConfig: Applying CVar settings from Section [/Script/Engine.StreamingSettings] File [C:/Users/u1114484/Documents/GitHub/EntireClass/SummerAssetPipe/BaseBlock/BaseCityBlock/Saved/Config/Windows/Engine.ini]
[2019.06.18-17.57.58:464][  0]LogConfig: Setting CVar [[s.MinBulkDataSizeForAsyncLoading:131072]]
[2019.06.18-17.57.58:464][  0]LogConfig: Setting CVar [[s.AsyncLoadingThreadEnabled:0]]
[2019.06.18-17.57.58:464][  0]LogConfig: Setting CVar [[s.EventDrivenLoaderEnabled:1]]
[2019.06.18-17.57.58:464][  0]LogConfig: Setting CVar [[s.WarnIfTimeLimitExceeded:0]]
[2019.06.18-17.57.58:464][  0]LogConfig: Setting CVar [[s.TimeLimitExceededMultiplier:1.5]]
[2019.06.18-17.57.58:464][  0]LogConfig: Setting CVar [[s.TimeLimitExceededMinTime:0.005]]
[2019.06.18-17.57.58:464][  0]LogConfig: Setting CVar [[s.UseBackgroundLevelStreaming:1]]
[2019.06.18-17.57.58:464][  0]LogConfig: Setting CVar [[s.PriorityAsyncLoadingExtraTime:15.0]]
[2019.06.18-17.57.58:464][  0]LogConfig: Setting CVar [[s.LevelStreamingActorsUpdateTimeLimit:5.0]]
[2019.06.18-17.57.58:464][  0]LogConfig: Setting CVar [[s.PriorityLevelStreamingActorsUpdateExtraTime:5.0]]
[2019.06.18-17.57.58:464][  0]LogConfig: Setting CVar [[s.LevelStreamingComponentsRegistrationGranularity:10]]
[2019.06.18-17.57.58:464][  0]LogConfig: Setting CVar [[s.UnregisterComponentsTimeLimit:1.0]]
[2019.06.18-17.57.58:464][  0]LogConfig: Setting CVar [[s.LevelStreamingComponentsUnregistrationGranularity:5]]
[2019.06.18-17.57.58:464][  0]LogConfig: Applying CVar settings from Section [/Script/Engine.GarbageCollectionSettings] File [C:/Users/u1114484/Documents/GitHub/EntireClass/SummerAssetPipe/BaseBlock/BaseCityBlock/Saved/Config/Windows/Engine.ini]
[2019.06.18-17.57.58:464][  0]LogConfig: Setting CVar [[gc.MaxObjectsNotConsideredByGC:1]]
[2019.06.18-17.57.58:464][  0]LogConfig: Setting CVar [[gc.SizeOfPermanentObjectPool:0]]
[2019.06.18-17.57.58:464][  0]LogConfig: Setting CVar [[gc.FlushStreamingOnGC:0]]
[2019.06.18-17.57.58:464][  0]LogConfig: Setting CVar [[gc.NumRetriesBeforeForcingGC:10]]
[2019.06.18-17.57.58:464][  0]LogConfig: Setting CVar [[gc.AllowParallelGC:1]]
[2019.06.18-17.57.58:464][  0]LogConfig: Setting CVar [[gc.TimeBetweenPurgingPendingKillObjects:61.1]]
[2019.06.18-17.57.58:464][  0]LogConfig: Setting CVar [[gc.MaxObjectsInEditor:8388607]]
[2019.06.18-17.57.58:464][  0]LogConfig: Setting CVar [[gc.IncrementalBeginDestroyEnabled:1]]
[2019.06.18-17.57.58:464][  0]LogConfig: Setting CVar [[gc.CreateGCClusters:1]]
[2019.06.18-17.57.58:464][  0]LogConfig: Setting CVar [[gc.MergeGCClusters:0]]
[2019.06.18-17.57.58:464][  0]LogConfig: Setting CVar [[gc.MinGCClusterSize:5]]
[2019.06.18-17.57.58:464][  0]LogConfig: Setting CVar [[gc.ActorClusteringEnabled:0]]
[2019.06.18-17.57.58:465][  0]LogConfig: Setting CVar [[gc.BlueprintClusteringEnabled:0]]
[2019.06.18-17.57.58:465][  0]LogConfig: Setting CVar [[gc.UseDisregardForGCOnDedicatedServers:0]]
[2019.06.18-17.57.58:465][  0]LogConfig: Applying CVar settings from Section [/Script/Engine.NetworkSettings] File [C:/Users/u1114484/Documents/GitHub/EntireClass/SummerAssetPipe/BaseBlock/BaseCityBlock/Saved/Config/Windows/Engine.ini]
[2019.06.18-17.57.58:465][  0]LogConfig: Applying CVar settings from Section [/Script/UnrealEd.CookerSettings] File [C:/Users/u1114484/Documents/GitHub/EntireClass/SummerAssetPipe/BaseBlock/BaseCityBlock/Saved/Config/Windows/Engine.ini]
[2019.06.18-17.57.58:468][  0]LogConfig: Applying CVar settings from Section [ViewDistanceQuality@3] File [C:/Users/u1114484/Documents/GitHub/EntireClass/SummerAssetPipe/BaseBlock/BaseCityBlock/Saved/Config/Windows/Scalability.ini]
[2019.06.18-17.57.58:468][  0]LogConfig: Setting CVar [[r.SkeletalMeshLODBias:0]]
[2019.06.18-17.57.58:468][  0]LogConfig: Setting CVar [[r.ViewDistanceScale:1.0]]
[2019.06.18-17.57.58:468][  0]LogConfig: Applying CVar settings from Section [AntiAliasingQuality@3] File [C:/Users/u1114484/Documents/GitHub/EntireClass/SummerAssetPipe/BaseBlock/BaseCityBlock/Saved/Config/Windows/Scalability.ini]
[2019.06.18-17.57.58:468][  0]LogConfig: Setting CVar [[r.PostProcessAAQuality:4]]
[2019.06.18-17.57.58:468][  0]LogConfig: Applying CVar settings from Section [ShadowQuality@3] File [C:/Users/u1114484/Documents/GitHub/EntireClass/SummerAssetPipe/BaseBlock/BaseCityBlock/Saved/Config/Windows/Scalability.ini]
[2019.06.18-17.57.58:468][  0]LogConfig: Setting CVar [[r.LightFunctionQuality:1]]
[2019.06.18-17.57.58:468][  0]LogConfig: Setting CVar [[r.ShadowQuality:5]]
[2019.06.18-17.57.58:468][  0]LogConfig: Setting CVar [[r.Shadow.CSM.MaxCascades:10]]
[2019.06.18-17.57.58:468][  0]LogConfig: Setting CVar [[r.Shadow.MaxResolution:2048]]
[2019.06.18-17.57.58:468][  0]LogConfig: Setting CVar [[r.Shadow.MaxCSMResolution:2048]]
[2019.06.18-17.57.58:468][  0]LogConfig: Setting CVar [[r.Shadow.RadiusThreshold:0.01]]
[2019.06.18-17.57.58:469][  0]LogConfig: Setting CVar [[r.Shadow.DistanceScale:1.0]]
[2019.06.18-17.57.58:469][  0]LogConfig: Setting CVar [[r.Shadow.CSM.TransitionScale:1.0]]
[2019.06.18-17.57.58:469][  0]LogConfig: Setting CVar [[r.Shadow.PreShadowResolutionFactor:1.0]]
[2019.06.18-17.57.58:469][  0]LogConfig: Setting CVar [[r.DistanceFieldShadowing:1]]
[2019.06.18-17.57.58:469][  0]LogConfig: Setting CVar [[r.DistanceFieldAO:1]]
[2019.06.18-17.57.58:469][  0]LogConfig: Setting CVar [[r.AOQuality:2]]
[2019.06.18-17.57.58:469][  0]LogConfig: Setting CVar [[r.VolumetricFog:1]]
[2019.06.18-17.57.58:469][  0]LogConfig: Setting CVar [[r.VolumetricFog.GridPixelSize:8]]
[2019.06.18-17.57.58:469][  0]LogConfig: Setting CVar [[r.VolumetricFog.GridSizeZ:128]]
[2019.06.18-17.57.58:469][  0]LogConfig: Setting CVar [[r.VolumetricFog.HistoryMissSupersampleCount:4]]
[2019.06.18-17.57.58:469][  0]LogConfig: Setting CVar [[r.LightMaxDrawDistanceScale:1]]
[2019.06.18-17.57.58:469][  0]LogConfig: Setting CVar [[r.CapsuleShadows:1]]
[2019.06.18-17.57.58:469][  0]LogConfig: Applying CVar settings from Section [PostProcessQuality@3] File [C:/Users/u1114484/Documents/GitHub/EntireClass/SummerAssetPipe/BaseBlock/BaseCityBlock/Saved/Config/Windows/Scalability.ini]
[2019.06.18-17.57.58:469][  0]LogConfig: Setting CVar [[r.MotionBlurQuality:4]]
[2019.06.18-17.57.58:469][  0]LogConfig: Setting CVar [[r.AmbientOcclusionMipLevelFactor:0.4]]
[2019.06.18-17.57.58:469][  0]LogConfig: Setting CVar [[r.AmbientOcclusionMaxQuality:100]]
[2019.06.18-17.57.58:469][  0]LogConfig: Setting CVar [[r.AmbientOcclusionLevels:-1]]
[2019.06.18-17.57.58:469][  0]LogConfig: Setting CVar [[r.AmbientOcclusionRadiusScale:1.0]]
[2019.06.18-17.57.58:469][  0]LogConfig: Setting CVar [[r.DepthOfFieldQuality:2]]
[2019.06.18-17.57.58:469][  0]LogConfig: Setting CVar [[r.RenderTargetPoolMin:400]]
[2019.06.18-17.57.58:469][  0]LogConfig: Setting CVar [[r.LensFlareQuality:2]]
[2019.06.18-17.57.58:469][  0]LogConfig: Setting CVar [[r.SceneColorFringeQuality:1]]
[2019.06.18-17.57.58:469][  0]LogConfig: Setting CVar [[r.EyeAdaptationQuality:2]]
[2019.06.18-17.57.58:469][  0]LogConfig: Setting CVar [[r.BloomQuality:5]]
[2019.06.18-17.57.58:469][  0]LogConfig: Setting CVar [[r.FastBlurThreshold:100]]
[2019.06.18-17.57.58:469][  0]LogConfig: Setting CVar [[r.Upscale.Quality:3]]
[2019.06.18-17.57.58:469][  0]LogConfig: Setting CVar [[r.Tonemapper.GrainQuantization:1]]
[2019.06.18-17.57.58:469][  0]LogConfig: Setting CVar [[r.LightShaftQuality:1]]
[2019.06.18-17.57.58:469][  0]LogConfig: Setting CVar [[r.Filter.SizeScale:1]]
[2019.06.18-17.57.58:469][  0]LogConfig: Setting CVar [[r.Tonemapper.Quality:5]]
[2019.06.18-17.57.58:469][  0]LogConfig: Setting CVar [[r.DOF.Gather.AccumulatorQuality:1        ; higher gathering accumulator quality]]
[2019.06.18-17.57.58:469][  0]LogConfig: Setting CVar [[r.DOF.Gather.PostfilterMethod:1          ; Median3x3 postfilering method]]
[2019.06.18-17.57.58:469][  0]LogConfig: Setting CVar [[r.DOF.Gather.EnableBokehSettings:0       ; no bokeh simulation when gathering]]
[2019.06.18-17.57.58:469][  0]LogConfig: Setting CVar [[r.DOF.Gather.RingCount:4                 ; medium number of samples when gathering]]
[2019.06.18-17.57.58:469][  0]LogConfig: Setting CVar [[r.DOF.Scatter.ForegroundCompositing:1    ; additive foreground scattering]]
[2019.06.18-17.57.58:469][  0]LogConfig: Setting CVar [[r.DOF.Scatter.BackgroundCompositing:2    ; additive background scattering]]
[2019.06.18-17.57.58:469][  0]LogConfig: Setting CVar [[r.DOF.Scatter.EnableBokehSettings:1      ; bokeh simulation when scattering]]
[2019.06.18-17.57.58:469][  0]LogConfig: Setting CVar [[r.DOF.Scatter.MaxSpriteRatio:0.1         ; only a maximum of 10% of scattered bokeh]]
[2019.06.18-17.57.58:469][  0]LogConfig: Setting CVar [[r.DOF.Recombine.Quality:1                ; cheap slight out of focus]]
[2019.06.18-17.57.58:469][  0]LogConfig: Setting CVar [[r.DOF.Recombine.EnableBokehSettings:0    ; no bokeh simulation on slight out of focus]]
[2019.06.18-17.57.58:469][  0]LogConfig: Setting CVar [[r.DOF.TemporalAAQuality:1                ; more stable temporal accumulation]]
[2019.06.18-17.57.58:469][  0]LogConfig: Setting CVar [[r.DOF.Kernel.MaxForegroundRadius:0.025]]
[2019.06.18-17.57.58:469][  0]LogConfig: Setting CVar [[r.DOF.Kernel.MaxBackgroundRadius:0.025]]
[2019.06.18-17.57.58:469][  0]LogConfig: Applying CVar settings from Section [TextureQuality@3] File [C:/Users/u1114484/Documents/GitHub/EntireClass/SummerAssetPipe/BaseBlock/BaseCityBlock/Saved/Config/Windows/Scalability.ini]
[2019.06.18-17.57.58:469][  0]LogConfig: Setting CVar [[r.Streaming.MipBias:0]]
[2019.06.18-17.57.58:469][  0]LogConfig: Setting CVar [[r.Streaming.AmortizeCPUToGPUCopy:0]]
[2019.06.18-17.57.58:469][  0]LogConfig: Setting CVar [[r.Streaming.MaxNumTexturesToStreamPerFrame:0]]
[2019.06.18-17.57.58:469][  0]LogConfig: Setting CVar [[r.Streaming.Boost:1]]
[2019.06.18-17.57.58:469][  0]LogConfig: Setting CVar [[r.MaxAnisotropy:8]]
[2019.06.18-17.57.58:469][  0]LogConfig: Setting CVar [[r.Streaming.LimitPoolSizeToVRAM:0]]
[2019.06.18-17.57.58:469][  0]LogConfig: Setting CVar [[r.Streaming.PoolSize:1000]]
[2019.06.18-17.57.58:469][  0]LogConfig: Setting CVar [[r.Streaming.MaxEffectiveScreenSize:0]]
[2019.06.18-17.57.58:469][  0]LogConfig: Applying CVar settings from Section [EffectsQuality@3] File [C:/Users/u1114484/Documents/GitHub/EntireClass/SummerAssetPipe/BaseBlock/BaseCityBlock/Saved/Config/Windows/Scalability.ini]
[2019.06.18-17.57.58:469][  0]LogConfig: Setting CVar [[r.TranslucencyLightingVolumeDim:64]]
[2019.06.18-17.57.58:469][  0]LogConfig: Setting CVar [[r.RefractionQuality:2]]
[2019.06.18-17.57.58:469][  0]LogConfig: Setting CVar [[r.SSR.Quality:3]]
[2019.06.18-17.57.58:469][  0]LogConfig: Setting CVar [[r.SceneColorFormat:4]]
[2019.06.18-17.57.58:469][  0]LogConfig: Setting CVar [[r.DetailMode:2]]
[2019.06.18-17.57.58:469][  0]LogConfig: Setting CVar [[r.TranslucencyVolumeBlur:1]]
[2019.06.18-17.57.58:469][  0]LogConfig: Setting CVar [[r.MaterialQualityLevel:1 ; High quality]]
[2019.06.18-17.57.58:469][  0]LogConfig: Setting CVar [[r.SSS.Scale:1]]
[2019.06.18-17.57.58:469][  0]LogConfig: Setting CVar [[r.SSS.SampleSet:2]]
[2019.06.18-17.57.58:469][  0]LogConfig: Setting CVar [[r.SSS.Quality:1]]
[2019.06.18-17.57.58:469][  0]LogConfig: Setting CVar [[r.SSS.HalfRes:1]]
[2019.06.18-17.57.58:469][  0]LogConfig: Setting CVar [[r.EmitterSpawnRateScale:1.0]]
[2019.06.18-17.57.58:469][  0]LogConfig: Setting CVar [[r.ParticleLightQuality:2]]
[2019.06.18-17.57.58:469][  0]LogConfig: Applying CVar settings from Section [FoliageQuality@3] File [C:/Users/u1114484/Documents/GitHub/EntireClass/SummerAssetPipe/BaseBlock/BaseCityBlock/Saved/Config/Windows/Scalability.ini]
[2019.06.18-17.57.58:469][  0]LogConfig: Setting CVar [[foliage.DensityScale:1.0]]
[2019.06.18-17.57.58:469][  0]LogConfig: Setting CVar [[grass.DensityScale:1.0]]
[2019.06.18-17.57.58:469][  0]LogInit: Selected Device Profile: [Windows]
[2019.06.18-17.57.58:469][  0]LogInit: Applying CVar settings loaded from the selected device profile: [Windows]
[2019.06.18-17.57.58:480][  0]LogHAL: Display: Platform has ~ 16 GB [17094639616 / 17179869184 / 16], which maps to Larger [LargestMinGB=32, LargerMinGB=12, DefaultMinGB=8, SmallerMinGB=6, SmallestMinGB=0)
[2019.06.18-17.57.58:481][  0]LogConfig: Setting CVar [[r.Vulkan.UseRealUBs:1]]
[2019.06.18-17.57.58:481][  0]LogInit: Going up to parent DeviceProfile []
[2019.06.18-17.57.58:481][  0]LogConfig: Applying CVar settings from Section [ViewDistanceQuality@3] File [C:/Users/u1114484/Documents/GitHub/EntireClass/SummerAssetPipe/BaseBlock/BaseCityBlock/Saved/Config/Windows/Scalability.ini]
[2019.06.18-17.57.58:481][  0]LogConfig: Setting CVar [[r.SkeletalMeshLODBias:0]]
[2019.06.18-17.57.58:481][  0]LogConfig: Setting CVar [[r.ViewDistanceScale:1.0]]
[2019.06.18-17.57.58:481][  0]LogConfig: Applying CVar settings from Section [AntiAliasingQuality@3] File [C:/Users/u1114484/Documents/GitHub/EntireClass/SummerAssetPipe/BaseBlock/BaseCityBlock/Saved/Config/Windows/Scalability.ini]
[2019.06.18-17.57.58:481][  0]LogConfig: Setting CVar [[r.PostProcessAAQuality:4]]
[2019.06.18-17.57.58:481][  0]LogConfig: Applying CVar settings from Section [ShadowQuality@3] File [C:/Users/u1114484/Documents/GitHub/EntireClass/SummerAssetPipe/BaseBlock/BaseCityBlock/Saved/Config/Windows/Scalability.ini]
[2019.06.18-17.57.58:481][  0]LogConfig: Setting CVar [[r.LightFunctionQuality:1]]
[2019.06.18-17.57.58:481][  0]LogConfig: Setting CVar [[r.ShadowQuality:5]]
[2019.06.18-17.57.58:481][  0]LogConfig: Setting CVar [[r.Shadow.CSM.MaxCascades:10]]
[2019.06.18-17.57.58:481][  0]LogConfig: Setting CVar [[r.Shadow.MaxResolution:2048]]
[2019.06.18-17.57.58:481][  0]LogConfig: Setting CVar [[r.Shadow.MaxCSMResolution:2048]]
[2019.06.18-17.57.58:481][  0]LogConfig: Setting CVar [[r.Shadow.RadiusThreshold:0.01]]
[2019.06.18-17.57.58:481][  0]LogConfig: Setting CVar [[r.Shadow.DistanceScale:1.0]]
[2019.06.18-17.57.58:481][  0]LogConfig: Setting CVar [[r.Shadow.CSM.TransitionScale:1.0]]
[2019.06.18-17.57.58:481][  0]LogConfig: Setting CVar [[r.Shadow.PreShadowResolutionFactor:1.0]]
[2019.06.18-17.57.58:481][  0]LogConfig: Setting CVar [[r.DistanceFieldShadowing:1]]
[2019.06.18-17.57.58:481][  0]LogConfig: Setting CVar [[r.DistanceFieldAO:1]]
[2019.06.18-17.57.58:481][  0]LogConfig: Setting CVar [[r.AOQuality:2]]
[2019.06.18-17.57.58:481][  0]LogConfig: Setting CVar [[r.VolumetricFog:1]]
[2019.06.18-17.57.58:481][  0]LogConfig: Setting CVar [[r.VolumetricFog.GridPixelSize:8]]
[2019.06.18-17.57.58:481][  0]LogConfig: Setting CVar [[r.VolumetricFog.GridSizeZ:128]]
[2019.06.18-17.57.58:481][  0]LogConfig: Setting CVar [[r.VolumetricFog.HistoryMissSupersampleCount:4]]
[2019.06.18-17.57.58:481][  0]LogConfig: Setting CVar [[r.LightMaxDrawDistanceScale:1]]
[2019.06.18-17.57.58:481][  0]LogConfig: Setting CVar [[r.CapsuleShadows:1]]
[2019.06.18-17.57.58:481][  0]LogConfig: Applying CVar settings from Section [PostProcessQuality@3] File [C:/Users/u1114484/Documents/GitHub/EntireClass/SummerAssetPipe/BaseBlock/BaseCityBlock/Saved/Config/Windows/Scalability.ini]
[2019.06.18-17.57.58:481][  0]LogConfig: Setting CVar [[r.MotionBlurQuality:4]]
[2019.06.18-17.57.58:481][  0]LogConfig: Setting CVar [[r.AmbientOcclusionMipLevelFactor:0.4]]
[2019.06.18-17.57.58:481][  0]LogConfig: Setting CVar [[r.AmbientOcclusionMaxQuality:100]]
[2019.06.18-17.57.58:481][  0]LogConfig: Setting CVar [[r.AmbientOcclusionLevels:-1]]
[2019.06.18-17.57.58:481][  0]LogConfig: Setting CVar [[r.AmbientOcclusionRadiusScale:1.0]]
[2019.06.18-17.57.58:481][  0]LogConfig: Setting CVar [[r.DepthOfFieldQuality:2]]
[2019.06.18-17.57.58:481][  0]LogConfig: Setting CVar [[r.RenderTargetPoolMin:400]]
[2019.06.18-17.57.58:481][  0]LogConfig: Setting CVar [[r.LensFlareQuality:2]]
[2019.06.18-17.57.58:481][  0]LogConfig: Setting CVar [[r.SceneColorFringeQuality:1]]
[2019.06.18-17.57.58:481][  0]LogConfig: Setting CVar [[r.EyeAdaptationQuality:2]]
[2019.06.18-17.57.58:481][  0]LogConfig: Setting CVar [[r.BloomQuality:5]]
[2019.06.18-17.57.58:481][  0]LogConfig: Setting CVar [[r.FastBlurThreshold:100]]
[2019.06.18-17.57.58:481][  0]LogConfig: Setting CVar [[r.Upscale.Quality:3]]
[2019.06.18-17.57.58:481][  0]LogConfig: Setting CVar [[r.Tonemapper.GrainQuantization:1]]
[2019.06.18-17.57.58:481][  0]LogConfig: Setting CVar [[r.LightShaftQuality:1]]
[2019.06.18-17.57.58:481][  0]LogConfig: Setting CVar [[r.Filter.SizeScale:1]]
[2019.06.18-17.57.58:481][  0]LogConfig: Setting CVar [[r.Tonemapper.Quality:5]]
[2019.06.18-17.57.58:481][  0]LogConfig: Setting CVar [[r.DOF.Gather.AccumulatorQuality:1        ; higher gathering accumulator quality]]
[2019.06.18-17.57.58:481][  0]LogConfig: Setting CVar [[r.DOF.Gather.PostfilterMethod:1          ; Median3x3 postfilering method]]
[2019.06.18-17.57.58:481][  0]LogConfig: Setting CVar [[r.DOF.Gather.EnableBokehSettings:0       ; no bokeh simulation when gathering]]
[2019.06.18-17.57.58:481][  0]LogConfig: Setting CVar [[r.DOF.Gather.RingCount:4                 ; medium number of samples when gathering]]
[2019.06.18-17.57.58:481][  0]LogConfig: Setting CVar [[r.DOF.Scatter.ForegroundCompositing:1    ; additive foreground scattering]]
[2019.06.18-17.57.58:481][  0]LogConfig: Setting CVar [[r.DOF.Scatter.BackgroundCompositing:2    ; additive background scattering]]
[2019.06.18-17.57.58:481][  0]LogConfig: Setting CVar [[r.DOF.Scatter.EnableBokehSettings:1      ; bokeh simulation when scattering]]
[2019.06.18-17.57.58:481][  0]LogConfig: Setting CVar [[r.DOF.Scatter.MaxSpriteRatio:0.1         ; only a maximum of 10% of scattered bokeh]]
[2019.06.18-17.57.58:481][  0]LogConfig: Setting CVar [[r.DOF.Recombine.Quality:1                ; cheap slight out of focus]]
[2019.06.18-17.57.58:481][  0]LogConfig: Setting CVar [[r.DOF.Recombine.EnableBokehSettings:0    ; no bokeh simulation on slight out of focus]]
[2019.06.18-17.57.58:481][  0]LogConfig: Setting CVar [[r.DOF.TemporalAAQuality:1                ; more stable temporal accumulation]]
[2019.06.18-17.57.58:481][  0]LogConfig: Setting CVar [[r.DOF.Kernel.MaxForegroundRadius:0.025]]
[2019.06.18-17.57.58:481][  0]LogConfig: Setting CVar [[r.DOF.Kernel.MaxBackgroundRadius:0.025]]
[2019.06.18-17.57.58:481][  0]LogConfig: Applying CVar settings from Section [TextureQuality@3] File [C:/Users/u1114484/Documents/GitHub/EntireClass/SummerAssetPipe/BaseBlock/BaseCityBlock/Saved/Config/Windows/Scalability.ini]
[2019.06.18-17.57.58:481][  0]LogConfig: Setting CVar [[r.Streaming.MipBias:0]]
[2019.06.18-17.57.58:481][  0]LogConfig: Setting CVar [[r.Streaming.AmortizeCPUToGPUCopy:0]]
[2019.06.18-17.57.58:481][  0]LogConfig: Setting CVar [[r.Streaming.MaxNumTexturesToStreamPerFrame:0]]
[2019.06.18-17.57.58:481][  0]LogConfig: Setting CVar [[r.Streaming.Boost:1]]
[2019.06.18-17.57.58:481][  0]LogConfig: Setting CVar [[r.MaxAnisotropy:8]]
[2019.06.18-17.57.58:481][  0]LogConfig: Setting CVar [[r.Streaming.LimitPoolSizeToVRAM:0]]
[2019.06.18-17.57.58:481][  0]LogConfig: Setting CVar [[r.Streaming.PoolSize:1000]]
[2019.06.18-17.57.58:481][  0]LogConfig: Setting CVar [[r.Streaming.MaxEffectiveScreenSize:0]]
[2019.06.18-17.57.58:481][  0]LogConfig: Applying CVar settings from Section [EffectsQuality@3] File [C:/Users/u1114484/Documents/GitHub/EntireClass/SummerAssetPipe/BaseBlock/BaseCityBlock/Saved/Config/Windows/Scalability.ini]
[2019.06.18-17.57.58:481][  0]LogConfig: Setting CVar [[r.TranslucencyLightingVolumeDim:64]]
[2019.06.18-17.57.58:481][  0]LogConfig: Setting CVar [[r.RefractionQuality:2]]
[2019.06.18-17.57.58:481][  0]LogConfig: Setting CVar [[r.SSR.Quality:3]]
[2019.06.18-17.57.58:481][  0]LogConfig: Setting CVar [[r.SceneColorFormat:4]]
[2019.06.18-17.57.58:481][  0]LogConfig: Setting CVar [[r.DetailMode:2]]
[2019.06.18-17.57.58:481][  0]LogConfig: Setting CVar [[r.TranslucencyVolumeBlur:1]]
[2019.06.18-17.57.58:481][  0]LogConfig: Setting CVar [[r.MaterialQualityLevel:1 ; High quality]]
[2019.06.18-17.57.58:481][  0]LogConfig: Setting CVar [[r.SSS.Scale:1]]
[2019.06.18-17.57.58:481][  0]LogConfig: Setting CVar [[r.SSS.SampleSet:2]]
[2019.06.18-17.57.58:481][  0]LogConfig: Setting CVar [[r.SSS.Quality:1]]
[2019.06.18-17.57.58:481][  0]LogConfig: Setting CVar [[r.SSS.HalfRes:1]]
[2019.06.18-17.57.58:481][  0]LogConfig: Setting CVar [[r.EmitterSpawnRateScale:1.0]]
[2019.06.18-17.57.58:482][  0]LogConfig: Setting CVar [[r.ParticleLightQuality:2]]
[2019.06.18-17.57.58:482][  0]LogConfig: Applying CVar settings from Section [FoliageQuality@3] File [C:/Users/u1114484/Documents/GitHub/EntireClass/SummerAssetPipe/BaseBlock/BaseCityBlock/Saved/Config/Windows/Scalability.ini]
[2019.06.18-17.57.58:482][  0]LogConfig: Setting CVar [[foliage.DensityScale:1.0]]
[2019.06.18-17.57.58:482][  0]LogConfig: Setting CVar [[grass.DensityScale:1.0]]
[2019.06.18-17.57.58:482][  0]LogConfig: Applying CVar settings from Section [Startup] File [../../../Engine/Config/ConsoleVariables.ini]
[2019.06.18-17.57.58:482][  0]LogConfig: Setting CVar [[net.UseAdaptiveNetUpdateFrequency:0]]
[2019.06.18-17.57.58:482][  0]LogConfig: Applying CVar settings from Section [ConsoleVariables] File [C:/Users/u1114484/Documents/GitHub/EntireClass/SummerAssetPipe/BaseBlock/BaseCityBlock/Saved/Config/Windows/Engine.ini]
[2019.06.18-17.57.58:482][  0]LogInit: Computer: eae-n-016
[2019.06.18-17.57.58:482][  0]LogInit: User: u1114484
[2019.06.18-17.57.58:482][  0]LogInit: CPU Page size=4096, Cores=4
[2019.06.18-17.57.58:482][  0]LogInit: High frequency timer resolution =3.023441 MHz
[2019.06.18-17.57.58:482][  0]LogMemory: Memory total: Physical=15.9GB (16GB approx)
[2019.06.18-17.57.58:482][  0]LogMemory: Platform Memory Stats for Windows
[2019.06.18-17.57.58:482][  0]LogMemory: Process Physical Memory: 102.01 MB used, 102.01 MB peak
[2019.06.18-17.57.58:482][  0]LogMemory: Process Virtual Memory: 91.34 MB used, 91.34 MB peak
[2019.06.18-17.57.58:482][  0]LogMemory: Physical Memory: 5691.85 MB used,  10610.87 MB free, 16302.72 MB total
[2019.06.18-17.57.58:482][  0]LogMemory: Virtual Memory: 4647.91 MB used,  134213080.00 MB free, 134217728.00 MB total
[2019.06.18-17.57.58:497][  0]LogInit: Using OS detected language (en-US).
[2019.06.18-17.57.58:497][  0]LogInit: Using OS detected locale (en-US).
[2019.06.18-17.57.58:498][  0]LogTextLocalizationManager: No specific localization for 'en-US' exists, so the 'en' localization will be used.
[2019.06.18-17.57.58:854][  0]LogStreaming: Display: Took  0.356s to InitEngineTextLocalization.
[2019.06.18-17.57.58:855][  0]LogInit: Setting process to per monitor DPI aware
[2019.06.18-17.57.58:891][  0]LogSlate: New Slate User Created.  User Index 0, Is Virtual User: 0
[2019.06.18-17.57.58:891][  0]LogSlate: Slate User Registered.  User Index 0, Is Virtual User: 0
[2019.06.18-17.57.59:086][  0]LogHMD: Failed to initialize OpenVR with code 110
[2019.06.18-17.57.59:086][  0]LogD3D11RHI: D3D11 adapters:
[2019.06.18-17.57.59:121][  0]LogD3D11RHI:    0. 'Radeon RX Vega M GH Graphics' (Feature Level 11_0)
[2019.06.18-17.57.59:121][  0]LogD3D11RHI:       4042/0/8151 MB DedicatedVideo/DedicatedSystem/SharedSystem, Outputs:1, VendorId:0x1002
[2019.06.18-17.57.59:144][  0]LogD3D11RHI:    1. 'Intel(R) HD Graphics 630' (Feature Level 11_0)
[2019.06.18-17.57.59:144][  0]LogD3D11RHI:       128/0/8151 MB DedicatedVideo/DedicatedSystem/SharedSystem, Outputs:0, VendorId:0x8086
[2019.06.18-17.57.59:146][  0]LogD3D11RHI:    2. 'Microsoft Basic Render Driver' (Feature Level 11_0)
[2019.06.18-17.57.59:146][  0]LogD3D11RHI:       0/0/8151 MB DedicatedVideo/DedicatedSystem/SharedSystem, Outputs:0, VendorId:0x1414
[2019.06.18-17.57.59:146][  0]LogD3D11RHI: Chosen D3D11 Adapter: 0
[2019.06.18-17.57.59:155][  0]LogD3D11RHI: Creating new Direct3DDevice
[2019.06.18-17.57.59:155][  0]LogD3D11RHI:     GPU DeviceId: 0x694c (for the marketing name, search the web for "GPU Device Id")
[2019.06.18-17.57.59:155][  0]LogWindows: EnumDisplayDevices:
[2019.06.18-17.57.59:155][  0]LogWindows:    0. 'Radeon RX Vega M GH Graphics' (P:1 D:1)
[2019.06.18-17.57.59:155][  0]LogWindows:    1. 'Radeon RX Vega M GH Graphics' (P:0 D:0)
[2019.06.18-17.57.59:155][  0]LogWindows:    2. 'Radeon RX Vega M GH Graphics' (P:0 D:0)
[2019.06.18-17.57.59:156][  0]LogWindows:    3. 'Radeon RX Vega M GH Graphics' (P:0 D:0)
[2019.06.18-17.57.59:156][  0]LogWindows:    4. 'Radeon RX Vega M GH Graphics' (P:0 D:0)
[2019.06.18-17.57.59:156][  0]LogWindows:    5. 'Radeon RX Vega M GH Graphics' (P:0 D:0)
[2019.06.18-17.57.59:156][  0]LogWindows:    6. 'Radeon RX Vega M GH Graphics' (P:0 D:0)
[2019.06.18-17.57.59:157][  0]LogWindows:    7. 'Radeon RX Vega M GH Graphics' (P:0 D:0)
[2019.06.18-17.57.59:157][  0]LogWindows:    8. 'Intel(R) HD Graphics 630' (P:0 D:0)
[2019.06.18-17.57.59:157][  0]LogWindows:    9. 'Intel(R) HD Graphics 630' (P:0 D:0)
[2019.06.18-17.57.59:157][  0]LogWindows: DebugString: PrimaryIsNotTheChoosenAdapter PrimaryIsNotTheChoosenAdapter FoundDriverCount:8 
[2019.06.18-17.57.59:157][  0]LogD3D11RHI:     Adapter Name: Radeon RX Vega M GH Graphics
[2019.06.18-17.57.59:157][  0]LogD3D11RHI:   Driver Version: Adrenalin 19 18.12.2 (internal:25.20.15002.58, unified:25.20.15002.58)
[2019.06.18-17.57.59:157][  0]LogD3D11RHI:      Driver Date: 12-6-2018
[2019.06.18-17.57.59:157][  0]LogRHI: Texture pool is 2829 MB (70% of 4042 MB)
[2019.06.18-17.57.59:249][  0]LogD3D11RHI: Async texture creation enabled
[2019.06.18-17.57.59:260][  0]LogD3D11RHI: GPU Timing Frequency: 25.000000 (Debug: 2 1)
[2019.06.18-17.57.59:525][  0]LogTemp: Display: Loaded TP AllDesktopTargetPlatform
[2019.06.18-17.57.59:538][  0]LogTemp: Display: Loaded TP MacClientTargetPlatform
[2019.06.18-17.57.59:550][  0]LogTemp: Display: Loaded TP MacNoEditorTargetPlatform
[2019.06.18-17.57.59:561][  0]LogTemp: Display: Loaded TP MacServerTargetPlatform
[2019.06.18-17.57.59:573][  0]LogTemp: Display: Loaded TP MacTargetPlatform
[2019.06.18-17.57.59:585][  0]LogTemp: Display: Loaded TP WindowsClientTargetPlatform
[2019.06.18-17.57.59:598][  0]LogTemp: Display: Loaded TP WindowsNoEditorTargetPlatform
[2019.06.18-17.57.59:610][  0]LogTemp: Display: Loaded TP WindowsServerTargetPlatform
[2019.06.18-17.57.59:615][  0]LogTemp: Display: Loaded TP WindowsTargetPlatform
[2019.06.18-17.57.59:694][  0]LogTemp: Display: Loaded TP AndroidTargetPlatform
[2019.06.18-17.57.59:694][  0]LogTemp: Display: Loaded TP AndroidTargetPlatform
[2019.06.18-17.57.59:694][  0]LogTemp: Display: Loaded TP AndroidTargetPlatform
[2019.06.18-17.57.59:694][  0]LogTemp: Display: Loaded TP AndroidTargetPlatform
[2019.06.18-17.57.59:694][  0]LogTemp: Display: Loaded TP AndroidTargetPlatform
[2019.06.18-17.57.59:694][  0]LogTemp: Display: Loaded TP AndroidTargetPlatform
[2019.06.18-17.57.59:694][  0]LogTemp: Display: Loaded TP AndroidTargetPlatform
[2019.06.18-17.57.59:694][  0]LogTemp: Display: Loaded TP AndroidTargetPlatform
[2019.06.18-17.57.59:694][  0]LogTemp: Display: Loaded TP AndroidTargetPlatform
[2019.06.18-17.57.59:694][  0]LogTemp: Display: Loaded TP AndroidTargetPlatform
[2019.06.18-17.57.59:694][  0]LogTemp: Display: Loaded TP AndroidTargetPlatform
[2019.06.18-17.57.59:694][  0]LogTemp: Display: Loaded TP AndroidTargetPlatform
[2019.06.18-17.57.59:694][  0]LogTemp: Display: Loaded TP AndroidTargetPlatform
[2019.06.18-17.57.59:695][  0]LogTemp: Display: Loaded TP AndroidTargetPlatform
[2019.06.18-17.57.59:695][  0]LogTemp: Display: Loaded TP AndroidTargetPlatform
[2019.06.18-17.57.59:695][  0]LogTemp: Display: Loaded TP AndroidTargetPlatform
[2019.06.18-17.57.59:695][  0]LogTemp: Display: Loaded TP AndroidTargetPlatform
[2019.06.18-17.57.59:695][  0]LogTemp: Display: Loaded TP AndroidTargetPlatform
[2019.06.18-17.57.59:696][  0]LogTemp: Display: Loaded TP HTML5TargetPlatform
[2019.06.18-17.57.59:755][  0]LogTemp: Display: Loaded TP IOSTargetPlatform
[2019.06.18-17.57.59:755][  0]LogTemp: Display: Loaded TP IOSTargetPlatform
[2019.06.18-17.57.59:775][  0]LogTemp: Display: Loaded TP TVOSTargetPlatform
[2019.06.18-17.57.59:775][  0]LogTemp: Display: Loaded TP TVOSTargetPlatform
[2019.06.18-17.57.59:786][  0]LogTemp: Display: Loaded TP LinuxClientTargetPlatform
[2019.06.18-17.57.59:796][  0]LogTemp: Display: Loaded TP LinuxNoEditorTargetPlatform
[2019.06.18-17.57.59:807][  0]LogTemp: Display: Loaded TP LinuxServerTargetPlatform
[2019.06.18-17.57.59:818][  0]LogTemp: Display: Loaded TP LinuxTargetPlatform
[2019.06.18-17.57.59:861][  0]LogTemp: Display: Loaded TP LuminTargetPlatform
[2019.06.18-17.57.59:861][  0]LogTemp: Display: Loaded TP LuminTargetPlatform
[2019.06.18-17.57.59:861][  0]LogTargetPlatformManager: Display: Building Assets For Windows
[2019.06.18-17.57.59:919][  0]LogShaderCompilers: Guid format shader working directory is -53 characters bigger than the processId version (../../../../../../Users/u1114484/Documents/GitHub/EntireClass/SummerAssetPipe/BaseBlock/BaseCityBlock/Intermediate/Shaders/WorkingDirectory/24796/).
[2019.06.18-17.57.59:919][  0]LogShaderCompilers: Cleaned the shader compiler working directory 'C:/Users/u1114484/AppData/Local/Temp/UnrealShaderWorkingDir/354A2B5C4C25FFF2E239E49D6E33FCEC/'.
[2019.06.18-17.57.59:921][  0]LogXGEController: Cleaning working directory: C:/Users/u1114484/AppData/Local/Temp/UnrealXGEWorkingDir/
[2019.06.18-17.57.59:921][  0]LogXGEController: Cannot use XGE Controller as Incredibuild is not installed on this machine.
[2019.06.18-17.57.59:921][  0]LogShaderCompilers: Cannot use XGE Shader Compiler as Incredibuild is not installed on this machine.
[2019.06.18-17.57.59:921][  0]LogShaderCompilers: Display: Using Local Shader Compiler.
[2019.06.18-17.58.00:409][  0]LogDerivedDataCache: Display: Max Cache Size: 512 MB
[2019.06.18-17.58.00:461][  0]LogDerivedDataCache: Loaded boot cache 0.05s 71MB C:/Users/u1114484/AppData/Local/UnrealEngine/4.21/DerivedDataCache/Boot.ddc.
[2019.06.18-17.58.00:461][  0]LogDerivedDataCache: Display: Loaded Boot cache: C:/Users/u1114484/AppData/Local/UnrealEngine/4.21/DerivedDataCache/Boot.ddc
[2019.06.18-17.58.00:461][  0]LogDerivedDataCache: FDerivedDataBackendGraph:  Pak pak cache file ../../../../../../Users/u1114484/Documents/GitHub/EntireClass/SummerAssetPipe/BaseBlock/BaseCityBlock/DerivedDataCache/DDC.ddp not found, will not use a pak cache.
[2019.06.18-17.58.00:461][  0]LogDerivedDataCache: Unable to find inner node Pak for hierarchical cache Hierarchy.
[2019.06.18-17.58.00:461][  0]LogDerivedDataCache: FDerivedDataBackendGraph:  CompressedPak pak cache file ../../../../../../Users/u1114484/Documents/GitHub/EntireClass/SummerAssetPipe/BaseBlock/BaseCityBlock/DerivedDataCache/Compressed.ddp not found, will not use a pak cache.
[2019.06.18-17.58.00:461][  0]LogDerivedDataCache: Unable to find inner node CompressedPak for hierarchical cache Hierarchy.
[2019.06.18-17.58.00:476][  0]LogDerivedDataCache: Display: Pak cache opened for reading ../../../Engine/DerivedDataCache/Compressed.ddp.
[2019.06.18-17.58.00:476][  0]LogDerivedDataCache: FDerivedDataBackendGraph:  EnterprisePak pak cache file ../../../Enterprise/DerivedDataCache/Compressed.ddp not found, will not use a pak cache.
[2019.06.18-17.58.00:476][  0]LogDerivedDataCache: Unable to find inner node EnterprisePak for hierarchical cache Hierarchy.
[2019.06.18-17.58.00:488][  0]LogDerivedDataCache: Using Local data cache path C:/Users/u1114484/AppData/Local/UnrealEngine/Common/DerivedDataCache: Writable
[2019.06.18-17.58.00:488][  0]LogDerivedDataCache: Shared data cache path not found in *engine.ini, will not use an Shared cache.
[2019.06.18-17.58.00:488][  0]LogDerivedDataCache: Unable to find inner node Shared for hierarchical cache Hierarchy.
[2019.06.18-17.58.00:510][  0]LogMaterial: Verifying Global Shaders for PCD3D_SM5
[2019.06.18-17.58.00:511][  0]LogSlate: Using FreeType 2.6.0
[2019.06.18-17.58.00:512][  0]LogSlate: SlateFontServices - WITH_FREETYPE: 1, WITH_HARFBUZZ: 1
[2019.06.18-17.58.00:593][  0]LogAssetRegistry: FAssetRegistry took 0.0315 seconds to start up
[2019.06.18-17.58.00:916][  0]LogInit: Selected Device Profile: [Windows]
[2019.06.18-17.58.01:064][  0]LogSimplygon: Simplygon DLL not present - disabling.
[2019.06.18-17.58.01:068][  0]LogMeshReduction: Using SimplygonSwarm for distributed automatic mesh merging
[2019.06.18-17.58.01:068][  0]LogMeshReduction: Using ProxyLODMeshReduction for automatic mesh merging
[2019.06.18-17.58.01:068][  0]LogMeshReduction: Using QuadricMeshReduction for automatic static mesh reduction
[2019.06.18-17.58.01:068][  0]LogMeshReduction: No automatic skeletal mesh reduction module available
[2019.06.18-17.58.01:081][  0]LogNetVersion: BaseCityBlock 1.0.0, NetCL: 4541578, EngineNetVer: 5, GameNetVer: 0 (Checksum: 574320730)
[2019.06.18-17.58.01:560][  0]LogPackageLocalizationCache: Processed 11 localized package path(s) for 2 prioritized culture(s) in 0.091454 seconds
[2019.06.18-17.58.01:566][  0]LogUObjectArray: 39775 objects as part of root set at end of initial load.
[2019.06.18-17.58.01:566][  0]LogUObjectAllocator: 6914656 out of 0 bytes used by permanent object pool.
[2019.06.18-17.58.01:567][  0]LogUObjectArray: CloseDisregardForGC: 0/0 objects in disregard for GC pool
[2019.06.18-17.58.02:374][  0]LogTcpMessaging: Initializing TcpMessaging bridge
[2019.06.18-17.58.02:387][  0]LogUdpMessaging: Initializing bridge on interface 0.0.0.0:0 to multicast group 230.0.0.1:6666.
[2019.06.18-17.58.03:019][  0]SourceControl: Source control is disabled
[2019.06.18-17.58.03:019][  0]SourceControl: Source control is disabled
[2019.06.18-17.58.03:020][  0]SourceControl: Source control is disabled
[2019.06.18-17.58.03:021][  0]SourceControl: Source control is disabled
[2019.06.18-17.58.03:187][  0]LogAndroidPermission: UAndroidPermissionCallbackProxy::GetInstance
[2019.06.18-17.58.03:264][  0]LogOcInput: OculusInput pre-init called
[2019.06.18-17.58.03:395][  0]LogEngine: Initializing Engine...
[2019.06.18-17.58.03:396][  0]LogHMD: Failed to initialize OpenVR with code 110
[2019.06.18-17.58.03:397][  0]LogStats: UGameplayTagsManager::ConstructGameplayTagTree: ImportINI prefixes -  0.000 s
[2019.06.18-17.58.03:397][  0]LogStats: UGameplayTagsManager::ConstructGameplayTagTree: Construct from data asset -  0.000 s
[2019.06.18-17.58.03:397][  0]LogStats: UGameplayTagsManager::ConstructGameplayTagTree: ImportINI -  0.000 s
[2019.06.18-17.58.03:397][  0]LogStats: UGameplayTagsManager::ConstructGameplayTagTree: GameplayTagTreeChangedEvent.Broadcast -  0.000 s
[2019.06.18-17.58.03:633][  0]LogInit: Initializing FReadOnlyCVARCache
[2019.06.18-17.58.03:647][  0]LogAIModule: Creating AISystem for world Untitled
[2019.06.18-17.58.03:690][  0]LogInit: XAudio2 using '4 - CintiqPro24P (AMD High Definition Audio Device)' : 2 channels at 48 kHz using 16 bits per sample (channel mask 0x3)
[2019.06.18-17.58.03:715][  0]LogInit: FAudioDevice initialized.
[2019.06.18-17.58.03:715][  0]LogNetVersion: Set ProjectVersion to 1.0.0.0. Version Checksum will be recalculated on next use.
[2019.06.18-17.58.03:808][  0]LogDerivedDataCache: Saved boot cache 0.09s 71MB C:/Users/u1114484/AppData/Local/UnrealEngine/4.21/DerivedDataCache/Boot.ddc.
[2019.06.18-17.58.03:812][  0]LogInit: Texture streaming: Enabled
[2019.06.18-17.58.03:829][  0]LogEngineSessionManager: EngineSessionManager initialized
[2019.06.18-17.58.03:844][  0]LogInit: Transaction tracking system initialized
[2019.06.18-17.58.03:867][  0]BlueprintLog: New page: Editor Load
[2019.06.18-17.58.03:943][  0]LocalizationService: Localization service is disabled
[2019.06.18-17.58.04:396][  0]LogFileCache: Scanning file cache for directory 'C:/Users/u1114484/Documents/GitHub/EntireClass/SummerAssetPipe/BaseBlock/BaseCityBlock/Content/' took 0.01s
[2019.06.18-17.58.04:396][  0]LogCook: Display: Max memory allowance for cook 16384mb min free memory 0mb
[2019.06.18-17.58.04:397][  0]LogCook: Display: Mobile HDR setting 1
[2019.06.18-17.58.04:397][  0]LogGameplayTags: Display: UGameplayTagsManager::DoneAddingNativeTags. DelegateIsBound: 0
[2019.06.18-17.58.04:397][  0]LogStats: UGameplayTagsManager::ConstructGameplayTagTree: ImportINI prefixes -  0.000 s
[2019.06.18-17.58.04:397][  0]LogStats: UGameplayTagsManager::ConstructGameplayTagTree: Construct from data asset -  0.000 s
[2019.06.18-17.58.04:397][  0]LogStats: UGameplayTagsManager::ConstructGameplayTagTree: ImportINI -  0.000 s
[2019.06.18-17.58.04:397][  0]LogStats: UGameplayTagsManager::ConstructGameplayTagTree: GameplayTagTreeChangedEvent.Broadcast -  0.000 s
[2019.06.18-17.58.04:538][  0]SourceControl: Source control is disabled
[2019.06.18-17.58.04:538][  0]Cmd: MAP LOAD FILE="../../../Engine/Content/Maps/Templates/Template_Default.umap" TEMPLATE=1 SHOWPROGRESS=1 FEATURELEVEL=3
[2019.06.18-17.58.04:538][  0]LightingResults: New page: Lighting Build
[2019.06.18-17.58.04:541][  0]MapCheck: New page: Map Check
[2019.06.18-17.58.04:541][  0]LightingResults: New page: Lighting Build
[2019.06.18-17.58.04:688][  0]LogAIModule: Creating AISystem for world Untitled_1
[2019.06.18-17.58.04:694][  0]LogEditorServer: Finished looking for orphan Actors (0.000 secs)
[2019.06.18-17.58.04:715][  0]Cmd: MAP CHECKDEP NOCLEARLOG
[2019.06.18-17.58.04:715][  0]MapCheck: Map check complete: 0 Error(s), 0 Warning(s), took 0.112ms to complete.
[2019.06.18-17.58.04:715][  0]LogFileHelpers: Loading map 'Template_Default' took 0.178
[2019.06.18-17.58.04:825][  0]LogSlate: Updating window title bar state: overlay mode, drag disabled, window buttons hidden, title bar hidden
[2019.06.18-17.58.04:832][  0]LogSlate: Updating window title bar state: overlay mode, drag disabled, window buttons hidden, title bar hidden
[2019.06.18-17.58.04:839][  0]LogSlate: Updating window title bar state: overlay mode, drag disabled, window buttons hidden, title bar hidden
[2019.06.18-17.58.04:845][  0]LogSlate: Updating window title bar state: overlay mode, drag disabled, window buttons hidden, title bar hidden
[2019.06.18-17.58.04:851][  0]LogCollectionManager: Loaded 0 collections in 0.002059 seconds
[2019.06.18-17.58.04:879][  0]LogFileCache: Scanning file cache for directory 'C:/Users/u1114484/Documents/GitHub/EntireClass/SummerAssetPipe/BaseBlock/BaseCityBlock/Saved/Collections/' took 0.01s
[2019.06.18-17.58.04:879][  0]LogFileCache: Scanning file cache for directory 'C:/Users/u1114484/Documents/GitHub/EntireClass/SummerAssetPipe/BaseBlock/BaseCityBlock/Content/Developers/u1114484/Collections/' took 0.00s
[2019.06.18-17.58.04:879][  0]LogFileCache: Scanning file cache for directory 'C:/Users/u1114484/Documents/GitHub/EntireClass/SummerAssetPipe/BaseBlock/BaseCityBlock/Content/Collections/' took 0.01s
[2019.06.18-17.58.04:879][  0]LogCollectionManager: Rebuilt the GUID cache for 0 collections in 0.000000 seconds
[2019.06.18-17.58.04:887][  0]LogContentBrowser: Native class hierarchy populated in 0.0079 seconds. Added 2651 classes and 620 folders.
[2019.06.18-17.58.04:893][  0]LogContentBrowser: Native class hierarchy updated for 'WidgetCarousel' in 0.0003 seconds. Added 0 classes and 0 folders.
[2019.06.18-17.58.04:894][  0]LogPakFile: Registered encryption key '00000000000000000000000000000000': 0 pak files mounted, 0 remain pending
[2019.06.18-17.58.04:895][  0]LogPakFile: Registered encryption key '00000000000000000000000000000000': 0 pak files mounted, 0 remain pending
[2019.06.18-17.58.04:895][  0]LogPakFile: Registered encryption key '00000000000000000000000000000000': 0 pak files mounted, 0 remain pending
[2019.06.18-17.58.04:895][  0]LogPakFile: Registered encryption key '00000000000000000000000000000000': 0 pak files mounted, 0 remain pending
[2019.06.18-17.58.04:896][  0]LogPakFile: Registered encryption key '00000000000000000000000000000000': 0 pak files mounted, 0 remain pending
[2019.06.18-17.58.04:896][  0]LogPakFile: Registered encryption key '00000000000000000000000000000000': 0 pak files mounted, 0 remain pending
[2019.06.18-17.58.04:897][  0]LogPakFile: Registered encryption key '00000000000000000000000000000000': 0 pak files mounted, 0 remain pending
[2019.06.18-17.58.04:897][  0]LogPakFile: Registered encryption key '00000000000000000000000000000000': 0 pak files mounted, 0 remain pending
[2019.06.18-17.58.04:898][  0]LogPakFile: Registered encryption key '00000000000000000000000000000000': 0 pak files mounted, 0 remain pending
[2019.06.18-17.58.04:898][  0]LogPakFile: Registered encryption key '00000000000000000000000000000000': 0 pak files mounted, 0 remain pending
[2019.06.18-17.58.04:898][  0]LogPakFile: Registered encryption key '00000000000000000000000000000000': 0 pak files mounted, 0 remain pending
[2019.06.18-17.58.04:899][  0]LogPakFile: Registered encryption key '00000000000000000000000000000000': 0 pak files mounted, 0 remain pending
[2019.06.18-17.58.04:899][  0]LogPakFile: Registered encryption key '00000000000000000000000000000000': 0 pak files mounted, 0 remain pending
[2019.06.18-17.58.04:900][  0]LogPakFile: Registered encryption key '00000000000000000000000000000000': 0 pak files mounted, 0 remain pending
[2019.06.18-17.58.04:900][  0]LogPakFile: Registered encryption key '00000000000000000000000000000000': 0 pak files mounted, 0 remain pending
[2019.06.18-17.58.04:901][  0]LogPakFile: Registered encryption key '00000000000000000000000000000000': 0 pak files mounted, 0 remain pending
[2019.06.18-17.58.04:901][  0]LogPakFile: Registered encryption key '00000000000000000000000000000000': 0 pak files mounted, 0 remain pending
[2019.06.18-17.58.04:902][  0]LogPakFile: Registered encryption key '00000000000000000000000000000000': 0 pak files mounted, 0 remain pending
[2019.06.18-17.58.04:902][  0]LogPakFile: Registered encryption key '00000000000000000000000000000000': 0 pak files mounted, 0 remain pending
[2019.06.18-17.58.04:902][  0]LogPakFile: Registered encryption key '00000000000000000000000000000000': 0 pak files mounted, 0 remain pending
[2019.06.18-17.58.04:903][  0]LogPakFile: Registered encryption key '00000000000000000000000000000000': 0 pak files mounted, 0 remain pending
[2019.06.18-17.58.04:903][  0]LogPakFile: Registered encryption key '00000000000000000000000000000000': 0 pak files mounted, 0 remain pending
[2019.06.18-17.58.04:904][  0]LogPakFile: Registered encryption key '00000000000000000000000000000000': 0 pak files mounted, 0 remain pending
[2019.06.18-17.58.04:904][  0]LogPakFile: Registered encryption key '00000000000000000000000000000000': 0 pak files mounted, 0 remain pending
[2019.06.18-17.58.04:904][  0]LogPakFile: Registered encryption key '00000000000000000000000000000000': 0 pak files mounted, 0 remain pending
[2019.06.18-17.58.04:905][  0]LogPakFile: Registered encryption key '00000000000000000000000000000000': 0 pak files mounted, 0 remain pending
[2019.06.18-17.58.04:938][  0]LogContentBrowser: Native class hierarchy updated for 'AddContentDialog' in 0.0002 seconds. Added 0 classes and 0 folders.
[2019.06.18-17.58.04:943][  0]LogContentBrowser: Native class hierarchy updated for 'SceneOutliner' in 0.0003 seconds. Added 1 classes and 2 folders.
[2019.06.18-17.58.04:956][  0]LogSlate: Took 0.000159 seconds to synchronously load lazily loaded font '../../../Engine/Content/Slate/Fonts/Roboto-Regular.ttf' (155K)
[2019.06.18-17.58.04:958][  0]LogSlate: Took 0.000204 seconds to synchronously load lazily loaded font '../../../Engine/Content/Slate/Fonts/Roboto-Bold.ttf' (160K)
[2019.06.18-17.58.04:963][  0]LogSlate: Took 0.000163 seconds to synchronously load lazily loaded font '../../../Engine/Content/Editor/Slate/Fonts/FontAwesome.ttf' (139K)
[2019.06.18-17.58.05:032][  0]LogRenderer: Reallocating scene render targets to support 1208x576 Format 10 NumSamples 1 (Frame:1).
[2019.06.18-17.58.05:223][  0]LogContentBrowser: Native class hierarchy updated for 'HierarchicalLODOutliner' in 0.0003 seconds. Added 0 classes and 0 folders.
[2019.06.18-17.58.05:223][  0]LogLoad: (Engine Initialization) Total time: 8.37 seconds
[2019.06.18-17.58.05:223][  0]LogLoad: (Engine Initialization) Total Blueprint compile time: 0.00 seconds
[2019.06.18-17.58.05:234][  0]LogWindowsTextInputMethodSystem: Display: IME system now deactivated.
[2019.06.18-17.58.05:289][  0]LogContentStreaming: Texture pool size now 1000 MB
[2019.06.18-17.58.05:331][  1]LogAssetRegistry: Asset discovery search completed in 4.7595 seconds
[2019.06.18-17.58.05:332][  1]LogCollectionManager: Rebuilt the object cache for 0 collections in 0.000000 seconds (found 0 objects)
[2019.06.18-17.58.05:332][  1]LogCollectionManager: Fixed up redirectors for 0 collections in 0.000037 seconds (updated 0 objects)
[2019.06.18-17.58.08:707][397]LogSlate: FSceneViewport::OnFocusLost() reason 0
[2019.06.18-17.58.11:040][661]LogSlate: Took 0.000194 seconds to synchronously load lazily loaded font '../../../Engine/Content/Slate/Fonts/Roboto-Light.ttf' (167K)
[2019.06.18-17.58.11:087][661]LogLinker: Warning: Can't find file '/Game/BryansFinalLevel/blackside'
[2019.06.18-17.58.11:088][661]LogLinker: Warning: Can't find file for asset '/Game/BryansFinalLevel/blackside' while loading ../../../../../../Users/u1114484/Documents/GitHub/EntireClass/SummerAssetPipe/BaseBlock/BaseCityBlock/Content/Bryan/BryansFinalLevel/pontoon.uasset.
[2019.06.18-17.58.11:088][661]LoadErrors: Error: /Game/Bryan/BryansFinalLevel/pontoon : Can't find file for asset. /Game/BryansFinalLevel/blackside
[2019.06.18-17.58.11:088][661]LogLinker: Warning: Can't find file '/Game/BryansFinalLevel/Blacktop'
[2019.06.18-17.58.11:088][661]LogLinker: Warning: Can't find file for asset '/Game/BryansFinalLevel/Blacktop' while loading ../../../../../../Users/u1114484/Documents/GitHub/EntireClass/SummerAssetPipe/BaseBlock/BaseCityBlock/Content/Bryan/BryansFinalLevel/pontoon.uasset.
[2019.06.18-17.58.11:088][661]LoadErrors: Error: /Game/Bryan/BryansFinalLevel/pontoon : Can't find file for asset. /Game/BryansFinalLevel/Blacktop
[2019.06.18-17.58.11:088][661]LogLinker: Warning: Can't find file '/Game/BryansFinalLevel/lambert1'
[2019.06.18-17.58.11:088][661]LogLinker: Warning: Can't find file for asset '/Game/BryansFinalLevel/lambert1' while loading ../../../../../../Users/u1114484/Documents/GitHub/EntireClass/SummerAssetPipe/BaseBlock/BaseCityBlock/Content/Bryan/BryansFinalLevel/pontoon.uasset.
[2019.06.18-17.58.11:088][661]LoadErrors: Error: /Game/Bryan/BryansFinalLevel/pontoon : Can't find file for asset. /Game/BryansFinalLevel/lambert1
[2019.06.18-17.58.11:088][661]LogLinker: Warning: Can't find file '/Game/BryansFinalLevel/whiteside'
[2019.06.18-17.58.11:089][661]LogLinker: Warning: Can't find file for asset '/Game/BryansFinalLevel/whiteside' while loading ../../../../../../Users/u1114484/Documents/GitHub/EntireClass/SummerAssetPipe/BaseBlock/BaseCityBlock/Content/Bryan/BryansFinalLevel/pontoon.uasset.
[2019.06.18-17.58.11:089][661]LoadErrors: Error: /Game/Bryan/BryansFinalLevel/pontoon : Can't find file for asset. /Game/BryansFinalLevel/whiteside
[2019.06.18-17.58.11:089][661]LogLinker: Warning: Can't find file '/Game/BryansFinalLevel/Whitetop'
[2019.06.18-17.58.11:089][661]LogLinker: Warning: Can't find file for asset '/Game/BryansFinalLevel/Whitetop' while loading ../../../../../../Users/u1114484/Documents/GitHub/EntireClass/SummerAssetPipe/BaseBlock/BaseCityBlock/Content/Bryan/BryansFinalLevel/pontoon.uasset.
[2019.06.18-17.58.11:089][661]LoadErrors: Error: /Game/Bryan/BryansFinalLevel/pontoon : Can't find file for asset. /Game/BryansFinalLevel/Whitetop
[2019.06.18-17.58.11:089][661]LogLinker: Warning: Can't find file '/Game/BryansFinalLevel/blackside'
[2019.06.18-17.58.11:089][661]LogLinker: Warning: Can't find file for asset '/Game/BryansFinalLevel/blackside' while loading ../../../../../../Users/u1114484/Documents/GitHub/EntireClass/SummerAssetPipe/BaseBlock/BaseCityBlock/Content/Bryan/BryansFinalLevel/pontoon.uasset.
[2019.06.18-17.58.11:090][661]LogLinker: Warning: Can't find file '/Game/BryansFinalLevel/Blacktop'
[2019.06.18-17.58.11:090][661]LogLinker: Warning: Can't find file for asset '/Game/BryansFinalLevel/Blacktop' while loading ../../../../../../Users/u1114484/Documents/GitHub/EntireClass/SummerAssetPipe/BaseBlock/BaseCityBlock/Content/Bryan/BryansFinalLevel/pontoon.uasset.
[2019.06.18-17.58.11:090][661]LogLinker: Warning: Can't find file '/Game/BryansFinalLevel/lambert1'
[2019.06.18-17.58.11:090][661]LogLinker: Warning: Can't find file for asset '/Game/BryansFinalLevel/lambert1' while loading ../../../../../../Users/u1114484/Documents/GitHub/EntireClass/SummerAssetPipe/BaseBlock/BaseCityBlock/Content/Bryan/BryansFinalLevel/pontoon.uasset.
[2019.06.18-17.58.11:090][661]LogLinker: Warning: Can't find file '/Game/BryansFinalLevel/whiteside'
[2019.06.18-17.58.11:090][661]LogLinker: Warning: Can't find file for asset '/Game/BryansFinalLevel/whiteside' while loading ../../../../../../Users/u1114484/Documents/GitHub/EntireClass/SummerAssetPipe/BaseBlock/BaseCityBlock/Content/Bryan/BryansFinalLevel/pontoon.uasset.
[2019.06.18-17.58.11:090][661]LogLinker: Warning: Can't find file '/Game/BryansFinalLevel/Whitetop'
[2019.06.18-17.58.11:090][661]LogLinker: Warning: Can't find file for asset '/Game/BryansFinalLevel/Whitetop' while loading ../../../../../../Users/u1114484/Documents/GitHub/EntireClass/SummerAssetPipe/BaseBlock/BaseCityBlock/Content/Bryan/BryansFinalLevel/pontoon.uasset.
[2019.06.18-17.58.11:092][661]LogLinker: Warning: Can't find file '/Game/BryansFinalLevel/darkside'
[2019.06.18-17.58.11:092][661]LogLinker: Warning: Can't find file for asset '/Game/BryansFinalLevel/darkside' while loading ../../../../../../Users/u1114484/Documents/GitHub/EntireClass/SummerAssetPipe/BaseBlock/BaseCityBlock/Content/Bryan/BryansFinalLevel/speedboatdone.uasset.
[2019.06.18-17.58.11:092][661]LoadErrors: Error: /Game/Bryan/BryansFinalLevel/speedboatdone : Can't find file for asset. /Game/BryansFinalLevel/darkside
[2019.06.18-17.58.11:093][661]LogLinker: Warning: Can't find file '/Game/BryansFinalLevel/darktop'
[2019.06.18-17.58.11:093][661]LogLinker: Warning: Can't find file for asset '/Game/BryansFinalLevel/darktop' while loading ../../../../../../Users/u1114484/Documents/GitHub/EntireClass/SummerAssetPipe/BaseBlock/BaseCityBlock/Content/Bryan/BryansFinalLevel/speedboatdone.uasset.
[2019.06.18-17.58.11:093][661]LoadErrors: Error: /Game/Bryan/BryansFinalLevel/speedboatdone : Can't find file for asset. /Game/BryansFinalLevel/darktop
[2019.06.18-17.58.11:093][661]LogLinker: Warning: Can't find file '/Game/BryansFinalLevel/lgihttop'
[2019.06.18-17.58.11:093][661]LogLinker: Warning: Can't find file for asset '/Game/BryansFinalLevel/lgihttop' while loading ../../../../../../Users/u1114484/Documents/GitHub/EntireClass/SummerAssetPipe/BaseBlock/BaseCityBlock/Content/Bryan/BryansFinalLevel/speedboatdone.uasset.
[2019.06.18-17.58.11:093][661]LoadErrors: Error: /Game/Bryan/BryansFinalLevel/speedboatdone : Can't find file for asset. /Game/BryansFinalLevel/lgihttop
[2019.06.18-17.58.11:093][661]LogLinker: Warning: Can't find file '/Game/BryansFinalLevel/Lightside'
[2019.06.18-17.58.11:093][661]LogLinker: Warning: Can't find file for asset '/Game/BryansFinalLevel/Lightside' while loading ../../../../../../Users/u1114484/Documents/GitHub/EntireClass/SummerAssetPipe/BaseBlock/BaseCityBlock/Content/Bryan/BryansFinalLevel/speedboatdone.uasset.
[2019.06.18-17.58.11:093][661]LoadErrors: Error: /Game/Bryan/BryansFinalLevel/speedboatdone : Can't find file for asset. /Game/BryansFinalLevel/Lightside
[2019.06.18-17.58.11:094][661]LogLinker: Warning: Can't find file '/Game/BryansFinalLevel/darkside'
[2019.06.18-17.58.11:094][661]LogLinker: Warning: Can't find file for asset '/Game/BryansFinalLevel/darkside' while loading ../../../../../../Users/u1114484/Documents/GitHub/EntireClass/SummerAssetPipe/BaseBlock/BaseCityBlock/Content/Bryan/BryansFinalLevel/speedboatdone.uasset.
[2019.06.18-17.58.11:094][661]LogLinker: Warning: Can't find file '/Game/BryansFinalLevel/darktop'
[2019.06.18-17.58.11:094][661]LogLinker: Warning: Can't find file for asset '/Game/BryansFinalLevel/darktop' while loading ../../../../../../Users/u1114484/Documents/GitHub/EntireClass/SummerAssetPipe/BaseBlock/BaseCityBlock/Content/Bryan/BryansFinalLevel/speedboatdone.uasset.
[2019.06.18-17.58.11:094][661]LogLinker: Warning: Can't find file '/Game/BryansFinalLevel/lgihttop'
[2019.06.18-17.58.11:094][661]LogLinker: Warning: Can't find file for asset '/Game/BryansFinalLevel/lgihttop' while loading ../../../../../../Users/u1114484/Documents/GitHub/EntireClass/SummerAssetPipe/BaseBlock/BaseCityBlock/Content/Bryan/BryansFinalLevel/speedboatdone.uasset.
[2019.06.18-17.58.11:094][661]LogLinker: Warning: Can't find file '/Game/BryansFinalLevel/Lightside'
[2019.06.18-17.58.11:094][661]LogLinker: Warning: Can't find file for asset '/Game/BryansFinalLevel/Lightside' while loading ../../../../../../Users/u1114484/Documents/GitHub/EntireClass/SummerAssetPipe/BaseBlock/BaseCityBlock/Content/Bryan/BryansFinalLevel/speedboatdone.uasset.
[2019.06.18-17.58.11:275][661]LogLinker: Warning: Can't find file '/Game/BryansFinalLevel/lgihttop'
[2019.06.18-17.58.11:275][661]LoadErrors: Failed to load /Game/BryansFinalLevel/lgihttop.lgihttop Referenced by speedboatdone
[2019.06.18-17.58.11:275][661]LogLinker: Warning: Can't find file for asset '/Game/BryansFinalLevel/lgihttop' while loading NULL.
[2019.06.18-17.58.11:275][661]LogLinker: Warning: Can't find file '/Game/BryansFinalLevel/Lightside'
[2019.06.18-17.58.11:275][661]LoadErrors: Failed to load /Game/BryansFinalLevel/Lightside.Lightside Referenced by speedboatdone
[2019.06.18-17.58.11:275][661]LogLinker: Warning: Can't find file for asset '/Game/BryansFinalLevel/Lightside' while loading NULL.
[2019.06.18-17.58.11:276][661]LogLinker: Warning: Can't find file '/Game/BryansFinalLevel/darktop'
[2019.06.18-17.58.11:276][661]LoadErrors: Failed to load /Game/BryansFinalLevel/darktop.darktop Referenced by speedboatdone
[2019.06.18-17.58.11:276][661]LogLinker: Warning: Can't find file for asset '/Game/BryansFinalLevel/darktop' while loading NULL.
[2019.06.18-17.58.11:276][661]LogLinker: Warning: Can't find file '/Game/BryansFinalLevel/darkside'
[2019.06.18-17.58.11:276][661]LoadErrors: Failed to load /Game/BryansFinalLevel/darkside.darkside Referenced by speedboatdone
[2019.06.18-17.58.11:276][661]LogLinker: Warning: Can't find file for asset '/Game/BryansFinalLevel/darkside' while loading NULL.
[2019.06.18-17.58.11:276][661]LogLinker: Warning: Can't find file '/Game/BryansFinalLevel/lgihttop'
[2019.06.18-17.58.11:276][661]LogLinker: Warning: Can't find file for asset '/Game/BryansFinalLevel/lgihttop' while loading NULL.
[2019.06.18-17.58.11:276][661]LogLinker: Warning: Can't find file '/Game/BryansFinalLevel/Lightside'
[2019.06.18-17.58.11:276][661]LogLinker: Warning: Can't find file for asset '/Game/BryansFinalLevel/Lightside' while loading NULL.
[2019.06.18-17.58.11:277][661]LogLinker: Warning: Can't find file '/Game/BryansFinalLevel/darktop'
[2019.06.18-17.58.11:277][661]LogLinker: Warning: Can't find file for asset '/Game/BryansFinalLevel/darktop' while loading NULL.
[2019.06.18-17.58.11:277][661]LogLinker: Warning: Can't find file '/Game/BryansFinalLevel/darkside'
[2019.06.18-17.58.11:277][661]LogLinker: Warning: Can't find file for asset '/Game/BryansFinalLevel/darkside' while loading NULL.
[2019.06.18-17.58.11:278][661]LogLinker: Warning: Can't find file '/Game/BryansFinalLevel/whiteside'
[2019.06.18-17.58.11:278][661]LoadErrors: Failed to load /Game/BryansFinalLevel/whiteside.whiteside Referenced by pontoon
[2019.06.18-17.58.11:278][661]LogLinker: Warning: Can't find file for asset '/Game/BryansFinalLevel/whiteside' while loading NULL.
[2019.06.18-17.58.11:278][661]LogLinker: Warning: Can't find file '/Game/BryansFinalLevel/blackside'
[2019.06.18-17.58.11:278][661]LoadErrors: Failed to load /Game/BryansFinalLevel/blackside.blackside Referenced by pontoon
[2019.06.18-17.58.11:278][661]LogLinker: Warning: Can't find file for asset '/Game/BryansFinalLevel/blackside' while loading NULL.
[2019.06.18-17.58.11:278][661]LogLinker: Warning: Can't find file '/Game/BryansFinalLevel/lambert1'
[2019.06.18-17.58.11:278][661]LoadErrors: Failed to load /Game/BryansFinalLevel/lambert1.lambert1 Referenced by pontoon
[2019.06.18-17.58.11:278][661]LogLinker: Warning: Can't find file for asset '/Game/BryansFinalLevel/lambert1' while loading NULL.
[2019.06.18-17.58.11:278][661]LogLinker: Warning: Can't find file '/Game/BryansFinalLevel/Whitetop'
[2019.06.18-17.58.11:279][661]LoadErrors: Failed to load /Game/BryansFinalLevel/Whitetop.Whitetop Referenced by pontoon
[2019.06.18-17.58.11:279][661]LogLinker: Warning: Can't find file for asset '/Game/BryansFinalLevel/Whitetop' while loading NULL.
[2019.06.18-17.58.11:279][661]LogLinker: Warning: Can't find file '/Game/BryansFinalLevel/Blacktop'
[2019.06.18-17.58.11:279][661]LoadErrors: Failed to load /Game/BryansFinalLevel/Blacktop.Blacktop Referenced by pontoon
[2019.06.18-17.58.11:279][661]LogLinker: Warning: Can't find file for asset '/Game/BryansFinalLevel/Blacktop' while loading NULL.
[2019.06.18-17.58.11:279][661]LogLinker: Warning: Can't find file '/Game/BryansFinalLevel/whiteside'
[2019.06.18-17.58.11:279][661]LogLinker: Warning: Can't find file for asset '/Game/BryansFinalLevel/whiteside' while loading NULL.
[2019.06.18-17.58.11:279][661]LogLinker: Warning: Can't find file '/Game/BryansFinalLevel/blackside'
[2019.06.18-17.58.11:279][661]LogLinker: Warning: Can't find file for asset '/Game/BryansFinalLevel/blackside' while loading NULL.
[2019.06.18-17.58.11:280][661]LogLinker: Warning: Can't find file '/Game/BryansFinalLevel/lambert1'
[2019.06.18-17.58.11:280][661]LogLinker: Warning: Can't find file for asset '/Game/BryansFinalLevel/lambert1' while loading NULL.
[2019.06.18-17.58.11:280][661]LogLinker: Warning: Can't find file '/Game/BryansFinalLevel/Whitetop'
[2019.06.18-17.58.11:280][661]LogLinker: Warning: Can't find file for asset '/Game/BryansFinalLevel/Whitetop' while loading NULL.
[2019.06.18-17.58.11:280][661]LogLinker: Warning: Can't find file '/Game/BryansFinalLevel/Blacktop'
[2019.06.18-17.58.11:280][661]LogLinker: Warning: Can't find file for asset '/Game/BryansFinalLevel/Blacktop' while loading NULL.
[2019.06.18-17.58.11:505][661]LogAIModule: Creating AISystem for world BryansScene
[2019.06.18-17.58.11:562][661]LogAssetEditorManager: Opening Asset editor for World /Game/Bryan/BryansFinalLevel/BryansScene.BryansScene
[2019.06.18-17.58.11:591][661]LightingResults: New page: Lighting Build
[2019.06.18-17.58.11:591][661]LoadErrors: New page: Loading map: BryansScene.umap
[2019.06.18-17.58.11:592][661]MapCheck: New page: Map Check
[2019.06.18-17.58.11:592][661]LightingResults: New page: Lighting Build
[2019.06.18-17.58.11:653][661]LogEditorServer: Finished looking for orphan Actors (0.000 secs)
[2019.06.18-17.58.11:699][661]Cmd: MAP CHECKDEP NOCLEARLOG
[2019.06.18-17.58.11:700][661]MapCheck: Map check complete: 0 Error(s), 0 Warning(s), took 0.234ms to complete.
[2019.06.18-17.58.11:700][661]LogFileHelpers: Loading map 'BryansScene' took 0.111
[2019.06.18-17.58.14:498][863]Cmd: CAMERA ALIGN ACTIVEVIEWPORTONLY
[2019.06.18-17.58.15:555][913]Cmd: CAMERA ALIGN ACTIVEVIEWPORTONLY
[2019.06.18-17.58.25:565][326]LogEditorViewport: Clicking on Actor (LMB): StaticMeshActor (streetBlockBase22)
[2019.06.18-17.58.27:050][361]LogEditorViewport: Clicking on Actor (LMB): BP_Sky_Sphere_C (Sky Sphere)
[2019.06.18-17.58.54:077][443]LogEditorViewport: Clicking on Actor (context menu): StaticMeshActor (GroundBase429)
[2019.06.18-17.58.54:169][443]LogSlate: FSceneViewport::OnFocusLost() reason 2
[2019.06.18-17.59.01:717][782]LogEditorViewport: Clicking on Actor (LMB): BP_Sky_Sphere_C (Sky Sphere)
[2019.06.18-17.59.57:305][340]LogSlate: FSceneViewport::OnFocusLost() reason 0
[2019.06.18-18.00.03:896][794]LogSlate: FSceneViewport::OnFocusLost() reason 0
[2019.06.18-18.00.07:606][ 15]LogSlate: FSceneViewport::OnFocusLost() reason 0
[2019.06.18-18.00.20:362][929]Cmd: DELETE
[2019.06.18-18.00.20:362][929]Cmd: ACTOR DELETE
[2019.06.18-18.00.20:474][929]LogEditorActor: Deleted Actor: Brush
[2019.06.18-18.00.20:686][929]LogEditorActor: Deleted 1 Actors (0.324 secs)
[2019.06.18-18.00.22:346][ 56]LogEditorViewport: Clicking on Actor (LMB): StaticMeshActor (GroundBase429)
[2019.06.18-18.00.24:075][187]Cmd: EDIT COPY
[2019.06.18-18.00.24:274][201]Cmd: EDIT PASTE
[2019.06.18-18.00.39:284][225]Cmd: DELETE
[2019.06.18-18.00.39:284][225]Cmd: ACTOR DELETE
[2019.06.18-18.00.39:402][225]LogEditorActor: Deleted Actor: Brush
[2019.06.18-18.00.39:632][225]LogEditorActor: Deleted 1 Actors (0.347 secs)
[2019.06.18-18.00.41:878][384]Cmd: DELETE
[2019.06.18-18.00.41:878][384]Cmd: ACTOR DELETE
[2019.06.18-18.00.42:001][384]LogEditorActor: Deleted Actor: Brush
[2019.06.18-18.00.42:219][384]LogEditorActor: Deleted 1 Actors (0.340 secs)
[2019.06.18-18.00.44:964][590]Cmd: EDIT COPY
[2019.06.18-18.00.46:031][672]Cmd: EDIT PASTE
[2019.06.18-18.00.49:082][845]Cmd: EDIT PASTE
[2019.06.18-18.00.59:435][572]Cmd: CAMERA ALIGN ACTIVEVIEWPORTONLY
[2019.06.18-18.01.05:073][ 51]Cmd: DELETE
[2019.06.18-18.01.05:073][ 51]Cmd: ACTOR DELETE
[2019.06.18-18.01.05:186][ 51]LogEditorActor: Deleted Actor: Brush
[2019.06.18-18.01.05:402][ 51]LogEditorActor: Deleted 1 Actors (0.329 secs)
[2019.06.18-18.01.08:377][343]Cmd: DELETE
[2019.06.18-18.01.08:377][343]Cmd: ACTOR DELETE
[2019.06.18-18.01.08:489][343]LogEditorActor: Deleted Actor: Brush
[2019.06.18-18.01.08:693][343]LogEditorActor: Deleted 1 Actors (0.316 secs)
[2019.06.18-18.01.11:281][611]Cmd: EDIT PASTE
[2019.06.18-18.01.15:101][925]Cmd: EDIT PASTE
[2019.06.18-18.01.21:826][527]LogEditorViewport: Clicking on Actor (LMB): StaticMeshActor (GroundBase427)
[2019.06.18-18.01.21:868][527]LogEditorViewport: Clicking on Component (LMB): StaticMeshComponent (StaticMeshComponent0)
[2019.06.18-18.01.23:152][648]LogEditorViewport: Clicking on Actor (LMB): StaticMeshActor (GroundBase399)
[2019.06.18-18.01.43:189][163]LogSlate: FSceneViewport::OnFocusLost() reason 0
[2019.06.18-18.02.02:251][642]LogSlate: FSceneViewport::OnFocusLost() reason 0
[2019.06.18-18.02.16:558][970]LogSlate: FSceneViewport::OnFocusLost() reason 0
[2019.06.18-18.02.18:888][235]LogEditorViewport: Clicking on Actor (LMB): BP_Sky_Sphere_C (Sky Sphere)
[2019.06.18-18.02.21:225][490]Cmd: TRANSACTION UNDO
[2019.06.18-18.02.21:225][490]LogEditorTransaction: Undo Clicking on Actors
[2019.06.18-18.02.22:401][555]LogSlate: FSceneViewport::OnFocusLost() reason 0
[2019.06.18-18.02.24:272][694]LogEditorViewport: Clicking on Actor (LMB): BP_Sky_Sphere_C (Sky Sphere)
[2019.06.18-18.02.33:586][494]LogEditorViewport: Clicking on Actor (LMB): StaticMeshActor (GroundBase123)
[2019.06.18-18.02.45:112][454]LogSlate: FSceneViewport::OnFocusLost() reason 0
[2019.06.18-18.03.01:484][680]LogSlate: FSceneViewport::OnFocusLost() reason 0
[2019.06.18-18.03.03:279][844]LogSlate: FSceneViewport::OnFocusLost() reason 0
[2019.06.18-18.03.13:156][722]LogEditorViewport: Clicking on Actor (LMB): StaticMeshActor (streetBlocks100X50X24)
[2019.06.18-18.03.23:935][813]LogEditorViewport: Clicking on Actor (LMB): StaticMeshActor (Cube2)
[2019.06.18-18.03.25:842][ 18]LogEditorViewport: Clicking on Actor (LMB): StaticMeshActor (Cylinder5)
[2019.06.18-18.03.30:712][510]LogEditorViewport: Clicking on Actor (LMB): BP_Sky_Sphere_C (Sky Sphere)
[2019.06.18-18.03.41:595][473]LogEditorViewport: Clicking on Actor (LMB): StaticMeshActor (streetBlockBase50)
[2019.06.18-18.04.05:022][857]LogEditorViewport: Clicking on Actor (LMB): BP_Sky_Sphere_C (Sky Sphere)
[2019.06.18-18.04.24:303][707]Cmd: CAMERA ALIGN ACTIVEVIEWPORTONLY
[2019.06.18-18.04.31:193][489]Cmd: TRANSACTION UNDO
[2019.06.18-18.04.31:193][489]LogEditorTransaction: Undo Apply Material to Selected Surfaces
[2019.06.18-18.04.34:321][727]LogEditorViewport: Clicking on Actor (LMB): BP_Sky_Sphere_C (Sky Sphere)
[2019.06.18-18.04.34:763][773]LogEditorViewport: Clicking on Actor (LMB): SpotLight (SpotLight2)
[2019.06.18-18.04.41:565][568]Cmd: TRANSACTION UNDO
[2019.06.18-18.04.41:565][568]LogEditorTransaction: Undo Rotate Actors
[2019.06.18-18.04.47:857][ 82]LogEditorViewport: Clicking on Actor (LMB): StaticMeshActor (GroundBase395)
[2019.06.18-18.04.49:155][177]LogEditorViewport: Clicking on Actor (LMB): SkeletalMeshActor (Boat_pCylinder45)
[2019.06.18-18.04.50:069][247]Cmd: CAMERA ALIGN ACTIVEVIEWPORTONLY
[2019.06.18-18.04.57:911][812]LogEditorViewport: Clicking on Actor (LMB): StaticMeshActor (GroundBase197)
[2019.06.18-18.05.06:789][439]Cmd: TRANSACTION UNDO
[2019.06.18-18.05.06:789][439]LogEditorTransaction: Undo Rotate Actors
[2019.06.18-18.05.08:242][494]LogSlate: FSceneViewport::OnFocusLost() reason 0
[2019.06.18-18.05.10:668][645]LogSlate: FSceneViewport::OnFocusLost() reason 0
[2019.06.18-18.05.11:776][743]LogEditorViewport: Clicking on Actor (LMB): BP_Sky_Sphere_C (Sky Sphere)
[2019.06.18-18.05.12:548][783]LogSlate: FSceneViewport::OnFocusLost() reason 0
[2019.06.18-18.05.14:002][893]LogSlate: FSceneViewport::OnFocusLost() reason 0
[2019.06.18-18.05.15:567][ 16]LogSlate: FSceneViewport::OnFocusLost() reason 0
[2019.06.18-18.05.17:013][125]LogSlate: FSceneViewport::OnFocusLost() reason 0
[2019.06.18-18.05.18:595][245]LogSlate: FSceneViewport::OnFocusLost() reason 0
[2019.06.18-18.05.20:389][393]LogSlate: FSceneViewport::OnFocusLost() reason 0
[2019.06.18-18.05.25:579][747]LogSlate: FSceneViewport::OnFocusLost() reason 0
[2019.06.18-18.05.27:293][885]LogSlate: FSceneViewport::OnFocusLost() reason 0
[2019.06.18-18.05.28:888][ 12]LogSlate: FSceneViewport::OnFocusLost() reason 0
[2019.06.18-18.05.30:326][122]LogSlate: FSceneViewport::OnFocusLost() reason 0
[2019.06.18-18.05.31:728][226]LogSlate: FSceneViewport::OnFocusLost() reason 0
[2019.06.18-18.05.33:189][331]LogSlate: FSceneViewport::OnFocusLost() reason 0
[2019.06.18-18.05.36:607][617]Cmd: TRANSACTION UNDO
[2019.06.18-18.05.36:607][617]LogEditorTransaction: Undo Create Actors
[2019.06.18-18.05.38:295][688]LogSlate: FSceneViewport::OnFocusLost() reason 0
[2019.06.18-18.05.40:259][823]LogSlate: FSceneViewport::OnFocusLost() reason 0
[2019.06.18-18.05.41:849][945]LogSlate: FSceneViewport::OnFocusLost() reason 0
[2019.06.18-18.05.44:755][145]LogSlate: FSceneViewport::OnFocusLost() reason 0
[2019.06.18-18.05.48:926][495]LogSlate: FSceneViewport::OnFocusLost() reason 0
[2019.06.18-18.06.02:030][589]LogEditorViewport: Clicking on Actor (LMB): StaticMeshActor (GroundBase436)
[2019.06.18-18.06.02:979][661]Cmd: CAMERA ALIGN ACTIVEVIEWPORTONLY
[2019.06.18-18.06.05:655][914]Cmd: TRANSACTION UNDO
[2019.06.18-18.06.05:655][914]LogEditorTransaction: Undo Rotate Actors
[2019.06.18-18.06.09:994][141]Cmd: DELETE
[2019.06.18-18.06.09:994][141]Cmd: ACTOR DELETE
[2019.06.18-18.06.10:115][141]LogEditorActor: Deleted Actor: StaticMeshActor
[2019.06.18-18.06.10:146][141]LogEditorActor: Deleted 1 Actors (0.152 secs)
[2019.06.18-18.06.11:184][214]Cmd: TRANSACTION UNDO
[2019.06.18-18.06.11:184][214]LogEditorTransaction: Undo Delete Actors
[2019.06.18-18.06.12:664][278]LogEditorViewport: Clicking on Actor (LMB): BP_Sky_Sphere_C (Sky Sphere)
[2019.06.18-18.06.15:433][406]LogSlate: FSceneViewport::OnFocusLost() reason 0
[2019.06.18-18.07.02:754][ 76]LogAssetEditorManager: Opening Asset editor for MaterialInstanceConstant /Game/Bryan/woodBlocksContent/Tree_Mat.Tree_Mat
[2019.06.18-18.07.13:536][715]LogSlate: Window 'Color Picker' being destroyed
[2019.06.18-18.07.15:780][813]LogMaterial: Display: Missing cached shader map for material FDebugViewModeMaterialProxy Tree_Mat, compiling. 
[2019.06.18-18.07.16:116][813]LogShaderCompilers: Display: Shaders left to compile 1
[2019.06.18-18.07.16:118][813]TextureStreamingBuild: Display: Compiling optional shaders took 0.344 seconds.
[2019.06.18-18.07.16:159][813]LogSavePackage: Moving '../../../../../../Users/u1114484/Documents/GitHub/EntireClass/SummerAssetPipe/BaseBlock/BaseCityBlock/Saved/Tree_Mat03E17611453F83A0C7230FB38B627CB4.tmp' to '../../../../../../Users/u1114484/Documents/GitHub/EntireClass/SummerAssetPipe/BaseBlock/BaseCityBlock/Content/Bryan/woodBlocksContent/Tree_Mat.uasset'
[2019.06.18-18.07.17:022][855]LogSlate: Window 'Tree_Mat' being destroyed
[2019.06.18-18.07.17:028][855]LogSlate: Window 'Tree_Mat' being destroyed
[2019.06.18-18.07.17:855][906]LogEditorViewport: Clicking on Actor (LMB): StaticMeshActor (Cylinder52)
[2019.06.18-18.07.26:361][450]LogEditorViewport: Clicking Background
[2019.06.18-18.07.30:331][705]LogSlate: FSceneViewport::OnFocusLost() reason 0
[2019.06.18-18.07.31:907][832]LogSlate: FSceneViewport::OnFocusLost() reason 0
[2019.06.18-18.07.33:146][936]LogSlate: FSceneViewport::OnFocusLost() reason 0
[2019.06.18-18.07.34:362][ 35]LogSlate: FSceneViewport::OnFocusLost() reason 0
[2019.06.18-18.07.38:396][338]LogSlate: FSceneViewport::OnFocusLost() reason 0
[2019.06.18-18.07.40:150][476]LogSlate: FSceneViewport::OnFocusLost() reason 0
[2019.06.18-18.07.41:584][598]LogSlate: FSceneViewport::OnFocusLost() reason 0
[2019.06.18-18.07.42:807][704]LogSlate: FSceneViewport::OnFocusLost() reason 0
[2019.06.18-18.07.45:752][887]LogSlate: FSceneViewport::OnFocusLost() reason 0
[2019.06.18-18.07.47:648][ 24]LogSlate: FSceneViewport::OnFocusLost() reason 0
[2019.06.18-18.07.49:052][130]LogSlate: FSceneViewport::OnFocusLost() reason 0
[2019.06.18-18.07.50:675][270]LogSlate: FSceneViewport::OnFocusLost() reason 0
[2019.06.18-18.07.52:638][428]LogSlate: FSceneViewport::OnFocusLost() reason 0
[2019.06.18-18.07.53:970][534]LogSlate: FSceneViewport::OnFocusLost() reason 0
[2019.06.18-18.07.55:513][661]LogSlate: FSceneViewport::OnFocusLost() reason 0
[2019.06.18-18.07.56:806][762]LogSlate: FSceneViewport::OnFocusLost() reason 0
[2019.06.18-18.08.00:337][ 61]LogSlate: FSceneViewport::OnFocusLost() reason 0
[2019.06.18-18.08.01:770][184]LogSlate: FSceneViewport::OnFocusLost() reason 0
[2019.06.18-18.08.03:018][293]LogSlate: FSceneViewport::OnFocusLost() reason 0
[2019.06.18-18.08.04:319][398]LogSlate: FSceneViewport::OnFocusLost() reason 0
[2019.06.18-18.08.06:747][611]LogSlate: FSceneViewport::OnFocusLost() reason 0
[2019.06.18-18.08.08:150][732]LogSlate: FSceneViewport::OnFocusLost() reason 0
[2019.06.18-18.08.09:793][872]LogSlate: FSceneViewport::OnFocusLost() reason 0
[2019.06.18-18.08.11:241][993]LogSlate: FSceneViewport::OnFocusLost() reason 0
[2019.06.18-18.08.13:504][190]LogSlate: FSceneViewport::OnFocusLost() reason 0
[2019.06.18-18.08.14:771][294]LogSlate: FSceneViewport::OnFocusLost() reason 0
[2019.06.18-18.08.16:113][411]LogSlate: FSceneViewport::OnFocusLost() reason 0
[2019.06.18-18.08.17:593][534]LogSlate: FSceneViewport::OnFocusLost() reason 0
[2019.06.18-18.08.20:153][767]LogSlate: FSceneViewport::OnFocusLost() reason 0
[2019.06.18-18.08.22:025][928]LogSlate: FSceneViewport::OnFocusLost() reason 0
[2019.06.18-18.08.25:980][324]LogSlate: FSceneViewport::OnFocusLost() reason 0
[2019.06.18-18.08.27:536][452]LogSlate: FSceneViewport::OnFocusLost() reason 0
[2019.06.18-18.08.29:901][633]LogEditorViewport: Clicking on Actor (LMB): StaticMeshActor (Cylinder43)
[2019.06.18-18.08.30:451][674]Cmd: CAMERA ALIGN ACTIVEVIEWPORTONLY
[2019.06.18-18.08.31:957][759]LogSlate: FSceneViewport::OnFocusLost() reason 0
[2019.06.18-18.08.34:969][ 10]LogSlate: FSceneViewport::OnFocusLost() reason 0
[2019.06.18-18.08.36:014][ 92]LogSlate: FSceneViewport::OnFocusLost() reason 0
[2019.06.18-18.08.37:356][208]LogSlate: FSceneViewport::OnFocusLost() reason 0
[2019.06.18-18.08.39:250][364]LogEditorViewport: Clicking on Actor (LMB): StaticMeshActor (Cylinder37)
[2019.06.18-18.08.39:896][399]LogSlate: FSceneViewport::OnFocusLost() reason 0
[2019.06.18-18.08.42:065][569]LogSlate: FSceneViewport::OnFocusLost() reason 0
[2019.06.18-18.08.43:397][686]LogSlate: FSceneViewport::OnFocusLost() reason 0
[2019.06.18-18.08.45:216][841]LogSlate: FSceneViewport::OnFocusLost() reason 0
[2019.06.18-18.09.03:875][478]LogEditorViewport: Clicking on Actor (LMB): StaticMeshActor (Cylinder36)
[2019.06.18-18.09.11:482][903]LogSlate: FSceneViewport::OnFocusLost() reason 2
[2019.06.18-18.09.13:021][903]LogSavePackage: Moving '../../../../../../Users/u1114484/Documents/GitHub/EntireClass/SummerAssetPipe/BaseBlock/BaseCityBlock/Saved/BryansScene_Auto1FE5A9F354E49B6BD9A236F9689990CE6.tmp' to '../../../../../../Users/u1114484/Documents/GitHub/EntireClass/SummerAssetPipe/BaseBlock/BaseCityBlock/Saved/Autosaves/Game/Bryan/BryansFinalLevel/BryansScene_Auto1.umap'
[2019.06.18-18.09.13:024][903]LogFileHelpers: Editor autosave (incl. sublevels) for '/Game/Bryan/BryansFinalLevel/BryansScene' took 1.518
[2019.06.18-18.09.13:024][903]LogFileHelpers: Editor autosave (incl. sublevels) for all levels took 1.518
[2019.06.18-18.09.21:437][557]Cmd: CAMERA ALIGN ACTIVEVIEWPORTONLY
[2019.06.18-18.09.28:532][ 22]LogSlate: FSceneViewport::OnFocusLost() reason 0
[2019.06.18-18.09.29:957][152]LogSlate: FSceneViewport::OnFocusLost() reason 0
[2019.06.18-18.09.34:425][526]LogEditorViewport: Clicking on Actor (LMB): StaticMeshActor (Cylinder46)
[2019.06.18-18.09.34:795][551]Cmd: CAMERA ALIGN ACTIVEVIEWPORTONLY
[2019.06.18-18.09.35:893][634]LogSlate: FSceneViewport::OnFocusLost() reason 0
[2019.06.18-18.09.38:673][815]LogEditorViewport: Clicking on Actor (LMB): StaticMeshActor (Cylinder51)
[2019.06.18-18.09.39:044][838]Cmd: CAMERA ALIGN ACTIVEVIEWPORTONLY
[2019.06.18-18.09.39:826][887]LogSlate: FSceneViewport::OnFocusLost() reason 0
[2019.06.18-18.09.41:561][ 11]LogEditorViewport: Clicking on Actor (LMB): StaticMeshActor (Cylinder56)
[2019.06.18-18.09.41:888][ 34]Cmd: CAMERA ALIGN ACTIVEVIEWPORTONLY
[2019.06.18-18.09.42:570][ 69]LogSlate: FSceneViewport::OnFocusLost() reason 0
[2019.06.18-18.09.46:587][399]LogEditorViewport: Clicking on Actor (LMB): StaticMeshActor (Cylinder16)
[2019.06.18-18.09.46:987][428]Cmd: CAMERA ALIGN ACTIVEVIEWPORTONLY
[2019.06.18-18.09.52:096][813]Cmd: CAMERA ALIGN ACTIVEVIEWPORTONLY
[2019.06.18-18.09.54:912][975]LogSlate: FSceneViewport::OnFocusLost() reason 0
[2019.06.18-18.09.56:036][ 69]LogSlate: FSceneViewport::OnFocusLost() reason 0
[2019.06.18-18.09.57:331][176]LogSlate: FSceneViewport::OnFocusLost() reason 0
[2019.06.18-18.10.00:345][400]LogSlate: FSceneViewport::OnFocusLost() reason 0
[2019.06.18-18.10.02:547][622]LogEditorViewport: Clicking on Actor (LMB): StaticMeshActor (MACHicAssign004WBsize)
[2019.06.18-18.10.03:416][696]Cmd: DELETE
[2019.06.18-18.10.03:416][696]Cmd: ACTOR DELETE
[2019.06.18-18.10.03:518][696]LogEditorActor: Deleted Actor: StaticMeshActor
[2019.06.18-18.10.03:538][696]LogEditorActor: Deleted 1 Actors (0.122 secs)
[2019.06.18-18.10.06:138][933]LogEditorViewport: Clicking on Actor (LMB): StaticMeshActor (Cylinder32)
[2019.06.18-18.10.07:089][ 11]LogEditorViewport: Clicking on Actor (LMB): BP_Sky_Sphere_C (Sky Sphere)
[2019.06.18-18.10.08:185][ 62]LogSlate: FSceneViewport::OnFocusLost() reason 0
[2019.06.18-18.11.18:971][898]LogEditorViewport: Clicking on Actor (LMB): StaticMeshActor (Cylinder32)
[2019.06.18-18.11.20:159][979]Cmd: CAMERA ALIGN ACTIVEVIEWPORTONLY
[2019.06.18-18.11.21:354][ 79]Cmd: CAMERA ALIGN ACTIVEVIEWPORTONLY
[2019.06.18-18.11.23:136][200]LogSlate: FSceneViewport::OnFocusLost() reason 0
[2019.06.18-18.11.24:387][304]LogSlate: FSceneViewport::OnFocusLost() reason 0
[2019.06.18-18.11.25:751][419]LogSlate: FSceneViewport::OnFocusLost() reason 0
[2019.06.18-18.11.27:192][557]LogEditorViewport: Clicking on Actor (LMB): StaticMeshActor (Cylinder27)
[2019.06.18-18.11.27:843][605]Cmd: CAMERA ALIGN ACTIVEVIEWPORTONLY
[2019.06.18-18.11.28:852][677]LogSlate: FSceneViewport::OnFocusLost() reason 0
[2019.06.18-18.11.29:809][746]LogSlate: FSceneViewport::OnFocusLost() reason 0
[2019.06.18-18.11.30:849][828]LogSlate: FSceneViewport::OnFocusLost() reason 0
[2019.06.18-18.11.32:027][930]LogSlate: FSceneViewport::OnFocusLost() reason 0
[2019.06.18-18.11.40:183][706]LogEditorViewport: Clicking on Actor (LMB): StaticMeshActor (Cylinder18)
[2019.06.18-18.11.40:461][723]Cmd: CAMERA ALIGN ACTIVEVIEWPORTONLY
[2019.06.18-18.11.41:371][771]LogSlate: FSceneViewport::OnFocusLost() reason 0
[2019.06.18-18.11.42:556][872]LogSlate: FSceneViewport::OnFocusLost() reason 0
[2019.06.18-18.11.43:542][954]LogSlate: FSceneViewport::OnFocusLost() reason 0
[2019.06.18-18.11.44:689][ 54]LogSlate: FSceneViewport::OnFocusLost() reason 0
[2019.06.18-18.11.46:685][216]LogEditorViewport: Clicking on Actor (LMB): StaticMeshActor (Cylinder23)
[2019.06.18-18.11.47:219][256]LogEditorViewport: Clicking on Actor (LMB): StaticMeshActor (Cylinder22)
[2019.06.18-18.11.47:695][294]Cmd: CAMERA ALIGN ACTIVEVIEWPORTONLY
[2019.06.18-18.11.48:603][353]LogSlate: FSceneViewport::OnFocusLost() reason 0
[2019.06.18-18.11.49:641][439]LogSlate: FSceneViewport::OnFocusLost() reason 0
[2019.06.18-18.11.50:790][542]LogSlate: FSceneViewport::OnFocusLost() reason 0
[2019.06.18-18.11.52:265][677]LogSlate: FSceneViewport::OnFocusLost() reason 0
[2019.06.18-18.11.59:502][279]LogSlate: FSceneViewport::OnFocusLost() reason 0
[2019.06.18-18.12.01:138][283]LogSavePackage: Moving '../../../../../../Users/u1114484/Documents/GitHub/EntireClass/SummerAssetPipe/BaseBlock/BaseCityBlock/Saved/BryansScene128367BA41D8380A069529B9F9A65731.tmp' to '../../../../../../Users/u1114484/Documents/GitHub/EntireClass/SummerAssetPipe/BaseBlock/BaseCityBlock/Content/Bryan/BryansFinalLevel/BryansScene.umap'
