Log file open, 06/18/19 15:36:27
LogWindows: Failed to load 'aqProf.dll' (GetLastError=126)
LogWindows: File 'aqProf.dll' does not exist
LogWindows: Failed to load 'VtuneApi.dll' (GetLastError=126)
LogWindows: File 'VtuneApi.dll' does not exist
LogWindows: Failed to load 'VtuneApi32e.dll' (GetLastError=126)
LogWindows: File 'VtuneApi32e.dll' does not exist
LogConsoleResponse: Display: Failed to find resolution value strings in scalability ini. Falling back to default.
LogInit: Display: Running engine for game: BaseCityBlock
LogPakFile: Registered encryption key '00000000000000000000000000000000': 0 pak files mounted, 0 remain pending
LogPlatformFile: Not using cached read wrapper
LogTaskGraph: Started task graph with 5 named threads and 23 total threads with 3 sets of task threads.
LogStats: Stats thread started at 0.280271
LogD3D11RHI: Loaded GFSDK_Aftermath_Lib.x64.dll
LogICUInternationalization: ICU TimeZone Detection - Raw Offset: -7:00, Platform Override: ''
LogPluginManager: Mounting plugin Paper2D
LogPluginManager: Mounting plugin AISupport
LogPluginManager: Mounting plugin LightPropagationVolume
LogPluginManager: Mounting plugin ActorLayerUtilities
LogPluginManager: Mounting plugin CLionSourceCodeAccess
LogPluginManager: Mounting plugin CodeLiteSourceCodeAccess
LogPluginManager: Mounting plugin GitSourceControl
LogPluginManager: Mounting plugin KDevelopSourceCodeAccess
LogPluginManager: Mounting plugin NullSourceCodeAccess
LogPluginManager: Mounting plugin PerforceSourceControl
LogPluginManager: Mounting plugin SubversionSourceControl
LogPluginManager: Mounting plugin UObjectPlugin
LogPluginManager: Mounting plugin VisualStudioCodeSourceCodeAccess
LogPluginManager: Mounting plugin VisualStudioSourceCodeAccess
LogPluginManager: Mounting plugin XCodeSourceCodeAccess
LogPluginManager: Mounting plugin AssetManagerEditor
LogPluginManager: Mounting plugin CryptoKeys
LogPluginManager: Mounting plugin DataValidation
LogPluginManager: Mounting plugin FacialAnimation
LogPluginManager: Mounting plugin GameplayTagsEditor
LogPluginManager: Mounting plugin MacGraphicsSwitching
LogPluginManager: Mounting plugin MeshEditor
LogPluginManager: Mounting plugin MobileLauncherProfileWizard
LogPluginManager: Mounting plugin PluginBrowser
LogPluginManager: Mounting plugin SpeedTreeImporter
LogPluginManager: Mounting plugin DatasmithContent
LogPluginManager: Mounting plugin VariantManagerContent
LogPluginManager: Mounting plugin AlembicImporter
LogPluginManager: Mounting plugin AppleImageUtils
LogPluginManager: Mounting plugin AppleVision
LogPluginManager: Mounting plugin BackChannel
LogPluginManager: Mounting plugin CharacterAI
LogPluginManager: Mounting plugin GeometryCache
LogPluginManager: Mounting plugin HTML5Networking
LogPluginManager: Mounting plugin ProxyLODPlugin
LogPluginManager: Mounting plugin MagicLeap
LogPluginManager: Mounting plugin MagicLeapMedia
LogPluginManager: Mounting plugin AndroidMedia
LogPluginManager: Mounting plugin AvfMedia
LogPluginManager: Mounting plugin ImgMedia
LogPluginManager: Mounting plugin LinearTimecode
LogPluginManager: Mounting plugin MediaCompositing
LogPluginManager: Mounting plugin MediaPlayerEditor
LogPluginManager: Mounting plugin WebMMedia
LogPluginManager: Mounting plugin WmfMedia
LogPluginManager: Mounting plugin TcpMessaging
LogPluginManager: Mounting plugin UdpMessaging
LogPluginManager: Mounting plugin ActorSequence
LogPluginManager: Mounting plugin LevelSequenceEditor
LogPluginManager: Mounting plugin MatineeToLevelSequence
LogPluginManager: Mounting plugin NetcodeUnitTest
LogPluginManager: Mounting plugin NUTUnrealEngine4
LogPluginManager: Mounting plugin OnlineSubsystemGooglePlay
LogPluginManager: Mounting plugin OnlineSubsystemIOS
LogPluginManager: Mounting plugin OnlineSubsystem
LogPluginManager: Mounting plugin OnlineSubsystemNull
LogPluginManager: Mounting plugin OnlineSubsystemUtils
LogPluginManager: Mounting plugin LauncherChunkInstaller
LogPluginManager: Mounting plugin AndroidDeviceProfileSelector
LogPluginManager: Mounting plugin AndroidMoviePlayer
LogPluginManager: Mounting plugin AndroidPermission
LogPluginManager: Mounting plugin AppleMoviePlayer
LogPluginManager: Mounting plugin ArchVisCharacter
LogPluginManager: Mounting plugin AudioCapture
LogPluginManager: Mounting plugin CableComponent
LogPluginManager: Mounting plugin CustomMeshComponent
LogPluginManager: Mounting plugin EditableMesh
LogPluginManager: Mounting plugin ExampleDeviceProfileSelector
LogPluginManager: Mounting plugin Firebase
LogPluginManager: Mounting plugin GoogleCloudMessaging
LogPluginManager: Mounting plugin IOSDeviceProfileSelector
LogPluginManager: Mounting plugin LinuxDeviceProfileSelector
LogPluginManager: Mounting plugin LocationServicesBPLibrary
LogPluginManager: Mounting plugin MobilePatchingUtils
LogPluginManager: Mounting plugin OculusVR
LogPluginManager: Mounting plugin PhysXVehicles
LogPluginManager: Mounting plugin ProceduralMeshComponent
LogPluginManager: Mounting plugin RuntimePhysXCooking
LogPluginManager: Mounting plugin SteamVR
LogPluginManager: Mounting plugin WebMMoviePlayer
LogPluginManager: Mounting plugin WindowsMoviePlayer
LogStreaming: Display: Took  0.070s to configure plugins.
LogInit: Using libcurl 7.55.1-DEV
LogInit:  - built for x86_64-pc-win32
LogInit:  - supports SSL with OpenSSL/1.0.2h
LogInit:  - supports HTTP deflate (compression) using libz 1.2.8
LogInit:  - other features:
LogInit:      CURL_VERSION_SSL
LogInit:      CURL_VERSION_LIBZ
LogInit:      CURL_VERSION_IPV6
LogInit:      CURL_VERSION_ASYNCHDNS
LogInit:      CURL_VERSION_LARGEFILE
LogInit:      CURL_VERSION_IDN
LogInit:  CurlRequestOptions (configurable via config and command line):
LogInit:  - bVerifyPeer = true  - Libcurl will verify peer certificate
LogInit:  - bUseHttpProxy = false  - Libcurl will NOT use HTTP proxy
LogInit:  - bDontReuseConnections = false  - Libcurl will reuse connections
LogInit:  - MaxHostConnections = 16  - Libcurl will limit the number of connections to a host
LogInit:  - LocalHostAddr = Default
LogInit:  - BufferSize = 65536
LogInit: WinSock: version 1.1 (2.2), MaxSocks=32767, MaxUdp=65467
LogInit: Build: ++UE4+Release-4.21-CL-4753647
LogInit: Engine Version: 4.21.2-4753647+++UE4+Release-4.21
LogInit: Compatible Engine Version: 4.21.0-4541578+++UE4+Release-4.21
LogInit: Net CL: 4541578
LogInit: OS: Windows 10 (), CPU: Intel(R) Core(TM) i7-8809G CPU @ 3.10GHz, GPU: Radeon RX Vega M GH Graphics
LogInit: Compiled (64-bit): Jan 19 2019 02:07:31
LogInit: Compiled with Visual C++: 19.13.26129.00
LogInit: Build Configuration: Development
LogInit: Branch Name: ++UE4+Release-4.21
LogInit: Command Line:  -EpicPortal -epicusername=liuzhuyi1999 -epicuserid=61de676e3ed24a5ba7ef7afafefae834 -epiclocale=en-US
LogInit: Base Directory: C:/Program Files/Epic Games/UE_4.21/Engine/Binaries/Win64/
LogInit: Installed Engine Build: 1
LogDevObjectVersion: Number of dev versions registered: 22
LogDevObjectVersion:   Dev-Blueprints (B0D832E4-1F89-4F0D-ACCF-7EB736FD4AA2): 10
LogDevObjectVersion:   Dev-Build (E1C64328-A22C-4D53-A36C-8E866417BD8C): 0
LogDevObjectVersion:   Dev-Core (375EC13C-06E4-48FB-B500-84F0262A717E): 2
LogDevObjectVersion:   Dev-Editor (E4B068ED-F494-42E9-A231-DA0B2E46BB41): 26
LogDevObjectVersion:   Dev-Framework (CFFC743F-43B0-4480-9391-14DF171D2073): 34
LogDevObjectVersion:   Dev-Mobile (B02B49B5-BB20-44E9-A304-32B752E40360): 2
LogDevObjectVersion:   Dev-Networking (A4E4105C-59A1-49B5-A7C5-40C4547EDFEE): 0
LogDevObjectVersion:   Dev-Online (39C831C9-5AE6-47DC-9A44-9C173E1C8E7C): 0
LogDevObjectVersion:   Dev-Physics (78F01B33-EBEA-4F98-B9B4-84EACCB95AA2): 0
LogDevObjectVersion:   Dev-Platform (6631380F-2D4D-43E0-8009-CF276956A95A): 0
LogDevObjectVersion:   Dev-Rendering (12F88B9F-8875-4AFC-A67C-D90C383ABD29): 27
LogDevObjectVersion:   Dev-Sequencer (7B5AE74C-D270-4C10-A958-57980B212A5A): 9
LogDevObjectVersion:   Dev-VR (D7296918-1DD6-4BDD-9DE2-64A83CC13884): 2
LogDevObjectVersion:   Dev-LoadTimes (C2A15278-BFE7-4AFE-6C17-90FF531DF755): 1
LogDevObjectVersion:   Private-Geometry (6EACA3D4-40EC-4CC1-B786-8BED09428FC5): 3
LogDevObjectVersion:   Dev-AnimPhys (29E575DD-E0A3-4627-9D10-D276232CDCEA): 17
LogDevObjectVersion:   Dev-Anim (AF43A65D-7FD3-4947-9873-3E8ED9C1BB05): 2
LogDevObjectVersion:   Dev-ReflectionCapture (6B266CEC-1EC7-4B8F-A30B-E4D90942FC07): 1
LogDevObjectVersion:   Dev-Automation (0DF73D61-A23F-47EA-B727-89E90C41499A): 1
LogDevObjectVersion:   FortniteMain (601D1886-AC64-4F84-AA16-D3DE0DEAC7D6): 17
LogDevObjectVersion:   Dev-Enterprise (9DFFBCD6-494F-0158-E221-12823C92A888): 4
LogDevObjectVersion:   Dev-Niagara (F2AED0AC-9AFE-416F-8664-AA7FFA26D6FC): 1
LogStreaming: Display: Took  0.003s to delete old logs.
LogInit: Presizing for max 8388607 objects, including 0 objects not considered by GC, pre-allocating 0 bytes for permanent pool.
LogInit: Object subsystem initialized
LogConfig: Setting CVar [[con.DebugEarlyDefault:1]]
LogConfig: Setting CVar [[r.setres:1280x720]]
[2019.06.18-21.36.27:396][  0]LogConfig: Setting CVar [[r.VSync:0]]
[2019.06.18-21.36.27:396][  0]LogConfig: Setting CVar [[r.RHICmdBypass:0]]
[2019.06.18-21.36.27:396][  0]LogConfig: Applying CVar settings from Section [/Script/Engine.RendererSettings] File [C:/Users/u1243388/Documents/GitHub/SummerAssetPipe/BaseBlock/BaseCityBlock/Saved/Config/Windows/Engine.ini]
[2019.06.18-21.36.27:397][  0]LogConfig: Setting CVar [[r.GPUCrashDebugging:0]]
[2019.06.18-21.36.27:397][  0]LogConfig: Applying CVar settings from Section [/Script/Engine.RendererOverrideSettings] File [C:/Users/u1243388/Documents/GitHub/SummerAssetPipe/BaseBlock/BaseCityBlock/Saved/Config/Windows/Engine.ini]
[2019.06.18-21.36.27:397][  0]LogConfig: Applying CVar settings from Section [/Script/Engine.StreamingSettings] File [C:/Users/u1243388/Documents/GitHub/SummerAssetPipe/BaseBlock/BaseCityBlock/Saved/Config/Windows/Engine.ini]
[2019.06.18-21.36.27:397][  0]LogConfig: Setting CVar [[s.MinBulkDataSizeForAsyncLoading:131072]]
[2019.06.18-21.36.27:397][  0]LogConfig: Setting CVar [[s.AsyncLoadingThreadEnabled:0]]
[2019.06.18-21.36.27:397][  0]LogConfig: Setting CVar [[s.EventDrivenLoaderEnabled:1]]
[2019.06.18-21.36.27:397][  0]LogConfig: Setting CVar [[s.WarnIfTimeLimitExceeded:0]]
[2019.06.18-21.36.27:397][  0]LogConfig: Setting CVar [[s.TimeLimitExceededMultiplier:1.5]]
[2019.06.18-21.36.27:397][  0]LogConfig: Setting CVar [[s.TimeLimitExceededMinTime:0.005]]
[2019.06.18-21.36.27:397][  0]LogConfig: Setting CVar [[s.UseBackgroundLevelStreaming:1]]
[2019.06.18-21.36.27:397][  0]LogConfig: Setting CVar [[s.PriorityAsyncLoadingExtraTime:15.0]]
[2019.06.18-21.36.27:397][  0]LogConfig: Setting CVar [[s.LevelStreamingActorsUpdateTimeLimit:5.0]]
[2019.06.18-21.36.27:397][  0]LogConfig: Setting CVar [[s.PriorityLevelStreamingActorsUpdateExtraTime:5.0]]
[2019.06.18-21.36.27:397][  0]LogConfig: Setting CVar [[s.LevelStreamingComponentsRegistrationGranularity:10]]
[2019.06.18-21.36.27:397][  0]LogConfig: Setting CVar [[s.UnregisterComponentsTimeLimit:1.0]]
[2019.06.18-21.36.27:397][  0]LogConfig: Setting CVar [[s.LevelStreamingComponentsUnregistrationGranularity:5]]
[2019.06.18-21.36.27:397][  0]LogConfig: Applying CVar settings from Section [/Script/Engine.GarbageCollectionSettings] File [C:/Users/u1243388/Documents/GitHub/SummerAssetPipe/BaseBlock/BaseCityBlock/Saved/Config/Windows/Engine.ini]
[2019.06.18-21.36.27:397][  0]LogConfig: Setting CVar [[gc.MaxObjectsNotConsideredByGC:1]]
[2019.06.18-21.36.27:397][  0]LogConfig: Setting CVar [[gc.SizeOfPermanentObjectPool:0]]
[2019.06.18-21.36.27:397][  0]LogConfig: Setting CVar [[gc.FlushStreamingOnGC:0]]
[2019.06.18-21.36.27:397][  0]LogConfig: Setting CVar [[gc.NumRetriesBeforeForcingGC:10]]
[2019.06.18-21.36.27:397][  0]LogConfig: Setting CVar [[gc.AllowParallelGC:1]]
[2019.06.18-21.36.27:397][  0]LogConfig: Setting CVar [[gc.TimeBetweenPurgingPendingKillObjects:61.1]]
[2019.06.18-21.36.27:397][  0]LogConfig: Setting CVar [[gc.MaxObjectsInEditor:8388607]]
[2019.06.18-21.36.27:397][  0]LogConfig: Setting CVar [[gc.IncrementalBeginDestroyEnabled:1]]
[2019.06.18-21.36.27:397][  0]LogConfig: Setting CVar [[gc.CreateGCClusters:1]]
[2019.06.18-21.36.27:397][  0]LogConfig: Setting CVar [[gc.MergeGCClusters:0]]
[2019.06.18-21.36.27:397][  0]LogConfig: Setting CVar [[gc.MinGCClusterSize:5]]
[2019.06.18-21.36.27:397][  0]LogConfig: Setting CVar [[gc.ActorClusteringEnabled:0]]
[2019.06.18-21.36.27:397][  0]LogConfig: Setting CVar [[gc.BlueprintClusteringEnabled:0]]
[2019.06.18-21.36.27:397][  0]LogConfig: Setting CVar [[gc.UseDisregardForGCOnDedicatedServers:0]]
[2019.06.18-21.36.27:397][  0]LogConfig: Applying CVar settings from Section [/Script/Engine.NetworkSettings] File [C:/Users/u1243388/Documents/GitHub/SummerAssetPipe/BaseBlock/BaseCityBlock/Saved/Config/Windows/Engine.ini]
[2019.06.18-21.36.27:397][  0]LogConfig: Applying CVar settings from Section [/Script/UnrealEd.CookerSettings] File [C:/Users/u1243388/Documents/GitHub/SummerAssetPipe/BaseBlock/BaseCityBlock/Saved/Config/Windows/Engine.ini]
[2019.06.18-21.36.27:401][  0]LogConfig: Applying CVar settings from Section [ViewDistanceQuality@3] File [C:/Users/u1243388/Documents/GitHub/SummerAssetPipe/BaseBlock/BaseCityBlock/Saved/Config/Windows/Scalability.ini]
[2019.06.18-21.36.27:401][  0]LogConfig: Setting CVar [[r.SkeletalMeshLODBias:0]]
[2019.06.18-21.36.27:401][  0]LogConfig: Setting CVar [[r.ViewDistanceScale:1.0]]
[2019.06.18-21.36.27:401][  0]LogConfig: Applying CVar settings from Section [AntiAliasingQuality@3] File [C:/Users/u1243388/Documents/GitHub/SummerAssetPipe/BaseBlock/BaseCityBlock/Saved/Config/Windows/Scalability.ini]
[2019.06.18-21.36.27:401][  0]LogConfig: Setting CVar [[r.PostProcessAAQuality:4]]
[2019.06.18-21.36.27:401][  0]LogConfig: Applying CVar settings from Section [ShadowQuality@3] File [C:/Users/u1243388/Documents/GitHub/SummerAssetPipe/BaseBlock/BaseCityBlock/Saved/Config/Windows/Scalability.ini]
[2019.06.18-21.36.27:401][  0]LogConfig: Setting CVar [[r.LightFunctionQuality:1]]
[2019.06.18-21.36.27:401][  0]LogConfig: Setting CVar [[r.ShadowQuality:5]]
[2019.06.18-21.36.27:401][  0]LogConfig: Setting CVar [[r.Shadow.CSM.MaxCascades:10]]
[2019.06.18-21.36.27:401][  0]LogConfig: Setting CVar [[r.Shadow.MaxResolution:2048]]
[2019.06.18-21.36.27:401][  0]LogConfig: Setting CVar [[r.Shadow.MaxCSMResolution:2048]]
[2019.06.18-21.36.27:401][  0]LogConfig: Setting CVar [[r.Shadow.RadiusThreshold:0.01]]
[2019.06.18-21.36.27:401][  0]LogConfig: Setting CVar [[r.Shadow.DistanceScale:1.0]]
[2019.06.18-21.36.27:401][  0]LogConfig: Setting CVar [[r.Shadow.CSM.TransitionScale:1.0]]
[2019.06.18-21.36.27:401][  0]LogConfig: Setting CVar [[r.Shadow.PreShadowResolutionFactor:1.0]]
[2019.06.18-21.36.27:401][  0]LogConfig: Setting CVar [[r.DistanceFieldShadowing:1]]
[2019.06.18-21.36.27:401][  0]LogConfig: Setting CVar [[r.DistanceFieldAO:1]]
[2019.06.18-21.36.27:401][  0]LogConfig: Setting CVar [[r.AOQuality:2]]
[2019.06.18-21.36.27:401][  0]LogConfig: Setting CVar [[r.VolumetricFog:1]]
[2019.06.18-21.36.27:401][  0]LogConfig: Setting CVar [[r.VolumetricFog.GridPixelSize:8]]
[2019.06.18-21.36.27:401][  0]LogConfig: Setting CVar [[r.VolumetricFog.GridSizeZ:128]]
[2019.06.18-21.36.27:401][  0]LogConfig: Setting CVar [[r.VolumetricFog.HistoryMissSupersampleCount:4]]
[2019.06.18-21.36.27:401][  0]LogConfig: Setting CVar [[r.LightMaxDrawDistanceScale:1]]
[2019.06.18-21.36.27:401][  0]LogConfig: Setting CVar [[r.CapsuleShadows:1]]
[2019.06.18-21.36.27:401][  0]LogConfig: Applying CVar settings from Section [PostProcessQuality@3] File [C:/Users/u1243388/Documents/GitHub/SummerAssetPipe/BaseBlock/BaseCityBlock/Saved/Config/Windows/Scalability.ini]
[2019.06.18-21.36.27:401][  0]LogConfig: Setting CVar [[r.MotionBlurQuality:4]]
[2019.06.18-21.36.27:401][  0]LogConfig: Setting CVar [[r.AmbientOcclusionMipLevelFactor:0.4]]
[2019.06.18-21.36.27:401][  0]LogConfig: Setting CVar [[r.AmbientOcclusionMaxQuality:100]]
[2019.06.18-21.36.27:401][  0]LogConfig: Setting CVar [[r.AmbientOcclusionLevels:-1]]
[2019.06.18-21.36.27:401][  0]LogConfig: Setting CVar [[r.AmbientOcclusionRadiusScale:1.0]]
[2019.06.18-21.36.27:401][  0]LogConfig: Setting CVar [[r.DepthOfFieldQuality:2]]
[2019.06.18-21.36.27:401][  0]LogConfig: Setting CVar [[r.RenderTargetPoolMin:400]]
[2019.06.18-21.36.27:401][  0]LogConfig: Setting CVar [[r.LensFlareQuality:2]]
[2019.06.18-21.36.27:401][  0]LogConfig: Setting CVar [[r.SceneColorFringeQuality:1]]
[2019.06.18-21.36.27:401][  0]LogConfig: Setting CVar [[r.EyeAdaptationQuality:2]]
[2019.06.18-21.36.27:401][  0]LogConfig: Setting CVar [[r.BloomQuality:5]]
[2019.06.18-21.36.27:401][  0]LogConfig: Setting CVar [[r.FastBlurThreshold:100]]
[2019.06.18-21.36.27:401][  0]LogConfig: Setting CVar [[r.Upscale.Quality:3]]
[2019.06.18-21.36.27:401][  0]LogConfig: Setting CVar [[r.Tonemapper.GrainQuantization:1]]
[2019.06.18-21.36.27:401][  0]LogConfig: Setting CVar [[r.LightShaftQuality:1]]
[2019.06.18-21.36.27:401][  0]LogConfig: Setting CVar [[r.Filter.SizeScale:1]]
[2019.06.18-21.36.27:401][  0]LogConfig: Setting CVar [[r.Tonemapper.Quality:5]]
[2019.06.18-21.36.27:401][  0]LogConfig: Setting CVar [[r.DOF.Gather.AccumulatorQuality:1        ; higher gathering accumulator quality]]
[2019.06.18-21.36.27:401][  0]LogConfig: Setting CVar [[r.DOF.Gather.PostfilterMethod:1          ; Median3x3 postfilering method]]
[2019.06.18-21.36.27:401][  0]LogConfig: Setting CVar [[r.DOF.Gather.EnableBokehSettings:0       ; no bokeh simulation when gathering]]
[2019.06.18-21.36.27:401][  0]LogConfig: Setting CVar [[r.DOF.Gather.RingCount:4                 ; medium number of samples when gathering]]
[2019.06.18-21.36.27:401][  0]LogConfig: Setting CVar [[r.DOF.Scatter.ForegroundCompositing:1    ; additive foreground scattering]]
[2019.06.18-21.36.27:401][  0]LogConfig: Setting CVar [[r.DOF.Scatter.BackgroundCompositing:2    ; additive background scattering]]
[2019.06.18-21.36.27:401][  0]LogConfig: Setting CVar [[r.DOF.Scatter.EnableBokehSettings:1      ; bokeh simulation when scattering]]
[2019.06.18-21.36.27:402][  0]LogConfig: Setting CVar [[r.DOF.Scatter.MaxSpriteRatio:0.1         ; only a maximum of 10% of scattered bokeh]]
[2019.06.18-21.36.27:402][  0]LogConfig: Setting CVar [[r.DOF.Recombine.Quality:1                ; cheap slight out of focus]]
[2019.06.18-21.36.27:402][  0]LogConfig: Setting CVar [[r.DOF.Recombine.EnableBokehSettings:0    ; no bokeh simulation on slight out of focus]]
[2019.06.18-21.36.27:402][  0]LogConfig: Setting CVar [[r.DOF.TemporalAAQuality:1                ; more stable temporal accumulation]]
[2019.06.18-21.36.27:402][  0]LogConfig: Setting CVar [[r.DOF.Kernel.MaxForegroundRadius:0.025]]
[2019.06.18-21.36.27:402][  0]LogConfig: Setting CVar [[r.DOF.Kernel.MaxBackgroundRadius:0.025]]
[2019.06.18-21.36.27:402][  0]LogConfig: Applying CVar settings from Section [TextureQuality@3] File [C:/Users/u1243388/Documents/GitHub/SummerAssetPipe/BaseBlock/BaseCityBlock/Saved/Config/Windows/Scalability.ini]
[2019.06.18-21.36.27:402][  0]LogConfig: Setting CVar [[r.Streaming.MipBias:0]]
[2019.06.18-21.36.27:402][  0]LogConfig: Setting CVar [[r.Streaming.AmortizeCPUToGPUCopy:0]]
[2019.06.18-21.36.27:402][  0]LogConfig: Setting CVar [[r.Streaming.MaxNumTexturesToStreamPerFrame:0]]
[2019.06.18-21.36.27:402][  0]LogConfig: Setting CVar [[r.Streaming.Boost:1]]
[2019.06.18-21.36.27:402][  0]LogConfig: Setting CVar [[r.MaxAnisotropy:8]]
[2019.06.18-21.36.27:402][  0]LogConfig: Setting CVar [[r.Streaming.LimitPoolSizeToVRAM:0]]
[2019.06.18-21.36.27:402][  0]LogConfig: Setting CVar [[r.Streaming.PoolSize:1000]]
[2019.06.18-21.36.27:402][  0]LogConfig: Setting CVar [[r.Streaming.MaxEffectiveScreenSize:0]]
[2019.06.18-21.36.27:402][  0]LogConfig: Applying CVar settings from Section [EffectsQuality@3] File [C:/Users/u1243388/Documents/GitHub/SummerAssetPipe/BaseBlock/BaseCityBlock/Saved/Config/Windows/Scalability.ini]
[2019.06.18-21.36.27:402][  0]LogConfig: Setting CVar [[r.TranslucencyLightingVolumeDim:64]]
[2019.06.18-21.36.27:402][  0]LogConfig: Setting CVar [[r.RefractionQuality:2]]
[2019.06.18-21.36.27:402][  0]LogConfig: Setting CVar [[r.SSR.Quality:3]]
[2019.06.18-21.36.27:402][  0]LogConfig: Setting CVar [[r.SceneColorFormat:4]]
[2019.06.18-21.36.27:402][  0]LogConfig: Setting CVar [[r.DetailMode:2]]
[2019.06.18-21.36.27:402][  0]LogConfig: Setting CVar [[r.TranslucencyVolumeBlur:1]]
[2019.06.18-21.36.27:402][  0]LogConfig: Setting CVar [[r.MaterialQualityLevel:1 ; High quality]]
[2019.06.18-21.36.27:402][  0]LogConfig: Setting CVar [[r.SSS.Scale:1]]
[2019.06.18-21.36.27:402][  0]LogConfig: Setting CVar [[r.SSS.SampleSet:2]]
[2019.06.18-21.36.27:402][  0]LogConfig: Setting CVar [[r.SSS.Quality:1]]
[2019.06.18-21.36.27:402][  0]LogConfig: Setting CVar [[r.SSS.HalfRes:1]]
[2019.06.18-21.36.27:402][  0]LogConfig: Setting CVar [[r.EmitterSpawnRateScale:1.0]]
[2019.06.18-21.36.27:402][  0]LogConfig: Setting CVar [[r.ParticleLightQuality:2]]
[2019.06.18-21.36.27:402][  0]LogConfig: Applying CVar settings from Section [FoliageQuality@3] File [C:/Users/u1243388/Documents/GitHub/SummerAssetPipe/BaseBlock/BaseCityBlock/Saved/Config/Windows/Scalability.ini]
[2019.06.18-21.36.27:402][  0]LogConfig: Setting CVar [[foliage.DensityScale:1.0]]
[2019.06.18-21.36.27:402][  0]LogConfig: Setting CVar [[grass.DensityScale:1.0]]
[2019.06.18-21.36.27:402][  0]LogInit: Selected Device Profile: [Windows]
[2019.06.18-21.36.27:402][  0]LogInit: Applying CVar settings loaded from the selected device profile: [Windows]
[2019.06.18-21.36.27:414][  0]LogHAL: Display: Platform has ~ 16 GB [17095028736 / 17179869184 / 16], which maps to Larger [LargestMinGB=32, LargerMinGB=12, DefaultMinGB=8, SmallerMinGB=6, SmallestMinGB=0)
[2019.06.18-21.36.27:414][  0]LogConfig: Setting CVar [[r.Vulkan.UseRealUBs:1]]
[2019.06.18-21.36.27:414][  0]LogInit: Going up to parent DeviceProfile []
[2019.06.18-21.36.27:414][  0]LogConfig: Applying CVar settings from Section [ViewDistanceQuality@3] File [C:/Users/u1243388/Documents/GitHub/SummerAssetPipe/BaseBlock/BaseCityBlock/Saved/Config/Windows/Scalability.ini]
[2019.06.18-21.36.27:414][  0]LogConfig: Setting CVar [[r.SkeletalMeshLODBias:0]]
[2019.06.18-21.36.27:414][  0]LogConfig: Setting CVar [[r.ViewDistanceScale:1.0]]
[2019.06.18-21.36.27:414][  0]LogConfig: Applying CVar settings from Section [AntiAliasingQuality@3] File [C:/Users/u1243388/Documents/GitHub/SummerAssetPipe/BaseBlock/BaseCityBlock/Saved/Config/Windows/Scalability.ini]
[2019.06.18-21.36.27:414][  0]LogConfig: Setting CVar [[r.PostProcessAAQuality:4]]
[2019.06.18-21.36.27:414][  0]LogConfig: Applying CVar settings from Section [ShadowQuality@3] File [C:/Users/u1243388/Documents/GitHub/SummerAssetPipe/BaseBlock/BaseCityBlock/Saved/Config/Windows/Scalability.ini]
[2019.06.18-21.36.27:414][  0]LogConfig: Setting CVar [[r.LightFunctionQuality:1]]
[2019.06.18-21.36.27:414][  0]LogConfig: Setting CVar [[r.ShadowQuality:5]]
[2019.06.18-21.36.27:414][  0]LogConfig: Setting CVar [[r.Shadow.CSM.MaxCascades:10]]
[2019.06.18-21.36.27:414][  0]LogConfig: Setting CVar [[r.Shadow.MaxResolution:2048]]
[2019.06.18-21.36.27:414][  0]LogConfig: Setting CVar [[r.Shadow.MaxCSMResolution:2048]]
[2019.06.18-21.36.27:414][  0]LogConfig: Setting CVar [[r.Shadow.RadiusThreshold:0.01]]
[2019.06.18-21.36.27:414][  0]LogConfig: Setting CVar [[r.Shadow.DistanceScale:1.0]]
[2019.06.18-21.36.27:414][  0]LogConfig: Setting CVar [[r.Shadow.CSM.TransitionScale:1.0]]
[2019.06.18-21.36.27:414][  0]LogConfig: Setting CVar [[r.Shadow.PreShadowResolutionFactor:1.0]]
[2019.06.18-21.36.27:414][  0]LogConfig: Setting CVar [[r.DistanceFieldShadowing:1]]
[2019.06.18-21.36.27:414][  0]LogConfig: Setting CVar [[r.DistanceFieldAO:1]]
[2019.06.18-21.36.27:414][  0]LogConfig: Setting CVar [[r.AOQuality:2]]
[2019.06.18-21.36.27:414][  0]LogConfig: Setting CVar [[r.VolumetricFog:1]]
[2019.06.18-21.36.27:414][  0]LogConfig: Setting CVar [[r.VolumetricFog.GridPixelSize:8]]
[2019.06.18-21.36.27:414][  0]LogConfig: Setting CVar [[r.VolumetricFog.GridSizeZ:128]]
[2019.06.18-21.36.27:414][  0]LogConfig: Setting CVar [[r.VolumetricFog.HistoryMissSupersampleCount:4]]
[2019.06.18-21.36.27:414][  0]LogConfig: Setting CVar [[r.LightMaxDrawDistanceScale:1]]
[2019.06.18-21.36.27:414][  0]LogConfig: Setting CVar [[r.CapsuleShadows:1]]
[2019.06.18-21.36.27:414][  0]LogConfig: Applying CVar settings from Section [PostProcessQuality@3] File [C:/Users/u1243388/Documents/GitHub/SummerAssetPipe/BaseBlock/BaseCityBlock/Saved/Config/Windows/Scalability.ini]
[2019.06.18-21.36.27:414][  0]LogConfig: Setting CVar [[r.MotionBlurQuality:4]]
[2019.06.18-21.36.27:414][  0]LogConfig: Setting CVar [[r.AmbientOcclusionMipLevelFactor:0.4]]
[2019.06.18-21.36.27:414][  0]LogConfig: Setting CVar [[r.AmbientOcclusionMaxQuality:100]]
[2019.06.18-21.36.27:414][  0]LogConfig: Setting CVar [[r.AmbientOcclusionLevels:-1]]
[2019.06.18-21.36.27:414][  0]LogConfig: Setting CVar [[r.AmbientOcclusionRadiusScale:1.0]]
[2019.06.18-21.36.27:414][  0]LogConfig: Setting CVar [[r.DepthOfFieldQuality:2]]
[2019.06.18-21.36.27:414][  0]LogConfig: Setting CVar [[r.RenderTargetPoolMin:400]]
[2019.06.18-21.36.27:414][  0]LogConfig: Setting CVar [[r.LensFlareQuality:2]]
[2019.06.18-21.36.27:414][  0]LogConfig: Setting CVar [[r.SceneColorFringeQuality:1]]
[2019.06.18-21.36.27:414][  0]LogConfig: Setting CVar [[r.EyeAdaptationQuality:2]]
[2019.06.18-21.36.27:414][  0]LogConfig: Setting CVar [[r.BloomQuality:5]]
[2019.06.18-21.36.27:415][  0]LogConfig: Setting CVar [[r.FastBlurThreshold:100]]
[2019.06.18-21.36.27:415][  0]LogConfig: Setting CVar [[r.Upscale.Quality:3]]
[2019.06.18-21.36.27:415][  0]LogConfig: Setting CVar [[r.Tonemapper.GrainQuantization:1]]
[2019.06.18-21.36.27:415][  0]LogConfig: Setting CVar [[r.LightShaftQuality:1]]
[2019.06.18-21.36.27:415][  0]LogConfig: Setting CVar [[r.Filter.SizeScale:1]]
[2019.06.18-21.36.27:415][  0]LogConfig: Setting CVar [[r.Tonemapper.Quality:5]]
[2019.06.18-21.36.27:415][  0]LogConfig: Setting CVar [[r.DOF.Gather.AccumulatorQuality:1        ; higher gathering accumulator quality]]
[2019.06.18-21.36.27:415][  0]LogConfig: Setting CVar [[r.DOF.Gather.PostfilterMethod:1          ; Median3x3 postfilering method]]
[2019.06.18-21.36.27:415][  0]LogConfig: Setting CVar [[r.DOF.Gather.EnableBokehSettings:0       ; no bokeh simulation when gathering]]
[2019.06.18-21.36.27:415][  0]LogConfig: Setting CVar [[r.DOF.Gather.RingCount:4                 ; medium number of samples when gathering]]
[2019.06.18-21.36.27:415][  0]LogConfig: Setting CVar [[r.DOF.Scatter.ForegroundCompositing:1    ; additive foreground scattering]]
[2019.06.18-21.36.27:415][  0]LogConfig: Setting CVar [[r.DOF.Scatter.BackgroundCompositing:2    ; additive background scattering]]
[2019.06.18-21.36.27:415][  0]LogConfig: Setting CVar [[r.DOF.Scatter.EnableBokehSettings:1      ; bokeh simulation when scattering]]
[2019.06.18-21.36.27:415][  0]LogConfig: Setting CVar [[r.DOF.Scatter.MaxSpriteRatio:0.1         ; only a maximum of 10% of scattered bokeh]]
[2019.06.18-21.36.27:415][  0]LogConfig: Setting CVar [[r.DOF.Recombine.Quality:1                ; cheap slight out of focus]]
[2019.06.18-21.36.27:415][  0]LogConfig: Setting CVar [[r.DOF.Recombine.EnableBokehSettings:0    ; no bokeh simulation on slight out of focus]]
[2019.06.18-21.36.27:415][  0]LogConfig: Setting CVar [[r.DOF.TemporalAAQuality:1                ; more stable temporal accumulation]]
[2019.06.18-21.36.27:415][  0]LogConfig: Setting CVar [[r.DOF.Kernel.MaxForegroundRadius:0.025]]
[2019.06.18-21.36.27:415][  0]LogConfig: Setting CVar [[r.DOF.Kernel.MaxBackgroundRadius:0.025]]
[2019.06.18-21.36.27:415][  0]LogConfig: Applying CVar settings from Section [TextureQuality@3] File [C:/Users/u1243388/Documents/GitHub/SummerAssetPipe/BaseBlock/BaseCityBlock/Saved/Config/Windows/Scalability.ini]
[2019.06.18-21.36.27:415][  0]LogConfig: Setting CVar [[r.Streaming.MipBias:0]]
[2019.06.18-21.36.27:415][  0]LogConfig: Setting CVar [[r.Streaming.AmortizeCPUToGPUCopy:0]]
[2019.06.18-21.36.27:415][  0]LogConfig: Setting CVar [[r.Streaming.MaxNumTexturesToStreamPerFrame:0]]
[2019.06.18-21.36.27:415][  0]LogConfig: Setting CVar [[r.Streaming.Boost:1]]
[2019.06.18-21.36.27:415][  0]LogConfig: Setting CVar [[r.MaxAnisotropy:8]]
[2019.06.18-21.36.27:415][  0]LogConfig: Setting CVar [[r.Streaming.LimitPoolSizeToVRAM:0]]
[2019.06.18-21.36.27:415][  0]LogConfig: Setting CVar [[r.Streaming.PoolSize:1000]]
[2019.06.18-21.36.27:415][  0]LogConfig: Setting CVar [[r.Streaming.MaxEffectiveScreenSize:0]]
[2019.06.18-21.36.27:415][  0]LogConfig: Applying CVar settings from Section [EffectsQuality@3] File [C:/Users/u1243388/Documents/GitHub/SummerAssetPipe/BaseBlock/BaseCityBlock/Saved/Config/Windows/Scalability.ini]
[2019.06.18-21.36.27:415][  0]LogConfig: Setting CVar [[r.TranslucencyLightingVolumeDim:64]]
[2019.06.18-21.36.27:415][  0]LogConfig: Setting CVar [[r.RefractionQuality:2]]
[2019.06.18-21.36.27:415][  0]LogConfig: Setting CVar [[r.SSR.Quality:3]]
[2019.06.18-21.36.27:415][  0]LogConfig: Setting CVar [[r.SceneColorFormat:4]]
[2019.06.18-21.36.27:415][  0]LogConfig: Setting CVar [[r.DetailMode:2]]
[2019.06.18-21.36.27:415][  0]LogConfig: Setting CVar [[r.TranslucencyVolumeBlur:1]]
[2019.06.18-21.36.27:415][  0]LogConfig: Setting CVar [[r.MaterialQualityLevel:1 ; High quality]]
[2019.06.18-21.36.27:415][  0]LogConfig: Setting CVar [[r.SSS.Scale:1]]
[2019.06.18-21.36.27:415][  0]LogConfig: Setting CVar [[r.SSS.SampleSet:2]]
[2019.06.18-21.36.27:415][  0]LogConfig: Setting CVar [[r.SSS.Quality:1]]
[2019.06.18-21.36.27:415][  0]LogConfig: Setting CVar [[r.SSS.HalfRes:1]]
[2019.06.18-21.36.27:415][  0]LogConfig: Setting CVar [[r.EmitterSpawnRateScale:1.0]]
[2019.06.18-21.36.27:415][  0]LogConfig: Setting CVar [[r.ParticleLightQuality:2]]
[2019.06.18-21.36.27:415][  0]LogConfig: Applying CVar settings from Section [FoliageQuality@3] File [C:/Users/u1243388/Documents/GitHub/SummerAssetPipe/BaseBlock/BaseCityBlock/Saved/Config/Windows/Scalability.ini]
[2019.06.18-21.36.27:415][  0]LogConfig: Setting CVar [[foliage.DensityScale:1.0]]
[2019.06.18-21.36.27:415][  0]LogConfig: Setting CVar [[grass.DensityScale:1.0]]
[2019.06.18-21.36.27:415][  0]LogConfig: Applying CVar settings from Section [Startup] File [../../../Engine/Config/ConsoleVariables.ini]
[2019.06.18-21.36.27:415][  0]LogConfig: Setting CVar [[net.UseAdaptiveNetUpdateFrequency:0]]
[2019.06.18-21.36.27:415][  0]LogConfig: Applying CVar settings from Section [ConsoleVariables] File [C:/Users/u1243388/Documents/GitHub/SummerAssetPipe/BaseBlock/BaseCityBlock/Saved/Config/Windows/Engine.ini]
[2019.06.18-21.36.27:415][  0]LogInit: Computer: eae-n-012
[2019.06.18-21.36.27:415][  0]LogInit: User: u1243388
[2019.06.18-21.36.27:415][  0]LogInit: CPU Page size=4096, Cores=4
[2019.06.18-21.36.27:415][  0]LogInit: High frequency timer resolution =3.023435 MHz
[2019.06.18-21.36.27:415][  0]LogMemory: Memory total: Physical=15.9GB (16GB approx)
[2019.06.18-21.36.27:415][  0]LogMemory: Platform Memory Stats for Windows
[2019.06.18-21.36.27:416][  0]LogMemory: Process Physical Memory: 102.08 MB used, 102.08 MB peak
[2019.06.18-21.36.27:416][  0]LogMemory: Process Virtual Memory: 91.45 MB used, 91.45 MB peak
[2019.06.18-21.36.27:416][  0]LogMemory: Physical Memory: 5383.13 MB used,  10919.96 MB free, 16303.09 MB total
[2019.06.18-21.36.27:416][  0]LogMemory: Virtual Memory: 4647.91 MB used,  134213080.00 MB free, 134217728.00 MB total
[2019.06.18-21.36.27:430][  0]LogInit: Using OS detected language (en-US).
[2019.06.18-21.36.27:430][  0]LogInit: Using OS detected locale (en-US).
[2019.06.18-21.36.27:431][  0]LogTextLocalizationManager: No specific localization for 'en-US' exists, so the 'en' localization will be used.
[2019.06.18-21.36.27:771][  0]LogStreaming: Display: Took  0.341s to InitEngineTextLocalization.
[2019.06.18-21.36.27:771][  0]LogInit: Setting process to per monitor DPI aware
[2019.06.18-21.36.27:811][  0]LogSlate: New Slate User Created.  User Index 0, Is Virtual User: 0
[2019.06.18-21.36.27:811][  0]LogSlate: Slate User Registered.  User Index 0, Is Virtual User: 0
[2019.06.18-21.36.27:986][  0]LogHMD: Failed to initialize OpenVR with code 110
[2019.06.18-21.36.27:986][  0]LogD3D11RHI: D3D11 adapters:
[2019.06.18-21.36.28:010][  0]LogD3D11RHI:    0. 'Radeon RX Vega M GH Graphics' (Feature Level 11_0)
[2019.06.18-21.36.28:010][  0]LogD3D11RHI:       4042/0/8151 MB DedicatedVideo/DedicatedSystem/SharedSystem, Outputs:1, VendorId:0x1002
[2019.06.18-21.36.28:034][  0]LogD3D11RHI:    1. 'Intel(R) HD Graphics 630' (Feature Level 11_0)
[2019.06.18-21.36.28:034][  0]LogD3D11RHI:       128/0/8151 MB DedicatedVideo/DedicatedSystem/SharedSystem, Outputs:0, VendorId:0x8086
[2019.06.18-21.36.28:036][  0]LogD3D11RHI:    2. 'Microsoft Basic Render Driver' (Feature Level 11_0)
[2019.06.18-21.36.28:036][  0]LogD3D11RHI:       0/0/8151 MB DedicatedVideo/DedicatedSystem/SharedSystem, Outputs:0, VendorId:0x1414
[2019.06.18-21.36.28:036][  0]LogD3D11RHI: Chosen D3D11 Adapter: 0
[2019.06.18-21.36.28:042][  0]LogD3D11RHI: Creating new Direct3DDevice
[2019.06.18-21.36.28:042][  0]LogD3D11RHI:     GPU DeviceId: 0x694c (for the marketing name, search the web for "GPU Device Id")
[2019.06.18-21.36.28:042][  0]LogWindows: EnumDisplayDevices:
[2019.06.18-21.36.28:043][  0]LogWindows:    0. 'Radeon RX Vega M GH Graphics' (P:1 D:1)
[2019.06.18-21.36.28:043][  0]LogWindows:    1. 'Radeon RX Vega M GH Graphics' (P:0 D:0)
[2019.06.18-21.36.28:043][  0]LogWindows:    2. 'Radeon RX Vega M GH Graphics' (P:0 D:0)
[2019.06.18-21.36.28:043][  0]LogWindows:    3. 'Radeon RX Vega M GH Graphics' (P:0 D:0)
[2019.06.18-21.36.28:044][  0]LogWindows:    4. 'Radeon RX Vega M GH Graphics' (P:0 D:0)
[2019.06.18-21.36.28:044][  0]LogWindows:    5. 'Radeon RX Vega M GH Graphics' (P:0 D:0)
[2019.06.18-21.36.28:044][  0]LogWindows:    6. 'Radeon RX Vega M GH Graphics' (P:0 D:0)
[2019.06.18-21.36.28:044][  0]LogWindows:    7. 'Radeon RX Vega M GH Graphics' (P:0 D:0)
[2019.06.18-21.36.28:045][  0]LogWindows:    8. 'Intel(R) HD Graphics 630' (P:0 D:0)
[2019.06.18-21.36.28:045][  0]LogWindows:    9. 'Intel(R) HD Graphics 630' (P:0 D:0)
[2019.06.18-21.36.28:045][  0]LogWindows: DebugString: PrimaryIsNotTheChoosenAdapter PrimaryIsNotTheChoosenAdapter FoundDriverCount:8 
[2019.06.18-21.36.28:045][  0]LogD3D11RHI:     Adapter Name: Radeon RX Vega M GH Graphics
[2019.06.18-21.36.28:045][  0]LogD3D11RHI:   Driver Version: Adrenalin 19 18.12.2 (internal:25.20.15002.58, unified:25.20.15002.58)
[2019.06.18-21.36.28:045][  0]LogD3D11RHI:      Driver Date: 12-6-2018
[2019.06.18-21.36.28:045][  0]LogRHI: Texture pool is 2829 MB (70% of 4042 MB)
[2019.06.18-21.36.28:102][  0]LogD3D11RHI: Async texture creation enabled
[2019.06.18-21.36.28:114][  0]LogD3D11RHI: GPU Timing Frequency: 25.000000 (Debug: 2 1)
[2019.06.18-21.36.28:374][  0]LogTemp: Display: Loaded TP AllDesktopTargetPlatform
[2019.06.18-21.36.28:389][  0]LogTemp: Display: Loaded TP MacClientTargetPlatform
[2019.06.18-21.36.28:404][  0]LogTemp: Display: Loaded TP MacNoEditorTargetPlatform
[2019.06.18-21.36.28:417][  0]LogTemp: Display: Loaded TP MacServerTargetPlatform
[2019.06.18-21.36.28:427][  0]LogTemp: Display: Loaded TP MacTargetPlatform
[2019.06.18-21.36.28:438][  0]LogTemp: Display: Loaded TP WindowsClientTargetPlatform
[2019.06.18-21.36.28:449][  0]LogTemp: Display: Loaded TP WindowsNoEditorTargetPlatform
[2019.06.18-21.36.28:459][  0]LogTemp: Display: Loaded TP WindowsServerTargetPlatform
[2019.06.18-21.36.28:465][  0]LogTemp: Display: Loaded TP WindowsTargetPlatform
[2019.06.18-21.36.28:523][  0]LogTemp: Display: Loaded TP AndroidTargetPlatform
[2019.06.18-21.36.28:523][  0]LogTemp: Display: Loaded TP AndroidTargetPlatform
[2019.06.18-21.36.28:523][  0]LogTemp: Display: Loaded TP AndroidTargetPlatform
[2019.06.18-21.36.28:523][  0]LogTemp: Display: Loaded TP AndroidTargetPlatform
[2019.06.18-21.36.28:523][  0]LogTemp: Display: Loaded TP AndroidTargetPlatform
[2019.06.18-21.36.28:523][  0]LogTemp: Display: Loaded TP AndroidTargetPlatform
[2019.06.18-21.36.28:523][  0]LogTemp: Display: Loaded TP AndroidTargetPlatform
[2019.06.18-21.36.28:523][  0]LogTemp: Display: Loaded TP AndroidTargetPlatform
[2019.06.18-21.36.28:523][  0]LogTemp: Display: Loaded TP AndroidTargetPlatform
[2019.06.18-21.36.28:523][  0]LogTemp: Display: Loaded TP AndroidTargetPlatform
[2019.06.18-21.36.28:523][  0]LogTemp: Display: Loaded TP AndroidTargetPlatform
[2019.06.18-21.36.28:523][  0]LogTemp: Display: Loaded TP AndroidTargetPlatform
[2019.06.18-21.36.28:523][  0]LogTemp: Display: Loaded TP AndroidTargetPlatform
[2019.06.18-21.36.28:523][  0]LogTemp: Display: Loaded TP AndroidTargetPlatform
[2019.06.18-21.36.28:523][  0]LogTemp: Display: Loaded TP AndroidTargetPlatform
[2019.06.18-21.36.28:523][  0]LogTemp: Display: Loaded TP AndroidTargetPlatform
[2019.06.18-21.36.28:523][  0]LogTemp: Display: Loaded TP AndroidTargetPlatform
[2019.06.18-21.36.28:523][  0]LogTemp: Display: Loaded TP AndroidTargetPlatform
[2019.06.18-21.36.28:524][  0]LogTemp: Display: Loaded TP HTML5TargetPlatform
[2019.06.18-21.36.28:580][  0]LogTemp: Display: Loaded TP IOSTargetPlatform
[2019.06.18-21.36.28:580][  0]LogTemp: Display: Loaded TP IOSTargetPlatform
[2019.06.18-21.36.28:599][  0]LogTemp: Display: Loaded TP TVOSTargetPlatform
[2019.06.18-21.36.28:599][  0]LogTemp: Display: Loaded TP TVOSTargetPlatform
[2019.06.18-21.36.28:609][  0]LogTemp: Display: Loaded TP LinuxClientTargetPlatform
[2019.06.18-21.36.28:619][  0]LogTemp: Display: Loaded TP LinuxNoEditorTargetPlatform
[2019.06.18-21.36.28:628][  0]LogTemp: Display: Loaded TP LinuxServerTargetPlatform
[2019.06.18-21.36.28:639][  0]LogTemp: Display: Loaded TP LinuxTargetPlatform
[2019.06.18-21.36.28:676][  0]LogTemp: Display: Loaded TP LuminTargetPlatform
[2019.06.18-21.36.28:676][  0]LogTemp: Display: Loaded TP LuminTargetPlatform
[2019.06.18-21.36.28:676][  0]LogTargetPlatformManager: Display: Building Assets For Windows
[2019.06.18-21.36.28:727][  0]LogShaderCompilers: Guid format shader working directory is -41 characters bigger than the processId version (../../../../../../Users/u1243388/Documents/GitHub/SummerAssetPipe/BaseBlock/BaseCityBlock/Intermediate/Shaders/WorkingDirectory/12452/).
[2019.06.18-21.36.28:727][  0]LogShaderCompilers: Cleaned the shader compiler working directory 'C:/Users/u1243388/AppData/Local/Temp/UnrealShaderWorkingDir/A4DE8DEA45B0F366B569AEA906028547/'.
[2019.06.18-21.36.28:729][  0]LogXGEController: Cannot use XGE Controller as Incredibuild is not installed on this machine.
[2019.06.18-21.36.28:729][  0]LogShaderCompilers: Cannot use XGE Shader Compiler as Incredibuild is not installed on this machine.
[2019.06.18-21.36.28:729][  0]LogShaderCompilers: Display: Using Local Shader Compiler.
[2019.06.18-21.36.29:187][  0]LogDerivedDataCache: Display: Max Cache Size: 512 MB
[2019.06.18-21.36.29:244][  0]LogDerivedDataCache: Loaded boot cache 0.06s 71MB C:/Users/u1243388/AppData/Local/UnrealEngine/4.21/DerivedDataCache/Boot.ddc.
[2019.06.18-21.36.29:244][  0]LogDerivedDataCache: Display: Loaded Boot cache: C:/Users/u1243388/AppData/Local/UnrealEngine/4.21/DerivedDataCache/Boot.ddc
[2019.06.18-21.36.29:244][  0]LogDerivedDataCache: FDerivedDataBackendGraph:  Pak pak cache file ../../../../../../Users/u1243388/Documents/GitHub/SummerAssetPipe/BaseBlock/BaseCityBlock/DerivedDataCache/DDC.ddp not found, will not use a pak cache.
[2019.06.18-21.36.29:244][  0]LogDerivedDataCache: Unable to find inner node Pak for hierarchical cache Hierarchy.
[2019.06.18-21.36.29:244][  0]LogDerivedDataCache: FDerivedDataBackendGraph:  CompressedPak pak cache file ../../../../../../Users/u1243388/Documents/GitHub/SummerAssetPipe/BaseBlock/BaseCityBlock/DerivedDataCache/Compressed.ddp not found, will not use a pak cache.
[2019.06.18-21.36.29:244][  0]LogDerivedDataCache: Unable to find inner node CompressedPak for hierarchical cache Hierarchy.
[2019.06.18-21.36.29:257][  0]LogDerivedDataCache: Display: Pak cache opened for reading ../../../Engine/DerivedDataCache/Compressed.ddp.
[2019.06.18-21.36.29:257][  0]LogDerivedDataCache: FDerivedDataBackendGraph:  EnterprisePak pak cache file ../../../Enterprise/DerivedDataCache/Compressed.ddp not found, will not use a pak cache.
[2019.06.18-21.36.29:257][  0]LogDerivedDataCache: Unable to find inner node EnterprisePak for hierarchical cache Hierarchy.
[2019.06.18-21.36.29:270][  0]LogDerivedDataCache: Using Local data cache path C:/Users/u1243388/AppData/Local/UnrealEngine/Common/DerivedDataCache: Writable
[2019.06.18-21.36.29:270][  0]LogDerivedDataCache: Shared data cache path not found in *engine.ini, will not use an Shared cache.
[2019.06.18-21.36.29:270][  0]LogDerivedDataCache: Unable to find inner node Shared for hierarchical cache Hierarchy.
[2019.06.18-21.36.29:290][  0]LogMaterial: Verifying Global Shaders for PCD3D_SM5
[2019.06.18-21.36.29:292][  0]LogSlate: Using FreeType 2.6.0
[2019.06.18-21.36.29:292][  0]LogSlate: SlateFontServices - WITH_FREETYPE: 1, WITH_HARFBUZZ: 1
[2019.06.18-21.36.29:368][  0]LogAssetRegistry: FAssetRegistry took 0.0311 seconds to start up
[2019.06.18-21.36.29:631][  0]LogInit: Selected Device Profile: [Windows]
[2019.06.18-21.36.29:759][  0]LogSimplygon: Simplygon DLL not present - disabling.
[2019.06.18-21.36.29:762][  0]LogMeshReduction: Using SimplygonSwarm for distributed automatic mesh merging
[2019.06.18-21.36.29:762][  0]LogMeshReduction: Using ProxyLODMeshReduction for automatic mesh merging
[2019.06.18-21.36.29:762][  0]LogMeshReduction: Using QuadricMeshReduction for automatic static mesh reduction
[2019.06.18-21.36.29:762][  0]LogMeshReduction: No automatic skeletal mesh reduction module available
[2019.06.18-21.36.29:774][  0]LogNetVersion: BaseCityBlock 1.0.0, NetCL: 4541578, EngineNetVer: 5, GameNetVer: 0 (Checksum: 574320730)
[2019.06.18-21.36.30:232][  0]LogPackageLocalizationCache: Processed 11 localized package path(s) for 2 prioritized culture(s) in 0.080960 seconds
[2019.06.18-21.36.30:236][  0]LogUObjectArray: 39775 objects as part of root set at end of initial load.
[2019.06.18-21.36.30:236][  0]LogUObjectAllocator: 6914664 out of 0 bytes used by permanent object pool.
[2019.06.18-21.36.30:236][  0]LogUObjectArray: CloseDisregardForGC: 0/0 objects in disregard for GC pool
[2019.06.18-21.36.30:974][  0]LogTcpMessaging: Initializing TcpMessaging bridge
[2019.06.18-21.36.30:987][  0]LogUdpMessaging: Initializing bridge on interface 0.0.0.0:0 to multicast group 230.0.0.1:6666.
[2019.06.18-21.36.31:559][  0]SourceControl: Source control is disabled
[2019.06.18-21.36.31:559][  0]SourceControl: Source control is disabled
[2019.06.18-21.36.31:560][  0]SourceControl: Source control is disabled
[2019.06.18-21.36.31:561][  0]SourceControl: Source control is disabled
[2019.06.18-21.36.31:711][  0]LogAndroidPermission: UAndroidPermissionCallbackProxy::GetInstance
[2019.06.18-21.36.31:786][  0]LogOcInput: OculusInput pre-init called
[2019.06.18-21.36.31:913][  0]LogEngine: Initializing Engine...
[2019.06.18-21.36.31:913][  0]LogHMD: Failed to initialize OpenVR with code 110
[2019.06.18-21.36.31:914][  0]LogStats: UGameplayTagsManager::ConstructGameplayTagTree: ImportINI prefixes -  0.000 s
[2019.06.18-21.36.31:914][  0]LogStats: UGameplayTagsManager::ConstructGameplayTagTree: Construct from data asset -  0.000 s
[2019.06.18-21.36.31:915][  0]LogStats: UGameplayTagsManager::ConstructGameplayTagTree: ImportINI -  0.000 s
[2019.06.18-21.36.31:915][  0]LogStats: UGameplayTagsManager::ConstructGameplayTagTree: GameplayTagTreeChangedEvent.Broadcast -  0.000 s
[2019.06.18-21.36.32:123][  0]LogInit: Initializing FReadOnlyCVARCache
[2019.06.18-21.36.32:136][  0]LogAIModule: Creating AISystem for world Untitled
[2019.06.18-21.36.32:173][  0]LogInit: XAudio2 using '4 - CintiqPro24P (AMD High Definition Audio Device)' : 2 channels at 48 kHz using 16 bits per sample (channel mask 0x3)
[2019.06.18-21.36.32:196][  0]LogInit: FAudioDevice initialized.
[2019.06.18-21.36.32:196][  0]LogNetVersion: Set ProjectVersion to 1.0.0.0. Version Checksum will be recalculated on next use.
[2019.06.18-21.36.32:274][  0]LogDerivedDataCache: Saved boot cache 0.08s 71MB C:/Users/u1243388/AppData/Local/UnrealEngine/4.21/DerivedDataCache/Boot.ddc.
[2019.06.18-21.36.32:278][  0]LogInit: Texture streaming: Enabled
[2019.06.18-21.36.32:293][  0]LogEngineSessionManager: EngineSessionManager initialized
[2019.06.18-21.36.32:304][  0]LogInit: Transaction tracking system initialized
[2019.06.18-21.36.32:334][  0]BlueprintLog: New page: Editor Load
[2019.06.18-21.36.32:412][  0]LocalizationService: Localization service is disabled
[2019.06.18-21.36.32:811][  0]LogFileCache: Scanning file cache for directory 'C:/Users/u1243388/Documents/GitHub/SummerAssetPipe/BaseBlock/BaseCityBlock/Content/' took 0.02s
[2019.06.18-21.36.32:811][  0]LogCook: Display: Max memory allowance for cook 16384mb min free memory 0mb
[2019.06.18-21.36.32:811][  0]LogCook: Display: Mobile HDR setting 1
[2019.06.18-21.36.32:811][  0]LogGameplayTags: Display: UGameplayTagsManager::DoneAddingNativeTags. DelegateIsBound: 0
[2019.06.18-21.36.32:811][  0]LogStats: UGameplayTagsManager::ConstructGameplayTagTree: ImportINI prefixes -  0.000 s
[2019.06.18-21.36.32:811][  0]LogStats: UGameplayTagsManager::ConstructGameplayTagTree: Construct from data asset -  0.000 s
[2019.06.18-21.36.32:811][  0]LogStats: UGameplayTagsManager::ConstructGameplayTagTree: ImportINI -  0.000 s
[2019.06.18-21.36.32:811][  0]LogStats: UGameplayTagsManager::ConstructGameplayTagTree: GameplayTagTreeChangedEvent.Broadcast -  0.000 s
[2019.06.18-21.36.32:933][  0]SourceControl: Source control is disabled
[2019.06.18-21.36.32:933][  0]Cmd: MAP LOAD FILE="../../../Engine/Content/Maps/Templates/Template_Default.umap" TEMPLATE=1 SHOWPROGRESS=1 FEATURELEVEL=3
[2019.06.18-21.36.32:933][  0]LightingResults: New page: Lighting Build
[2019.06.18-21.36.32:935][  0]MapCheck: New page: Map Check
[2019.06.18-21.36.32:935][  0]LightingResults: New page: Lighting Build
[2019.06.18-21.36.33:076][  0]LogAIModule: Creating AISystem for world Untitled_1
[2019.06.18-21.36.33:083][  0]LogEditorServer: Finished looking for orphan Actors (0.000 secs)
[2019.06.18-21.36.33:103][  0]Cmd: MAP CHECKDEP NOCLEARLOG
[2019.06.18-21.36.33:103][  0]MapCheck: Map check complete: 0 Error(s), 0 Warning(s), took 0.131ms to complete.
[2019.06.18-21.36.33:103][  0]LogFileHelpers: Loading map 'Template_Default' took 0.171
[2019.06.18-21.36.33:208][  0]LogSlate: Updating window title bar state: overlay mode, drag disabled, window buttons hidden, title bar hidden
[2019.06.18-21.36.33:216][  0]LogSlate: Updating window title bar state: overlay mode, drag disabled, window buttons hidden, title bar hidden
[2019.06.18-21.36.33:224][  0]LogSlate: Updating window title bar state: overlay mode, drag disabled, window buttons hidden, title bar hidden
[2019.06.18-21.36.33:231][  0]LogSlate: Updating window title bar state: overlay mode, drag disabled, window buttons hidden, title bar hidden
[2019.06.18-21.36.33:240][  0]LogCollectionManager: Loaded 0 collections in 0.002788 seconds
[2019.06.18-21.36.33:255][  0]LogFileCache: Scanning file cache for directory 'C:/Users/u1243388/Documents/GitHub/SummerAssetPipe/BaseBlock/BaseCityBlock/Saved/Collections/' took 0.01s
[2019.06.18-21.36.33:255][  0]LogFileCache: Scanning file cache for directory 'C:/Users/u1243388/Documents/GitHub/SummerAssetPipe/BaseBlock/BaseCityBlock/Content/Developers/u1243388/Collections/' took 0.00s
[2019.06.18-21.36.33:255][  0]LogFileCache: Scanning file cache for directory 'C:/Users/u1243388/Documents/GitHub/SummerAssetPipe/BaseBlock/BaseCityBlock/Content/Collections/' took 0.00s
[2019.06.18-21.36.33:255][  0]LogCollectionManager: Rebuilt the GUID cache for 0 collections in 0.000000 seconds
[2019.06.18-21.36.33:262][  0]LogContentBrowser: Native class hierarchy populated in 0.0070 seconds. Added 2651 classes and 620 folders.
[2019.06.18-21.36.33:268][  0]LogContentBrowser: Native class hierarchy updated for 'WidgetCarousel' in 0.0002 seconds. Added 0 classes and 0 folders.
[2019.06.18-21.36.33:269][  0]LogPakFile: Registered encryption key '00000000000000000000000000000000': 0 pak files mounted, 0 remain pending
[2019.06.18-21.36.33:270][  0]LogPakFile: Registered encryption key '00000000000000000000000000000000': 0 pak files mounted, 0 remain pending
[2019.06.18-21.36.33:270][  0]LogPakFile: Registered encryption key '00000000000000000000000000000000': 0 pak files mounted, 0 remain pending
[2019.06.18-21.36.33:270][  0]LogPakFile: Registered encryption key '00000000000000000000000000000000': 0 pak files mounted, 0 remain pending
[2019.06.18-21.36.33:271][  0]LogPakFile: Registered encryption key '00000000000000000000000000000000': 0 pak files mounted, 0 remain pending
[2019.06.18-21.36.33:271][  0]LogPakFile: Registered encryption key '00000000000000000000000000000000': 0 pak files mounted, 0 remain pending
[2019.06.18-21.36.33:272][  0]LogPakFile: Registered encryption key '00000000000000000000000000000000': 0 pak files mounted, 0 remain pending
[2019.06.18-21.36.33:272][  0]LogPakFile: Registered encryption key '00000000000000000000000000000000': 0 pak files mounted, 0 remain pending
[2019.06.18-21.36.33:272][  0]LogPakFile: Registered encryption key '00000000000000000000000000000000': 0 pak files mounted, 0 remain pending
[2019.06.18-21.36.33:273][  0]LogPakFile: Registered encryption key '00000000000000000000000000000000': 0 pak files mounted, 0 remain pending
[2019.06.18-21.36.33:273][  0]LogPakFile: Registered encryption key '00000000000000000000000000000000': 0 pak files mounted, 0 remain pending
[2019.06.18-21.36.33:274][  0]LogPakFile: Registered encryption key '00000000000000000000000000000000': 0 pak files mounted, 0 remain pending
[2019.06.18-21.36.33:274][  0]LogPakFile: Registered encryption key '00000000000000000000000000000000': 0 pak files mounted, 0 remain pending
[2019.06.18-21.36.33:275][  0]LogPakFile: Registered encryption key '00000000000000000000000000000000': 0 pak files mounted, 0 remain pending
[2019.06.18-21.36.33:275][  0]LogPakFile: Registered encryption key '00000000000000000000000000000000': 0 pak files mounted, 0 remain pending
[2019.06.18-21.36.33:275][  0]LogPakFile: Registered encryption key '00000000000000000000000000000000': 0 pak files mounted, 0 remain pending
[2019.06.18-21.36.33:276][  0]LogPakFile: Registered encryption key '00000000000000000000000000000000': 0 pak files mounted, 0 remain pending
[2019.06.18-21.36.33:276][  0]LogPakFile: Registered encryption key '00000000000000000000000000000000': 0 pak files mounted, 0 remain pending
[2019.06.18-21.36.33:277][  0]LogPakFile: Registered encryption key '00000000000000000000000000000000': 0 pak files mounted, 0 remain pending
[2019.06.18-21.36.33:277][  0]LogPakFile: Registered encryption key '00000000000000000000000000000000': 0 pak files mounted, 0 remain pending
[2019.06.18-21.36.33:277][  0]LogPakFile: Registered encryption key '00000000000000000000000000000000': 0 pak files mounted, 0 remain pending
[2019.06.18-21.36.33:278][  0]LogPakFile: Registered encryption key '00000000000000000000000000000000': 0 pak files mounted, 0 remain pending
[2019.06.18-21.36.33:278][  0]LogPakFile: Registered encryption key '00000000000000000000000000000000': 0 pak files mounted, 0 remain pending
[2019.06.18-21.36.33:279][  0]LogPakFile: Registered encryption key '00000000000000000000000000000000': 0 pak files mounted, 0 remain pending
[2019.06.18-21.36.33:279][  0]LogPakFile: Registered encryption key '00000000000000000000000000000000': 0 pak files mounted, 0 remain pending
[2019.06.18-21.36.33:279][  0]LogPakFile: Registered encryption key '00000000000000000000000000000000': 0 pak files mounted, 0 remain pending
[2019.06.18-21.36.33:313][  0]LogContentBrowser: Native class hierarchy updated for 'AddContentDialog' in 0.0002 seconds. Added 0 classes and 0 folders.
[2019.06.18-21.36.33:318][  0]LogContentBrowser: Native class hierarchy updated for 'SceneOutliner' in 0.0003 seconds. Added 1 classes and 2 folders.
[2019.06.18-21.36.33:404][  0]LogSlate: Took 0.000233 seconds to synchronously load lazily loaded font '../../../Engine/Content/Slate/Fonts/Roboto-Regular.ttf' (155K)
[2019.06.18-21.36.33:406][  0]LogSlate: Took 0.000286 seconds to synchronously load lazily loaded font '../../../Engine/Content/Slate/Fonts/Roboto-Bold.ttf' (160K)
[2019.06.18-21.36.33:413][  0]LogSlate: Took 0.000213 seconds to synchronously load lazily loaded font '../../../Engine/Content/Editor/Slate/Fonts/FontAwesome.ttf' (139K)
[2019.06.18-21.36.33:505][  0]LogRenderer: Reallocating scene render targets to support 1208x576 Format 10 NumSamples 1 (Frame:1).
[2019.06.18-21.36.33:650][  0]LogContentBrowser: Native class hierarchy updated for 'HierarchicalLODOutliner' in 0.0003 seconds. Added 0 classes and 0 folders.
[2019.06.18-21.36.33:650][  0]LogLoad: (Engine Initialization) Total time: 7.85 seconds
[2019.06.18-21.36.33:650][  0]LogLoad: (Engine Initialization) Total Blueprint compile time: 0.00 seconds
[2019.06.18-21.36.33:660][  0]LogWindowsTextInputMethodSystem: Display: IME system now deactivated.
[2019.06.18-21.36.33:713][  0]LogContentStreaming: Texture pool size now 1000 MB
[2019.06.18-21.36.33:751][  1]LogAssetRegistry: Asset discovery search completed in 4.4055 seconds
[2019.06.18-21.36.33:752][  1]LogCollectionManager: Rebuilt the object cache for 0 collections in 0.000000 seconds (found 0 objects)
[2019.06.18-21.36.33:752][  1]LogCollectionManager: Fixed up redirectors for 0 collections in 0.000039 seconds (updated 0 objects)
[2019.06.18-21.36.35:228][171]LogSlate: FSceneViewport::OnFocusLost() reason 0
[2019.06.18-21.36.38:548][474]LogSlate: Took 0.000246 seconds to synchronously load lazily loaded font '../../../Engine/Content/Slate/Fonts/Roboto-Light.ttf' (167K)
[2019.06.18-21.36.38:555][474]LogAssetEditorManager: Opening Asset editor for StaticMesh /Game/Victor/Victor_Block.Victor_Block
[2019.06.18-21.37.47:972][ 32]LogSlate: Window 'Victor_Block' being destroyed
[2019.06.18-21.37.47:978][ 32]LogSlate: Window 'Victor_Block' being destroyed
[2019.06.18-21.37.52:626][265]LogSlate: Window 'Delete Assets' being destroyed
[2019.06.18-21.38.24:825][128]LogSlate: Window 'Delete Assets' being destroyed
[2019.06.18-21.38.41:581][511]LogSlate: Window 'Delete Assets' being destroyed
[2019.06.18-21.40.58:590][952]LogFactory: FactoryCreateFile: StaticMesh with FbxFactory (0 0 ../../../../../../Users/u1243388/Desktop/Victor_Block.FBX)
[2019.06.18-21.40.58:745][952]LogFbx: Loading FBX Scene from ../../../../../../Users/u1243388/Desktop/Victor_Block.FBX
[2019.06.18-21.41.00:433][952]LogFbx: FBX Scene Loaded Succesfully
[2019.06.18-21.41.05:281][952]LogSlate: Window 'FBX Import Options' being destroyed
[2019.06.18-21.41.05:564][952]LogLinker: Can't find file '/Game/Victor/Wood1_normal'
[2019.06.18-21.41.05:564][952]LogLinker: Can't find file '/Game/Victor/Wood1_normal'
[2019.06.18-21.41.05:564][952]LogFbxMaterialImport: Warning: Unable to find Texture file E:/StudyDocument/2019Summer/Asset Pipeline/Wood Block/Texture/Wood1_normal.tga
[2019.06.18-21.41.05:573][952]LogMaterial: Display: Missing cached shader map for material zWB_2, compiling. 
[2019.06.18-21.41.05:613][952]LogLinker: Can't find file '/Game/Victor/Wood2_normal'
[2019.06.18-21.41.05:614][952]LogLinker: Can't find file '/Game/Victor/Wood2_normal'
[2019.06.18-21.41.05:614][952]LogFbxMaterialImport: Warning: Unable to find Texture file E:/StudyDocument/2019Summer/Asset Pipeline/Wood Block/Texture/Wood2_normal.tga
[2019.06.18-21.41.05:617][952]LogShaderCompilers: Display: Shaders left to compile 22
[2019.06.18-21.41.05:617][952]LogShaderCompilers: Display: Shaders left to compile 12
[2019.06.18-21.41.05:617][952]LogShaderCompilers: Display: Shaders left to compile 2
[2019.06.18-21.41.05:617][952]LogMaterial: Display: Missing cached shader map for material zWB_6, compiling. 
[2019.06.18-21.41.05:632][952]LogFbxMaterialImport: Warning: Unable to find Texture file E:/StudyDocument/2019Summer/Asset Pipeline/Wood Block/Texture/Wood1_normal.tga
[2019.06.18-21.41.05:636][952]LogMaterial: Display: Missing cached shader map for material zWB_4, compiling. 
[2019.06.18-21.41.05:652][952]LogShaderCompilers: Display: Shaders left to compile 22
[2019.06.18-21.41.05:658][952]LogFbxMaterialImport: Warning: Unable to find Texture file E:/StudyDocument/2019Summer/Asset Pipeline/Wood Block/Texture/Wood1_normal.tga
[2019.06.18-21.41.05:662][952]LogMaterial: Display: Missing cached shader map for material zWB_5, compiling. 
[2019.06.18-21.41.05:684][952]LogFbxMaterialImport: Warning: Unable to find Texture file E:/StudyDocument/2019Summer/Asset Pipeline/Wood Block/Texture/Wood1_normal.tga
[2019.06.18-21.41.05:691][952]LogMaterial: Display: Missing cached shader map for material zWB_3, compiling. 
[2019.06.18-21.41.05:714][952]LogFbxMaterialImport: Warning: Unable to find Texture file E:/StudyDocument/2019Summer/Asset Pipeline/Wood Block/Texture/Wood2_normal.tga
[2019.06.18-21.41.05:717][952]LogMaterial: Display: Missing cached shader map for material zWB_8, compiling. 
[2019.06.18-21.41.05:736][952]LogFbxMaterialImport: Warning: Unable to find Texture file E:/StudyDocument/2019Summer/Asset Pipeline/Wood Block/Texture/Wood1_normal.tga
[2019.06.18-21.41.05:739][952]LogMaterial: Display: Missing cached shader map for material Wood1_master_Inst1, compiling. 
[2019.06.18-21.41.05:753][952]LogFbxMaterialImport: Warning: Unable to find Texture file E:/StudyDocument/2019Summer/Asset Pipeline/Wood Block/Texture/Wood1_normal.tga
[2019.06.18-21.41.05:757][952]LogMaterial: Display: Missing cached shader map for material Wood1_master_Inst2, compiling. 
[2019.06.18-21.41.05:771][952]LogFbxMaterialImport: Warning: Unable to find Texture file E:/StudyDocument/2019Summer/Asset Pipeline/Wood Block/Texture/Wood2_normal.tga
[2019.06.18-21.41.05:774][952]LogMaterial: Display: Missing cached shader map for material Wood2_master_Inst1, compiling. 
[2019.06.18-21.41.05:795][952]LogFbxMaterialImport: Warning: Unable to find Texture file E:/StudyDocument/2019Summer/Asset Pipeline/Wood Block/Texture/Wood2_normal.tga
[2019.06.18-21.41.05:801][952]LogMaterial: Display: Missing cached shader map for material Wood2_master_Inst7, compiling. 
[2019.06.18-21.41.05:820][952]LogFbxMaterialImport: Warning: Unable to find Texture file E:/StudyDocument/2019Summer/Asset Pipeline/Wood Block/Texture/Wood2_normal.tga
[2019.06.18-21.41.05:825][952]LogMaterial: Display: Missing cached shader map for material Wood2_master_Inst, compiling. 
[2019.06.18-21.41.05:846][952]LogFbxMaterialImport: Warning: Unable to find Texture file E:/StudyDocument/2019Summer/Asset Pipeline/Wood Block/Texture/Wood2_normal.tga
[2019.06.18-21.41.05:851][952]LogMaterial: Display: Missing cached shader map for material Wood2_master_Inst3, compiling. 
[2019.06.18-21.41.05:872][952]LogFbxMaterialImport: Warning: Unable to find Texture file E:/StudyDocument/2019Summer/Asset Pipeline/Wood Block/Texture/Wood1_normal.tga
[2019.06.18-21.41.05:878][952]LogMaterial: Display: Missing cached shader map for material Wood1_master_Inst3, compiling. 
[2019.06.18-21.41.05:898][952]LogFbxMaterialImport: Warning: Unable to find Texture file E:/StudyDocument/2019Summer/Asset Pipeline/Wood Block/Texture/Wood2_normal.tga
[2019.06.18-21.41.05:901][952]LogMaterial: Display: Missing cached shader map for material Wood2_master_Inst2, compiling. 
[2019.06.18-21.41.05:932][952]LogFbxMaterialImport: Warning: Unable to find Texture file E:/StudyDocument/2019Summer/Asset Pipeline/Wood Block/Texture/Wood1_normal.tga
[2019.06.18-21.41.05:939][952]LogMaterial: Display: Missing cached shader map for material Wood1_master_Inst4, compiling. 
[2019.06.18-21.41.05:960][952]LogFbxMaterialImport: Warning: Unable to find Texture file E:/StudyDocument/2019Summer/Asset Pipeline/Wood Block/Texture/Wood2_normal.tga
[2019.06.18-21.41.05:966][952]LogMaterial: Display: Missing cached shader map for material Wood2_master_Inst4, compiling. 
[2019.06.18-21.41.05:998][952]LogFbxMaterialImport: Warning: Unable to find Texture file E:/StudyDocument/2019Summer/Asset Pipeline/Wood Block/Texture/Wood2_normal.tga
[2019.06.18-21.41.06:004][952]LogMaterial: Display: Missing cached shader map for material Wood2_master_Inst6, compiling. 
[2019.06.18-21.41.06:027][952]LogFbxMaterialImport: Warning: Unable to find Texture file E:/StudyDocument/2019Summer/Asset Pipeline/Wood Block/Texture/Wood1_normal.tga
[2019.06.18-21.41.06:033][952]LogMaterial: Display: Missing cached shader map for material Wood1_master_Inst6, compiling. 
[2019.06.18-21.41.06:058][952]LogFbxMaterialImport: Warning: Unable to find Texture file E:/StudyDocument/2019Summer/Asset Pipeline/Wood Block/Texture/Wood1_normal.tga
[2019.06.18-21.41.06:062][952]LogMaterial: Display: Missing cached shader map for material Wood1_master_Inst5, compiling. 
[2019.06.18-21.41.06:081][952]LogFbxMaterialImport: Warning: Unable to find Texture file E:/StudyDocument/2019Summer/Asset Pipeline/Wood Block/Texture/Wood2_normal.tga
[2019.06.18-21.41.06:085][952]LogMaterial: Display: Missing cached shader map for material Wood2_master_Inst5, compiling. 
[2019.06.18-21.41.06:109][952]LogFbxMaterialImport: Warning: Unable to find Texture file E:/StudyDocument/2019Summer/Asset Pipeline/Wood Block/Texture/Wood1_normal.tga
[2019.06.18-21.41.06:114][952]LogMaterial: Display: Missing cached shader map for material Wood1_master_Inst7, compiling. 
[2019.06.18-21.41.06:137][952]LogFbxMaterialImport: Warning: Unable to find Texture file E:/StudyDocument/2019Summer/Asset Pipeline/Wood Block/Texture/Wood2_normal.tga
[2019.06.18-21.41.06:143][952]LogMaterial: Display: Missing cached shader map for material Wood2_master_Inst8, compiling. 
[2019.06.18-21.41.06:161][952]LogShaderCompilers: Display: Shaders left to compile 430
[2019.06.18-21.41.06:167][952]LogFbxMaterialImport: Warning: Unable to find Texture file E:/StudyDocument/2019Summer/Asset Pipeline/Wood Block/Texture/Wood1_normal.tga
[2019.06.18-21.41.06:171][952]LogMaterial: Display: Missing cached shader map for material Wood1_master_Inst8, compiling. 
[2019.06.18-21.41.06:201][952]LogFbxMaterialImport: Warning: Unable to find Texture file E:/StudyDocument/2019Summer/Asset Pipeline/Wood Block/Texture/Wood1_normal.tga
[2019.06.18-21.41.06:208][952]LogMaterial: Display: Missing cached shader map for material Wood1_master_Inst9, compiling. 
[2019.06.18-21.41.06:232][952]LogFbxMaterialImport: Warning: Unable to find Texture file E:/StudyDocument/2019Summer/Asset Pipeline/Wood Block/Texture/Wood1_normal.tga
[2019.06.18-21.41.06:237][952]LogMaterial: Display: Missing cached shader map for material Wood1_master_Inst10, compiling. 
[2019.06.18-21.41.06:255][952]LogFbxMaterialImport: Warning: Unable to find Texture file E:/StudyDocument/2019Summer/Asset Pipeline/Wood Block/Texture/Wood2_normal.tga
[2019.06.18-21.41.06:261][952]LogMaterial: Display: Missing cached shader map for material Wood2_master_Inst9, compiling. 
[2019.06.18-21.41.06:281][952]LogFbxMaterialImport: Warning: Unable to find Texture file E:/StudyDocument/2019Summer/Asset Pipeline/Wood Block/Texture/Wood2_normal.tga
[2019.06.18-21.41.06:285][952]LogMaterial: Display: Missing cached shader map for material Wood2_master_Inst10, compiling. 
[2019.06.18-21.41.06:310][952]LogFbxMaterialImport: Warning: Unable to find Texture file E:/StudyDocument/2019Summer/Asset Pipeline/Wood Block/Texture/Wood1_normal.tga
[2019.06.18-21.41.06:315][952]LogMaterial: Display: Missing cached shader map for material Wood1_master, compiling. 
[2019.06.18-21.41.06:339][952]LogFbx: Warning: Triangulating mesh UCX_SM_MERGED_1BaseBlock for collision model
[2019.06.18-21.41.22:352][952]LogShaderCompilers: Display: Shaders left to compile 574
[2019.06.18-21.41.22:352][952]LogShaderCompilers: Display: Shaders left to compile 564
[2019.06.18-21.41.22:352][952]LogShaderCompilers: Display: Shaders left to compile 554
[2019.06.18-21.41.22:352][952]LogShaderCompilers: Display: Shaders left to compile 544
[2019.06.18-21.41.22:352][952]LogShaderCompilers: Display: Shaders left to compile 534
[2019.06.18-21.41.22:352][952]LogShaderCompilers: Display: Shaders left to compile 524
[2019.06.18-21.41.22:352][952]LogShaderCompilers: Display: Shaders left to compile 514
[2019.06.18-21.41.22:352][952]LogShaderCompilers: Display: Shaders left to compile 504
[2019.06.18-21.41.22:352][952]LogShaderCompilers: Display: Shaders left to compile 494
[2019.06.18-21.41.22:352][952]LogShaderCompilers: Display: Shaders left to compile 484
[2019.06.18-21.41.22:352][952]LogShaderCompilers: Display: Shaders left to compile 474
[2019.06.18-21.41.22:352][952]LogShaderCompilers: Display: Shaders left to compile 464
[2019.06.18-21.41.22:352][952]LogShaderCompilers: Display: Shaders left to compile 454
[2019.06.18-21.41.22:352][952]LogShaderCompilers: Display: Shaders left to compile 444
[2019.06.18-21.41.22:352][952]LogShaderCompilers: Display: Shaders left to compile 434
[2019.06.18-21.41.22:352][952]LogShaderCompilers: Display: Shaders left to compile 424
[2019.06.18-21.41.22:352][952]LogShaderCompilers: Display: Shaders left to compile 414
[2019.06.18-21.41.22:352][952]LogShaderCompilers: Display: Shaders left to compile 404
[2019.06.18-21.41.22:352][952]LogShaderCompilers: Display: Shaders left to compile 394
[2019.06.18-21.41.22:352][952]LogShaderCompilers: Display: Shaders left to compile 384
[2019.06.18-21.41.22:352][952]LogShaderCompilers: Display: Shaders left to compile 374
[2019.06.18-21.41.22:352][952]LogShaderCompilers: Display: Shaders left to compile 364
[2019.06.18-21.41.22:352][952]LogShaderCompilers: Display: Shaders left to compile 354
[2019.06.18-21.41.22:352][952]LogShaderCompilers: Display: Shaders left to compile 344
[2019.06.18-21.41.22:352][952]LogShaderCompilers: Display: Shaders left to compile 334
[2019.06.18-21.41.22:352][952]LogShaderCompilers: Display: Shaders left to compile 324
[2019.06.18-21.41.22:352][952]LogShaderCompilers: Display: Shaders left to compile 314
[2019.06.18-21.41.22:352][952]LogShaderCompilers: Display: Shaders left to compile 304
[2019.06.18-21.41.22:352][952]LogShaderCompilers: Display: Shaders left to compile 294
[2019.06.18-21.41.22:352][952]LogShaderCompilers: Display: Shaders left to compile 284
[2019.06.18-21.41.32:046][952]LogShaderCompilers: Display: Shaders left to compile 274
[2019.06.18-21.41.32:046][952]LogShaderCompilers: Display: Shaders left to compile 264
[2019.06.18-21.41.32:046][952]LogShaderCompilers: Display: Shaders left to compile 254
[2019.06.18-21.41.32:046][952]LogShaderCompilers: Display: Shaders left to compile 244
[2019.06.18-21.41.32:046][952]LogShaderCompilers: Display: Shaders left to compile 234
[2019.06.18-21.41.32:046][952]LogShaderCompilers: Display: Shaders left to compile 224
[2019.06.18-21.41.32:046][952]LogShaderCompilers: Display: Shaders left to compile 214
[2019.06.18-21.41.32:046][952]LogShaderCompilers: Display: Shaders left to compile 204
[2019.06.18-21.41.32:046][952]LogShaderCompilers: Display: Shaders left to compile 194
[2019.06.18-21.41.32:046][952]LogShaderCompilers: Display: Shaders left to compile 184
[2019.06.18-21.41.32:046][952]LogShaderCompilers: Display: Shaders left to compile 174
[2019.06.18-21.41.32:046][952]LogShaderCompilers: Display: Shaders left to compile 164
[2019.06.18-21.41.32:046][952]LogShaderCompilers: Display: Shaders left to compile 154
[2019.06.18-21.41.32:046][952]LogShaderCompilers: Display: Shaders left to compile 144
[2019.06.18-21.41.32:046][952]LogShaderCompilers: Display: Shaders left to compile 134
[2019.06.18-21.41.32:046][952]LogShaderCompilers: Display: Shaders left to compile 124
[2019.06.18-21.41.32:046][952]LogShaderCompilers: Display: Shaders left to compile 114
[2019.06.18-21.41.32:046][952]LogShaderCompilers: Display: Shaders left to compile 104
[2019.06.18-21.41.32:046][952]LogStaticMesh: Building static mesh Victor_Block...
[2019.06.18-21.41.48:043][952]LogShaderCompilers: Display: Shaders left to compile 94
[2019.06.18-21.41.48:043][952]LogShaderCompilers: Display: Shaders left to compile 84
[2019.06.18-21.41.48:043][952]LogShaderCompilers: Display: Shaders left to compile 74
[2019.06.18-21.41.48:043][952]LogShaderCompilers: Display: Shaders left to compile 64
[2019.06.18-21.41.48:043][952]LogShaderCompilers: Display: Shaders left to compile 54
[2019.06.18-21.41.48:043][952]LogShaderCompilers: Display: Shaders left to compile 44
[2019.06.18-21.41.48:043][952]LogShaderCompilers: Display: Shaders left to compile 34
[2019.06.18-21.41.48:043][952]LogShaderCompilers: Display: Shaders left to compile 24
[2019.06.18-21.41.48:043][952]LogShaderCompilers: Display: Shaders left to compile 14
[2019.06.18-21.41.48:043][952]LogShaderCompilers: Display: Shaders left to compile 4
[2019.06.18-21.41.48:043][952]LogStaticMesh: Built static mesh [16.00s] /Game/Victor/Victor_Block.Victor_Block
[2019.06.18-21.41.55:007][952]LogStaticMesh: Warning: Victor_Block has degenerate tangent bases which will result in incorrect shading.  MikkTSpace relies on tangent bases and may result in mesh corruption, consider disabling this option.
[2019.06.18-21.41.55:007][952]LogStaticMesh: Warning: Victor_Block has some nearly zero tangents which can create some issues. (Tolerance of 1E-4)
[2019.06.18-21.41.55:007][952]LogStaticMesh: Warning: Victor_Block has some nearly zero bi-normals which can create some issues. (Tolerance of 1E-4)
[2019.06.18-21.41.55:086][952]FBXImport: Warning: No smoothing group information was found in this FBX scene.  Please make sure to enable the 'Export Smoothing Groups' option in the FBX Exporter plug-in before exporting the file.  Even for tools that don't support smoothing groups, the FBX Exporter will generate appropriate smoothing data at export-time so that correct vertex normals can be inferred while importing. 
[2019.06.18-21.41.55:087][952]FBXImport: Warning: Victor_Block has degenerate tangent bases which will result in incorrect shading.  MikkTSpace relies on tangent bases and may result in mesh corruption, consider disabling this option. 
[2019.06.18-21.41.55:087][952]FBXImport: Warning: Victor_Block has some nearly zero tangents which can create some issues. (Tolerance of 1E-4) 
[2019.06.18-21.41.55:087][952]FBXImport: Warning: Victor_Block has some nearly zero bi-normals which can create some issues. (Tolerance of 1E-4) 
[2019.06.18-21.42.04:466][ 88]LogSlate: Window 'Message Log' being destroyed
[2019.06.18-21.42.04:470][ 88]LogSlate: Window 'Message Log' being destroyed
[2019.06.18-21.42.08:735][494]Cmd: OBJ SAVEPACKAGE PACKAGE="/Game/Victor/zWB_6" FILE="../../../../../../Users/u1243388/Documents/GitHub/SummerAssetPipe/BaseBlock/BaseCityBlock/Content/Victor/zWB_6.uasset" SILENT=true
[2019.06.18-21.42.08:750][494]LogSavePackage: Moving '../../../../../../Users/u1243388/Documents/GitHub/SummerAssetPipe/BaseBlock/BaseCityBlock/Saved/zWB_6264997244750E50FAD2D5B9DA2FF9589.tmp' to '../../../../../../Users/u1243388/Documents/GitHub/SummerAssetPipe/BaseBlock/BaseCityBlock/Content/Victor/zWB_6.uasset'
[2019.06.18-21.42.08:780][494]Cmd: OBJ SAVEPACKAGE PACKAGE="/Game/Victor/zWB_4" FILE="../../../../../../Users/u1243388/Documents/GitHub/SummerAssetPipe/BaseBlock/BaseCityBlock/Content/Victor/zWB_4.uasset" SILENT=true
[2019.06.18-21.42.08:793][494]LogSavePackage: Moving '../../../../../../Users/u1243388/Documents/GitHub/SummerAssetPipe/BaseBlock/BaseCityBlock/Saved/zWB_4E4D8592442F938468E53E7B9ECBBDAA8.tmp' to '../../../../../../Users/u1243388/Documents/GitHub/SummerAssetPipe/BaseBlock/BaseCityBlock/Content/Victor/zWB_4.uasset'
[2019.06.18-21.42.08:819][494]Cmd: OBJ SAVEPACKAGE PACKAGE="/Game/Victor/zWB_5" FILE="../../../../../../Users/u1243388/Documents/GitHub/SummerAssetPipe/BaseBlock/BaseCityBlock/Content/Victor/zWB_5.uasset" SILENT=true
[2019.06.18-21.42.08:854][494]LogSavePackage: Moving '../../../../../../Users/u1243388/Documents/GitHub/SummerAssetPipe/BaseBlock/BaseCityBlock/Saved/zWB_5EF850F4141D2C3A4524F53AA14AEC1BD.tmp' to '../../../../../../Users/u1243388/Documents/GitHub/SummerAssetPipe/BaseBlock/BaseCityBlock/Content/Victor/zWB_5.uasset'
[2019.06.18-21.42.08:883][494]Cmd: OBJ SAVEPACKAGE PACKAGE="/Game/Victor/zWB_3" FILE="../../../../../../Users/u1243388/Documents/GitHub/SummerAssetPipe/BaseBlock/BaseCityBlock/Content/Victor/zWB_3.uasset" SILENT=true
[2019.06.18-21.42.08:896][494]LogSavePackage: Moving '../../../../../../Users/u1243388/Documents/GitHub/SummerAssetPipe/BaseBlock/BaseCityBlock/Saved/zWB_39B6D5AA947CD416A0C00E881B3F12C57.tmp' to '../../../../../../Users/u1243388/Documents/GitHub/SummerAssetPipe/BaseBlock/BaseCityBlock/Content/Victor/zWB_3.uasset'
[2019.06.18-21.42.08:924][494]Cmd: OBJ SAVEPACKAGE PACKAGE="/Game/Victor/zWB_8" FILE="../../../../../../Users/u1243388/Documents/GitHub/SummerAssetPipe/BaseBlock/BaseCityBlock/Content/Victor/zWB_8.uasset" SILENT=true
[2019.06.18-21.42.08:937][494]LogSavePackage: Moving '../../../../../../Users/u1243388/Documents/GitHub/SummerAssetPipe/BaseBlock/BaseCityBlock/Saved/zWB_8E63C9304409C51D0AF384ABDCCA4424E.tmp' to '../../../../../../Users/u1243388/Documents/GitHub/SummerAssetPipe/BaseBlock/BaseCityBlock/Content/Victor/zWB_8.uasset'
[2019.06.18-21.42.08:979][494]LogSavePackage: Moving '../../../../../../Users/u1243388/Documents/GitHub/SummerAssetPipe/BaseBlock/BaseCityBlock/Saved/Wood1_master_Inst121ACA60047D0B57CB131189DA3E5E6D4.tmp' to '../../../../../../Users/u1243388/Documents/GitHub/SummerAssetPipe/BaseBlock/BaseCityBlock/Content/Victor/Wood1_master_Inst1.uasset'
[2019.06.18-21.42.09:020][494]LogSavePackage: Moving '../../../../../../Users/u1243388/Documents/GitHub/SummerAssetPipe/BaseBlock/BaseCityBlock/Saved/Wood1_master_Inst24ED6DF894B9346C7BEB1708A2A9A1305.tmp' to '../../../../../../Users/u1243388/Documents/GitHub/SummerAssetPipe/BaseBlock/BaseCityBlock/Content/Victor/Wood1_master_Inst2.uasset'
[2019.06.18-21.42.09:060][494]LogSavePackage: Moving '../../../../../../Users/u1243388/Documents/GitHub/SummerAssetPipe/BaseBlock/BaseCityBlock/Saved/Wood2_master_Inst15EA2E96C412C19B1200AECA374806B66.tmp' to '../../../../../../Users/u1243388/Documents/GitHub/SummerAssetPipe/BaseBlock/BaseCityBlock/Content/Victor/Wood2_master_Inst1.uasset'
[2019.06.18-21.42.09:100][494]LogSavePackage: Moving '../../../../../../Users/u1243388/Documents/GitHub/SummerAssetPipe/BaseBlock/BaseCityBlock/Saved/Wood2_master_Inst7F816186144EA4BF875B7F387B7E27877.tmp' to '../../../../../../Users/u1243388/Documents/GitHub/SummerAssetPipe/BaseBlock/BaseCityBlock/Content/Victor/Wood2_master_Inst7.uasset'
[2019.06.18-21.42.09:140][494]LogSavePackage: Moving '../../../../../../Users/u1243388/Documents/GitHub/SummerAssetPipe/BaseBlock/BaseCityBlock/Saved/Wood2_master_InstBEDC85BC4650F4957EE6C89F6614ECDE.tmp' to '../../../../../../Users/u1243388/Documents/GitHub/SummerAssetPipe/BaseBlock/BaseCityBlock/Content/Victor/Wood2_master_Inst.uasset'
[2019.06.18-21.42.09:180][494]LogSavePackage: Moving '../../../../../../Users/u1243388/Documents/GitHub/SummerAssetPipe/BaseBlock/BaseCityBlock/Saved/Wood2_master_Inst3111A91974CAF23B17EC0C99D39B26D36.tmp' to '../../../../../../Users/u1243388/Documents/GitHub/SummerAssetPipe/BaseBlock/BaseCityBlock/Content/Victor/Wood2_master_Inst3.uasset'
[2019.06.18-21.42.09:219][494]LogSavePackage: Moving '../../../../../../Users/u1243388/Documents/GitHub/SummerAssetPipe/BaseBlock/BaseCityBlock/Saved/Wood1_master_Inst35A0E2CB34BBFDDB89F5BAF966988C161.tmp' to '../../../../../../Users/u1243388/Documents/GitHub/SummerAssetPipe/BaseBlock/BaseCityBlock/Content/Victor/Wood1_master_Inst3.uasset'
[2019.06.18-21.42.09:259][494]LogSavePackage: Moving '../../../../../../Users/u1243388/Documents/GitHub/SummerAssetPipe/BaseBlock/BaseCityBlock/Saved/Wood2_master_Inst28B320D6F41257645C85D99900412DB9A.tmp' to '../../../../../../Users/u1243388/Documents/GitHub/SummerAssetPipe/BaseBlock/BaseCityBlock/Content/Victor/Wood2_master_Inst2.uasset'
[2019.06.18-21.42.09:301][494]LogSavePackage: Moving '../../../../../../Users/u1243388/Documents/GitHub/SummerAssetPipe/BaseBlock/BaseCityBlock/Saved/Wood1_master_Inst430A784F64E701A6BDC012AB86B03D79D.tmp' to '../../../../../../Users/u1243388/Documents/GitHub/SummerAssetPipe/BaseBlock/BaseCityBlock/Content/Victor/Wood1_master_Inst4.uasset'
[2019.06.18-21.42.09:341][494]LogSavePackage: Moving '../../../../../../Users/u1243388/Documents/GitHub/SummerAssetPipe/BaseBlock/BaseCityBlock/Saved/Wood2_master_Inst43E9866DB44A50E009748E49D2FD0D172.tmp' to '../../../../../../Users/u1243388/Documents/GitHub/SummerAssetPipe/BaseBlock/BaseCityBlock/Content/Victor/Wood2_master_Inst4.uasset'
[2019.06.18-21.42.09:381][494]LogSavePackage: Moving '../../../../../../Users/u1243388/Documents/GitHub/SummerAssetPipe/BaseBlock/BaseCityBlock/Saved/Wood2_master_Inst6577263F44BF4FBC30A5641B8A78D32B5.tmp' to '../../../../../../Users/u1243388/Documents/GitHub/SummerAssetPipe/BaseBlock/BaseCityBlock/Content/Victor/Wood2_master_Inst6.uasset'
[2019.06.18-21.42.09:423][494]LogSavePackage: Moving '../../../../../../Users/u1243388/Documents/GitHub/SummerAssetPipe/BaseBlock/BaseCityBlock/Saved/Wood1_master_Inst6F76EBFDB487053E536C4F4A5487C65CF.tmp' to '../../../../../../Users/u1243388/Documents/GitHub/SummerAssetPipe/BaseBlock/BaseCityBlock/Content/Victor/Wood1_master_Inst6.uasset'
[2019.06.18-21.42.09:464][494]LogSavePackage: Moving '../../../../../../Users/u1243388/Documents/GitHub/SummerAssetPipe/BaseBlock/BaseCityBlock/Saved/Wood1_master_Inst53888269F42B0447ECB2630B2815D4871.tmp' to '../../../../../../Users/u1243388/Documents/GitHub/SummerAssetPipe/BaseBlock/BaseCityBlock/Content/Victor/Wood1_master_Inst5.uasset'
[2019.06.18-21.42.09:506][494]LogSavePackage: Moving '../../../../../../Users/u1243388/Documents/GitHub/SummerAssetPipe/BaseBlock/BaseCityBlock/Saved/Wood2_master_Inst527C069974C7321FB40A30CB621C19654.tmp' to '../../../../../../Users/u1243388/Documents/GitHub/SummerAssetPipe/BaseBlock/BaseCityBlock/Content/Victor/Wood2_master_Inst5.uasset'
[2019.06.18-21.42.09:546][494]LogSavePackage: Moving '../../../../../../Users/u1243388/Documents/GitHub/SummerAssetPipe/BaseBlock/BaseCityBlock/Saved/Wood1_master_Inst7F5A9E936404FA95EFE8D99B775360C36.tmp' to '../../../../../../Users/u1243388/Documents/GitHub/SummerAssetPipe/BaseBlock/BaseCityBlock/Content/Victor/Wood1_master_Inst7.uasset'
[2019.06.18-21.42.09:586][494]LogSavePackage: Moving '../../../../../../Users/u1243388/Documents/GitHub/SummerAssetPipe/BaseBlock/BaseCityBlock/Saved/Wood2_master_Inst8B93611D4417AB715F3604097C9D0A075.tmp' to '../../../../../../Users/u1243388/Documents/GitHub/SummerAssetPipe/BaseBlock/BaseCityBlock/Content/Victor/Wood2_master_Inst8.uasset'
[2019.06.18-21.42.09:628][494]LogSavePackage: Moving '../../../../../../Users/u1243388/Documents/GitHub/SummerAssetPipe/BaseBlock/BaseCityBlock/Saved/Wood1_master_Inst804660AFB4ECB24A3675A639EA643C3CD.tmp' to '../../../../../../Users/u1243388/Documents/GitHub/SummerAssetPipe/BaseBlock/BaseCityBlock/Content/Victor/Wood1_master_Inst8.uasset'
[2019.06.18-21.42.09:670][494]LogSavePackage: Moving '../../../../../../Users/u1243388/Documents/GitHub/SummerAssetPipe/BaseBlock/BaseCityBlock/Saved/Wood1_master_Inst9626A5AC0433C083B2058798BF1095A0D.tmp' to '../../../../../../Users/u1243388/Documents/GitHub/SummerAssetPipe/BaseBlock/BaseCityBlock/Content/Victor/Wood1_master_Inst9.uasset'
[2019.06.18-21.42.09:710][494]LogSavePackage: Moving '../../../../../../Users/u1243388/Documents/GitHub/SummerAssetPipe/BaseBlock/BaseCityBlock/Saved/Wood1_master_Inst104917C33C4869CEF57DD00F9D916EE49E.tmp' to '../../../../../../Users/u1243388/Documents/GitHub/SummerAssetPipe/BaseBlock/BaseCityBlock/Content/Victor/Wood1_master_Inst10.uasset'
[2019.06.18-21.42.09:753][494]LogSavePackage: Moving '../../../../../../Users/u1243388/Documents/GitHub/SummerAssetPipe/BaseBlock/BaseCityBlock/Saved/Wood2_master_Inst980BDF529427EE2A81FFC4FBFB82EDA3D.tmp' to '../../../../../../Users/u1243388/Documents/GitHub/SummerAssetPipe/BaseBlock/BaseCityBlock/Content/Victor/Wood2_master_Inst9.uasset'
[2019.06.18-21.42.09:793][494]LogSavePackage: Moving '../../../../../../Users/u1243388/Documents/GitHub/SummerAssetPipe/BaseBlock/BaseCityBlock/Saved/Wood2_master_Inst108BBDB18947AF083CC7FEB0AEE2DA979B.tmp' to '../../../../../../Users/u1243388/Documents/GitHub/SummerAssetPipe/BaseBlock/BaseCityBlock/Content/Victor/Wood2_master_Inst10.uasset'
[2019.06.18-21.42.09:819][494]Cmd: OBJ SAVEPACKAGE PACKAGE="/Game/Victor/Wood1_master" FILE="../../../../../../Users/u1243388/Documents/GitHub/SummerAssetPipe/BaseBlock/BaseCityBlock/Content/Victor/Wood1_master.uasset" SILENT=true
[2019.06.18-21.42.09:832][494]LogSavePackage: Moving '../../../../../../Users/u1243388/Documents/GitHub/SummerAssetPipe/BaseBlock/BaseCityBlock/Saved/Wood1_master0B57E78C45D986CC8E5C24A2C8406CCA.tmp' to '../../../../../../Users/u1243388/Documents/GitHub/SummerAssetPipe/BaseBlock/BaseCityBlock/Content/Victor/Wood1_master.uasset'
[2019.06.18-21.42.09:866][494]Cmd: OBJ SAVEPACKAGE PACKAGE="/Game/Victor/Victor_Block" FILE="../../../../../../Users/u1243388/Documents/GitHub/SummerAssetPipe/BaseBlock/BaseCityBlock/Content/Victor/Victor_Block.uasset" SILENT=true
[2019.06.18-21.42.10:903][494]LogSavePackage: Moving '../../../../../../Users/u1243388/Documents/GitHub/SummerAssetPipe/BaseBlock/BaseCityBlock/Saved/Victor_Block10EFD31C4B9414366DA430833908F02D.tmp' to '../../../../../../Users/u1243388/Documents/GitHub/SummerAssetPipe/BaseBlock/BaseCityBlock/Content/Victor/Victor_Block.uasset'
[2019.06.18-21.42.10:937][494]Cmd: OBJ SAVEPACKAGE PACKAGE="/Game/Victor/zWB_2" FILE="../../../../../../Users/u1243388/Documents/GitHub/SummerAssetPipe/BaseBlock/BaseCityBlock/Content/Victor/zWB_2.uasset" SILENT=true
[2019.06.18-21.42.10:951][494]LogSavePackage: Moving '../../../../../../Users/u1243388/Documents/GitHub/SummerAssetPipe/BaseBlock/BaseCityBlock/Saved/zWB_2B0156A0A4C33B58F2854D6A3F016ACF1.tmp' to '../../../../../../Users/u1243388/Documents/GitHub/SummerAssetPipe/BaseBlock/BaseCityBlock/Content/Victor/zWB_2.uasset'
[2019.06.18-21.42.33:846][715]LogUnrealEdMisc: Warning: Heartbeat event firing too frequently (31.226 sec). This should never happen. Something is wrong with the timer delegate!
[2019.06.18-21.43.18:959][789]LogAssetEditorManager: Opening Asset editor for StaticMesh /Game/Victor/Victor_Block.Victor_Block
[2019.06.18-21.44.39:255][280]LogSlate: FSceneViewport::OnFocusLost() reason 2
[2019.06.18-21.44.49:103][565]LogSlate: Window 'Delete Assets' being destroyed
[2019.06.18-21.44.49:109][565]LogSlate: Window 'Victor_Block' being destroyed
[2019.06.18-21.48.47:646][566]LogUnrealEdMisc: Warning: Heartbeat event firing too frequently (0.000 sec). This should never happen. Something is wrong with the timer delegate!
[2019.06.18-21.48.47:646][566]LogUnrealEdMisc: Warning: Heartbeat event firing too frequently (0.000 sec). This should never happen. Something is wrong with the timer delegate!
[2019.06.18-21.48.47:646][566]LogUnrealEdMisc: Warning: Heartbeat event firing too frequently (0.000 sec). This should never happen. Something is wrong with the timer delegate!
[2019.06.18-21.49.08:860][747]LogFileHelpers: Editor autosave (incl. sublevels) for '/Temp/Untitled_1' took 0.020
[2019.06.18-21.49.33:969][822]LogUnrealEdMisc: Warning: Heartbeat event firing too frequently (46.322 sec). This should never happen. Something is wrong with the timer delegate!
